ARM GAS  C:\Users\datpt\AppData\Local\Temp\ccCbGpMu.s 			page 1


   1              		.cpu cortex-m4
   2              		.arch armv7e-m
   3              		.fpu fpv4-sp-d16
   4              		.eabi_attribute 27, 1
   5              		.eabi_attribute 28, 1
   6              		.eabi_attribute 20, 1
   7              		.eabi_attribute 21, 1
   8              		.eabi_attribute 23, 3
   9              		.eabi_attribute 24, 1
  10              		.eabi_attribute 25, 1
  11              		.eabi_attribute 26, 1
  12              		.eabi_attribute 30, 1
  13              		.eabi_attribute 34, 1
  14              		.eabi_attribute 18, 4
  15              		.file	"gpio.c"
  16              		.text
  17              	.Ltext0:
  18              		.cfi_sections	.debug_frame
  19              		.file 1 "Core/Src/gpio.c"
  20              		.section	.text.MX_GPIO_Init,"ax",%progbits
  21              		.align	1
  22              		.global	MX_GPIO_Init
  23              		.syntax unified
  24              		.thumb
  25              		.thumb_func
  27              	MX_GPIO_Init:
  28              	.LFB134:
   1:Core/Src/gpio.c **** /* USER CODE BEGIN Header */
   2:Core/Src/gpio.c **** /**
   3:Core/Src/gpio.c ****   ******************************************************************************
   4:Core/Src/gpio.c ****   * @file    gpio.c
   5:Core/Src/gpio.c ****   * @brief   This file provides code for the configuration
   6:Core/Src/gpio.c ****   *          of all used GPIO pins.
   7:Core/Src/gpio.c ****   ******************************************************************************
   8:Core/Src/gpio.c ****   * @attention
   9:Core/Src/gpio.c ****   *
  10:Core/Src/gpio.c ****   * Copyright (c) 2025 STMicroelectronics.
  11:Core/Src/gpio.c ****   * All rights reserved.
  12:Core/Src/gpio.c ****   *
  13:Core/Src/gpio.c ****   * This software is licensed under terms that can be found in the LICENSE file
  14:Core/Src/gpio.c ****   * in the root directory of this software component.
  15:Core/Src/gpio.c ****   * If no LICENSE file comes with this software, it is provided AS-IS.
  16:Core/Src/gpio.c ****   *
  17:Core/Src/gpio.c ****   ******************************************************************************
  18:Core/Src/gpio.c ****   */
  19:Core/Src/gpio.c **** /* USER CODE END Header */
  20:Core/Src/gpio.c **** 
  21:Core/Src/gpio.c **** /* Includes ------------------------------------------------------------------*/
  22:Core/Src/gpio.c **** #include "gpio.h"
  23:Core/Src/gpio.c **** 
  24:Core/Src/gpio.c **** /* USER CODE BEGIN 0 */
  25:Core/Src/gpio.c **** 
  26:Core/Src/gpio.c **** /* USER CODE END 0 */
  27:Core/Src/gpio.c **** 
  28:Core/Src/gpio.c **** /*----------------------------------------------------------------------------*/
  29:Core/Src/gpio.c **** /* Configure GPIO                                                             */
  30:Core/Src/gpio.c **** /*----------------------------------------------------------------------------*/
ARM GAS  C:\Users\datpt\AppData\Local\Temp\ccCbGpMu.s 			page 2


  31:Core/Src/gpio.c **** /* USER CODE BEGIN 1 */
  32:Core/Src/gpio.c **** 
  33:Core/Src/gpio.c **** /* USER CODE END 1 */
  34:Core/Src/gpio.c **** 
  35:Core/Src/gpio.c **** /** Configure pins as
  36:Core/Src/gpio.c ****         * Analog
  37:Core/Src/gpio.c ****         * Input
  38:Core/Src/gpio.c ****         * Output
  39:Core/Src/gpio.c ****         * EVENT_OUT
  40:Core/Src/gpio.c ****         * EXTI
  41:Core/Src/gpio.c **** */
  42:Core/Src/gpio.c **** void MX_GPIO_Init(void)
  43:Core/Src/gpio.c **** {
  29              		.loc 1 43 1 view -0
  30              		.cfi_startproc
  31              		@ args = 0, pretend = 0, frame = 32
  32              		@ frame_needed = 0, uses_anonymous_args = 0
  33 0000 00B5     		push	{lr}
  34              		.cfi_def_cfa_offset 4
  35              		.cfi_offset 14, -4
  36 0002 89B0     		sub	sp, sp, #36
  37              		.cfi_def_cfa_offset 40
  44:Core/Src/gpio.c **** 
  45:Core/Src/gpio.c ****   GPIO_InitTypeDef GPIO_InitStruct = {0};
  38              		.loc 1 45 3 view .LVU1
  39              		.loc 1 45 20 is_stmt 0 view .LVU2
  40 0004 0022     		movs	r2, #0
  41 0006 0392     		str	r2, [sp, #12]
  42 0008 0492     		str	r2, [sp, #16]
  43 000a 0592     		str	r2, [sp, #20]
  44 000c 0692     		str	r2, [sp, #24]
  45 000e 0792     		str	r2, [sp, #28]
  46:Core/Src/gpio.c **** 
  47:Core/Src/gpio.c ****   /* GPIO Ports Clock Enable */
  48:Core/Src/gpio.c ****   __HAL_RCC_GPIOH_CLK_ENABLE();
  46              		.loc 1 48 3 is_stmt 1 view .LVU3
  47              	.LBB2:
  48              		.loc 1 48 3 view .LVU4
  49 0010 0092     		str	r2, [sp]
  50              		.loc 1 48 3 view .LVU5
  51 0012 154B     		ldr	r3, .L3
  52 0014 196B     		ldr	r1, [r3, #48]
  53 0016 41F08001 		orr	r1, r1, #128
  54 001a 1963     		str	r1, [r3, #48]
  55              		.loc 1 48 3 view .LVU6
  56 001c 196B     		ldr	r1, [r3, #48]
  57 001e 01F08001 		and	r1, r1, #128
  58 0022 0091     		str	r1, [sp]
  59              		.loc 1 48 3 view .LVU7
  60 0024 0099     		ldr	r1, [sp]
  61              	.LBE2:
  62              		.loc 1 48 3 view .LVU8
  49:Core/Src/gpio.c ****   __HAL_RCC_GPIOD_CLK_ENABLE();
  63              		.loc 1 49 3 view .LVU9
  64              	.LBB3:
  65              		.loc 1 49 3 view .LVU10
  66 0026 0192     		str	r2, [sp, #4]
ARM GAS  C:\Users\datpt\AppData\Local\Temp\ccCbGpMu.s 			page 3


  67              		.loc 1 49 3 view .LVU11
  68 0028 196B     		ldr	r1, [r3, #48]
  69 002a 41F00801 		orr	r1, r1, #8
  70 002e 1963     		str	r1, [r3, #48]
  71              		.loc 1 49 3 view .LVU12
  72 0030 196B     		ldr	r1, [r3, #48]
  73 0032 01F00801 		and	r1, r1, #8
  74 0036 0191     		str	r1, [sp, #4]
  75              		.loc 1 49 3 view .LVU13
  76 0038 0199     		ldr	r1, [sp, #4]
  77              	.LBE3:
  78              		.loc 1 49 3 view .LVU14
  50:Core/Src/gpio.c ****   __HAL_RCC_GPIOA_CLK_ENABLE();
  79              		.loc 1 50 3 view .LVU15
  80              	.LBB4:
  81              		.loc 1 50 3 view .LVU16
  82 003a 0292     		str	r2, [sp, #8]
  83              		.loc 1 50 3 view .LVU17
  84 003c 1A6B     		ldr	r2, [r3, #48]
  85 003e 42F00102 		orr	r2, r2, #1
  86 0042 1A63     		str	r2, [r3, #48]
  87              		.loc 1 50 3 view .LVU18
  88 0044 1B6B     		ldr	r3, [r3, #48]
  89 0046 03F00103 		and	r3, r3, #1
  90 004a 0293     		str	r3, [sp, #8]
  91              		.loc 1 50 3 view .LVU19
  92 004c 029B     		ldr	r3, [sp, #8]
  93              	.LBE4:
  94              		.loc 1 50 3 view .LVU20
  51:Core/Src/gpio.c **** 
  52:Core/Src/gpio.c ****   /*Configure GPIO pin : PD12 */
  53:Core/Src/gpio.c ****   GPIO_InitStruct.Pin = GPIO_PIN_12;
  95              		.loc 1 53 3 view .LVU21
  96              		.loc 1 53 23 is_stmt 0 view .LVU22
  97 004e 4FF48053 		mov	r3, #4096
  98 0052 0393     		str	r3, [sp, #12]
  54:Core/Src/gpio.c ****   GPIO_InitStruct.Mode = GPIO_MODE_IT_RISING;
  99              		.loc 1 54 3 is_stmt 1 view .LVU23
 100              		.loc 1 54 24 is_stmt 0 view .LVU24
 101 0054 4FF48813 		mov	r3, #1114112
 102 0058 0493     		str	r3, [sp, #16]
  55:Core/Src/gpio.c ****   GPIO_InitStruct.Pull = GPIO_NOPULL;
 103              		.loc 1 55 3 is_stmt 1 view .LVU25
  56:Core/Src/gpio.c ****   HAL_GPIO_Init(GPIOD, &GPIO_InitStruct);
 104              		.loc 1 56 3 view .LVU26
 105 005a 03A9     		add	r1, sp, #12
 106 005c 0348     		ldr	r0, .L3+4
 107 005e FFF7FEFF 		bl	HAL_GPIO_Init
 108              	.LVL0:
  57:Core/Src/gpio.c **** 
  58:Core/Src/gpio.c **** }
 109              		.loc 1 58 1 is_stmt 0 view .LVU27
 110 0062 09B0     		add	sp, sp, #36
 111              		.cfi_def_cfa_offset 4
 112              		@ sp needed
 113 0064 5DF804FB 		ldr	pc, [sp], #4
 114              	.L4:
ARM GAS  C:\Users\datpt\AppData\Local\Temp\ccCbGpMu.s 			page 4


 115              		.align	2
 116              	.L3:
 117 0068 00380240 		.word	1073887232
 118 006c 000C0240 		.word	1073875968
 119              		.cfi_endproc
 120              	.LFE134:
 122              		.text
 123              	.Letext0:
 124              		.file 2 "C:\\ST\\STM32CubeCLT_1.18.0\\GNU-tools-for-STM32\\bin\\../lib/gcc/arm-none-eabi/13.3.1/..
 125              		.file 3 "C:\\ST\\STM32CubeCLT_1.18.0\\GNU-tools-for-STM32\\bin\\../lib/gcc/arm-none-eabi/13.3.1/..
 126              		.file 4 "Drivers/CMSIS/Device/ST/STM32F4xx/Include/stm32f407xx.h"
 127              		.file 5 "Drivers/STM32F4xx_HAL_Driver/Inc/stm32f4xx_hal_gpio.h"
ARM GAS  C:\Users\datpt\AppData\Local\Temp\ccCbGpMu.s 			page 5


DEFINED SYMBOLS
                            *ABS*:00000000 gpio.c
C:\Users\datpt\AppData\Local\Temp\ccCbGpMu.s:21     .text.MX_GPIO_Init:00000000 $t
C:\Users\datpt\AppData\Local\Temp\ccCbGpMu.s:27     .text.MX_GPIO_Init:00000000 MX_GPIO_Init
C:\Users\datpt\AppData\Local\Temp\ccCbGpMu.s:117    .text.MX_GPIO_Init:00000068 $d

UNDEFINED SYMBOLS
HAL_GPIO_Init
