ARM GAS  C:\Users\datpt\AppData\Local\Temp\ccBtJHNn.s 			page 1


   1              		.cpu cortex-m3
   2              		.arch armv7-m
   3              		.fpu softvfp
   4              		.eabi_attribute 20, 1
   5              		.eabi_attribute 21, 1
   6              		.eabi_attribute 23, 3
   7              		.eabi_attribute 24, 1
   8              		.eabi_attribute 25, 1
   9              		.eabi_attribute 26, 1
  10              		.eabi_attribute 30, 1
  11              		.eabi_attribute 34, 1
  12              		.eabi_attribute 18, 4
  13              		.file	"stm32f1xx_hal_msp.c"
  14              		.text
  15              	.Ltext0:
  16              		.cfi_sections	.debug_frame
  17              		.file 1 "Core/Src/stm32f1xx_hal_msp.c"
  18              		.section	.text.HAL_MspInit,"ax",%progbits
  19              		.align	1
  20              		.global	HAL_MspInit
  21              		.syntax unified
  22              		.thumb
  23              		.thumb_func
  25              	HAL_MspInit:
  26              	.LFB65:
   1:Core/Src/stm32f1xx_hal_msp.c **** /* USER CODE BEGIN Header */
   2:Core/Src/stm32f1xx_hal_msp.c **** /**
   3:Core/Src/stm32f1xx_hal_msp.c ****   ******************************************************************************
   4:Core/Src/stm32f1xx_hal_msp.c ****   * @file         stm32f1xx_hal_msp.c
   5:Core/Src/stm32f1xx_hal_msp.c ****   * @brief        This file provides code for the MSP Initialization
   6:Core/Src/stm32f1xx_hal_msp.c ****   *               and de-Initialization codes.
   7:Core/Src/stm32f1xx_hal_msp.c ****   ******************************************************************************
   8:Core/Src/stm32f1xx_hal_msp.c ****   * @attention
   9:Core/Src/stm32f1xx_hal_msp.c ****   *
  10:Core/Src/stm32f1xx_hal_msp.c ****   * Copyright (c) 2025 STMicroelectronics.
  11:Core/Src/stm32f1xx_hal_msp.c ****   * All rights reserved.
  12:Core/Src/stm32f1xx_hal_msp.c ****   *
  13:Core/Src/stm32f1xx_hal_msp.c ****   * This software is licensed under terms that can be found in the LICENSE file
  14:Core/Src/stm32f1xx_hal_msp.c ****   * in the root directory of this software component.
  15:Core/Src/stm32f1xx_hal_msp.c ****   * If no LICENSE file comes with this software, it is provided AS-IS.
  16:Core/Src/stm32f1xx_hal_msp.c ****   *
  17:Core/Src/stm32f1xx_hal_msp.c ****   ******************************************************************************
  18:Core/Src/stm32f1xx_hal_msp.c ****   */
  19:Core/Src/stm32f1xx_hal_msp.c **** /* USER CODE END Header */
  20:Core/Src/stm32f1xx_hal_msp.c **** 
  21:Core/Src/stm32f1xx_hal_msp.c **** /* Includes ------------------------------------------------------------------*/
  22:Core/Src/stm32f1xx_hal_msp.c **** #include "main.h"
  23:Core/Src/stm32f1xx_hal_msp.c **** /* USER CODE BEGIN Includes */
  24:Core/Src/stm32f1xx_hal_msp.c **** 
  25:Core/Src/stm32f1xx_hal_msp.c **** /* USER CODE END Includes */
  26:Core/Src/stm32f1xx_hal_msp.c **** 
  27:Core/Src/stm32f1xx_hal_msp.c **** /* Private typedef -----------------------------------------------------------*/
  28:Core/Src/stm32f1xx_hal_msp.c **** /* USER CODE BEGIN TD */
  29:Core/Src/stm32f1xx_hal_msp.c **** 
  30:Core/Src/stm32f1xx_hal_msp.c **** /* USER CODE END TD */
  31:Core/Src/stm32f1xx_hal_msp.c **** 
  32:Core/Src/stm32f1xx_hal_msp.c **** /* Private define ------------------------------------------------------------*/
ARM GAS  C:\Users\datpt\AppData\Local\Temp\ccBtJHNn.s 			page 2


  33:Core/Src/stm32f1xx_hal_msp.c **** /* USER CODE BEGIN Define */
  34:Core/Src/stm32f1xx_hal_msp.c **** 
  35:Core/Src/stm32f1xx_hal_msp.c **** /* USER CODE END Define */
  36:Core/Src/stm32f1xx_hal_msp.c **** 
  37:Core/Src/stm32f1xx_hal_msp.c **** /* Private macro -------------------------------------------------------------*/
  38:Core/Src/stm32f1xx_hal_msp.c **** /* USER CODE BEGIN Macro */
  39:Core/Src/stm32f1xx_hal_msp.c **** 
  40:Core/Src/stm32f1xx_hal_msp.c **** /* USER CODE END Macro */
  41:Core/Src/stm32f1xx_hal_msp.c **** 
  42:Core/Src/stm32f1xx_hal_msp.c **** /* Private variables ---------------------------------------------------------*/
  43:Core/Src/stm32f1xx_hal_msp.c **** /* USER CODE BEGIN PV */
  44:Core/Src/stm32f1xx_hal_msp.c **** 
  45:Core/Src/stm32f1xx_hal_msp.c **** /* USER CODE END PV */
  46:Core/Src/stm32f1xx_hal_msp.c **** 
  47:Core/Src/stm32f1xx_hal_msp.c **** /* Private function prototypes -----------------------------------------------*/
  48:Core/Src/stm32f1xx_hal_msp.c **** /* USER CODE BEGIN PFP */
  49:Core/Src/stm32f1xx_hal_msp.c **** 
  50:Core/Src/stm32f1xx_hal_msp.c **** /* USER CODE END PFP */
  51:Core/Src/stm32f1xx_hal_msp.c **** 
  52:Core/Src/stm32f1xx_hal_msp.c **** /* External functions --------------------------------------------------------*/
  53:Core/Src/stm32f1xx_hal_msp.c **** /* USER CODE BEGIN ExternalFunctions */
  54:Core/Src/stm32f1xx_hal_msp.c **** 
  55:Core/Src/stm32f1xx_hal_msp.c **** /* USER CODE END ExternalFunctions */
  56:Core/Src/stm32f1xx_hal_msp.c **** 
  57:Core/Src/stm32f1xx_hal_msp.c **** /* USER CODE BEGIN 0 */
  58:Core/Src/stm32f1xx_hal_msp.c **** 
  59:Core/Src/stm32f1xx_hal_msp.c **** /* USER CODE END 0 */
  60:Core/Src/stm32f1xx_hal_msp.c **** /**
  61:Core/Src/stm32f1xx_hal_msp.c ****   * Initializes the Global MSP.
  62:Core/Src/stm32f1xx_hal_msp.c ****   */
  63:Core/Src/stm32f1xx_hal_msp.c **** void HAL_MspInit(void)
  64:Core/Src/stm32f1xx_hal_msp.c **** {
  27              		.loc 1 64 1 view -0
  28              		.cfi_startproc
  29              		@ args = 0, pretend = 0, frame = 8
  30              		@ frame_needed = 0, uses_anonymous_args = 0
  31 0000 00B5     		push	{lr}
  32              		.cfi_def_cfa_offset 4
  33              		.cfi_offset 14, -4
  34 0002 83B0     		sub	sp, sp, #12
  35              		.cfi_def_cfa_offset 16
  65:Core/Src/stm32f1xx_hal_msp.c **** 
  66:Core/Src/stm32f1xx_hal_msp.c ****   /* USER CODE BEGIN MspInit 0 */
  67:Core/Src/stm32f1xx_hal_msp.c **** 
  68:Core/Src/stm32f1xx_hal_msp.c ****   /* USER CODE END MspInit 0 */
  69:Core/Src/stm32f1xx_hal_msp.c **** 
  70:Core/Src/stm32f1xx_hal_msp.c ****   __HAL_RCC_AFIO_CLK_ENABLE();
  36              		.loc 1 70 3 view .LVU1
  37              	.LBB2:
  38              		.loc 1 70 3 view .LVU2
  39              		.loc 1 70 3 view .LVU3
  40 0004 114B     		ldr	r3, .L3
  41 0006 9A69     		ldr	r2, [r3, #24]
  42 0008 42F00102 		orr	r2, r2, #1
  43 000c 9A61     		str	r2, [r3, #24]
  44              		.loc 1 70 3 view .LVU4
  45 000e 9A69     		ldr	r2, [r3, #24]
ARM GAS  C:\Users\datpt\AppData\Local\Temp\ccBtJHNn.s 			page 3


  46 0010 02F00102 		and	r2, r2, #1
  47 0014 0092     		str	r2, [sp]
  48              		.loc 1 70 3 view .LVU5
  49 0016 009A     		ldr	r2, [sp]
  50              	.LBE2:
  51              		.loc 1 70 3 view .LVU6
  71:Core/Src/stm32f1xx_hal_msp.c ****   __HAL_RCC_PWR_CLK_ENABLE();
  52              		.loc 1 71 3 view .LVU7
  53              	.LBB3:
  54              		.loc 1 71 3 view .LVU8
  55              		.loc 1 71 3 view .LVU9
  56 0018 DA69     		ldr	r2, [r3, #28]
  57 001a 42F08052 		orr	r2, r2, #268435456
  58 001e DA61     		str	r2, [r3, #28]
  59              		.loc 1 71 3 view .LVU10
  60 0020 DB69     		ldr	r3, [r3, #28]
  61 0022 03F08053 		and	r3, r3, #268435456
  62 0026 0193     		str	r3, [sp, #4]
  63              		.loc 1 71 3 view .LVU11
  64 0028 019B     		ldr	r3, [sp, #4]
  65              	.LBE3:
  66              		.loc 1 71 3 view .LVU12
  72:Core/Src/stm32f1xx_hal_msp.c **** 
  73:Core/Src/stm32f1xx_hal_msp.c ****   /* System interrupt init*/
  74:Core/Src/stm32f1xx_hal_msp.c ****   /* PendSV_IRQn interrupt configuration */
  75:Core/Src/stm32f1xx_hal_msp.c ****   HAL_NVIC_SetPriority(PendSV_IRQn, 15, 0);
  67              		.loc 1 75 3 view .LVU13
  68 002a 0022     		movs	r2, #0
  69 002c 0F21     		movs	r1, #15
  70 002e 6FF00100 		mvn	r0, #1
  71 0032 FFF7FEFF 		bl	HAL_NVIC_SetPriority
  72              	.LVL0:
  76:Core/Src/stm32f1xx_hal_msp.c **** 
  77:Core/Src/stm32f1xx_hal_msp.c ****   /** NOJTAG: JTAG-DP Disabled and SW-DP Enabled
  78:Core/Src/stm32f1xx_hal_msp.c ****   */
  79:Core/Src/stm32f1xx_hal_msp.c ****   __HAL_AFIO_REMAP_SWJ_NOJTAG();
  73              		.loc 1 79 3 view .LVU14
  74              	.LBB4:
  75              		.loc 1 79 3 view .LVU15
  76 0036 064A     		ldr	r2, .L3+4
  77 0038 5368     		ldr	r3, [r2, #4]
  78              	.LVL1:
  79              		.loc 1 79 3 view .LVU16
  80 003a 23F0E063 		bic	r3, r3, #117440512
  81              	.LVL2:
  82              		.loc 1 79 3 view .LVU17
  83 003e 43F00073 		orr	r3, r3, #33554432
  84              	.LVL3:
  85              		.loc 1 79 3 view .LVU18
  86 0042 5360     		str	r3, [r2, #4]
  87              	.LBE4:
  88              		.loc 1 79 3 view .LVU19
  80:Core/Src/stm32f1xx_hal_msp.c **** 
  81:Core/Src/stm32f1xx_hal_msp.c ****   /* USER CODE BEGIN MspInit 1 */
  82:Core/Src/stm32f1xx_hal_msp.c **** 
  83:Core/Src/stm32f1xx_hal_msp.c ****   /* USER CODE END MspInit 1 */
  84:Core/Src/stm32f1xx_hal_msp.c **** }
ARM GAS  C:\Users\datpt\AppData\Local\Temp\ccBtJHNn.s 			page 4


  89              		.loc 1 84 1 is_stmt 0 view .LVU20
  90 0044 03B0     		add	sp, sp, #12
  91              		.cfi_def_cfa_offset 4
  92              		@ sp needed
  93 0046 5DF804FB 		ldr	pc, [sp], #4
  94              	.L4:
  95 004a 00BF     		.align	2
  96              	.L3:
  97 004c 00100240 		.word	1073876992
  98 0050 00000140 		.word	1073807360
  99              		.cfi_endproc
 100              	.LFE65:
 102              		.text
 103              	.Letext0:
 104              		.file 2 "Drivers/CMSIS/Device/ST/STM32F1xx/Include/stm32f103xb.h"
 105              		.file 3 "C:\\ST\\STM32CubeCLT_1.18.0\\GNU-tools-for-STM32\\bin\\../lib/gcc/arm-none-eabi/13.3.1/..
 106              		.file 4 "C:\\ST\\STM32CubeCLT_1.18.0\\GNU-tools-for-STM32\\bin\\../lib/gcc/arm-none-eabi/13.3.1/..
 107              		.file 5 "Drivers/STM32F1xx_HAL_Driver/Inc/stm32f1xx_hal_cortex.h"
ARM GAS  C:\Users\datpt\AppData\Local\Temp\ccBtJHNn.s 			page 5


DEFINED SYMBOLS
                            *ABS*:00000000 stm32f1xx_hal_msp.c
C:\Users\datpt\AppData\Local\Temp\ccBtJHNn.s:19     .text.HAL_MspInit:00000000 $t
C:\Users\datpt\AppData\Local\Temp\ccBtJHNn.s:25     .text.HAL_MspInit:00000000 HAL_MspInit
C:\Users\datpt\AppData\Local\Temp\ccBtJHNn.s:97     .text.HAL_MspInit:0000004c $d

UNDEFINED SYMBOLS
HAL_NVIC_SetPriority
