ARM GAS  C:\Users\datpt\AppData\Local\Temp\ccvFOIMH.s 			page 1


   1              		.cpu cortex-m3
   2              		.arch armv7-m
   3              		.fpu softvfp
   4              		.eabi_attribute 20, 1
   5              		.eabi_attribute 21, 1
   6              		.eabi_attribute 23, 3
   7              		.eabi_attribute 24, 1
   8              		.eabi_attribute 25, 1
   9              		.eabi_attribute 26, 1
  10              		.eabi_attribute 30, 1
  11              		.eabi_attribute 34, 1
  12              		.eabi_attribute 18, 4
  13              		.file	"main.c"
  14              		.text
  15              	.Ltext0:
  16              		.cfi_sections	.debug_frame
  17              		.file 1 "Core/Src/main.c"
  18              		.section	.text.Error_Handler,"ax",%progbits
  19              		.align	1
  20              		.global	Error_Handler
  21              		.syntax unified
  22              		.thumb
  23              		.thumb_func
  25              	Error_Handler:
  26              	.LFB67:
   1:Core/Src/main.c **** /* USER CODE BEGIN Header */
   2:Core/Src/main.c **** /**
   3:Core/Src/main.c ****   ******************************************************************************
   4:Core/Src/main.c ****   * @file           : main.c
   5:Core/Src/main.c ****   * @brief          : Main program body
   6:Core/Src/main.c ****   ******************************************************************************
   7:Core/Src/main.c ****   * @attention
   8:Core/Src/main.c ****   *
   9:Core/Src/main.c ****   * Copyright (c) 2025 STMicroelectronics.
  10:Core/Src/main.c ****   * All rights reserved.
  11:Core/Src/main.c ****   *
  12:Core/Src/main.c ****   * This software is licensed under terms that can be found in the LICENSE file
  13:Core/Src/main.c ****   * in the root directory of this software component.
  14:Core/Src/main.c ****   * If no LICENSE file comes with this software, it is provided AS-IS.
  15:Core/Src/main.c ****   *
  16:Core/Src/main.c ****   ******************************************************************************
  17:Core/Src/main.c ****   */
  18:Core/Src/main.c **** /* USER CODE END Header */
  19:Core/Src/main.c **** /* Includes ------------------------------------------------------------------*/
  20:Core/Src/main.c **** #include "main.h"
  21:Core/Src/main.c **** #include "adc.h"
  22:Core/Src/main.c **** #include "dma.h"
  23:Core/Src/main.c **** #include "gpio.h"
  24:Core/Src/main.c **** 
  25:Core/Src/main.c **** /* Private includes ----------------------------------------------------------*/
  26:Core/Src/main.c **** /* USER CODE BEGIN Includes */
  27:Core/Src/main.c **** 
  28:Core/Src/main.c **** /* USER CODE END Includes */
  29:Core/Src/main.c **** 
  30:Core/Src/main.c **** /* Private typedef -----------------------------------------------------------*/
  31:Core/Src/main.c **** /* USER CODE BEGIN PTD */
  32:Core/Src/main.c **** 
ARM GAS  C:\Users\datpt\AppData\Local\Temp\ccvFOIMH.s 			page 2


  33:Core/Src/main.c **** /* USER CODE END PTD */
  34:Core/Src/main.c **** 
  35:Core/Src/main.c **** /* Private define ------------------------------------------------------------*/
  36:Core/Src/main.c **** /* USER CODE BEGIN PD */
  37:Core/Src/main.c **** 
  38:Core/Src/main.c **** /* USER CODE END PD */
  39:Core/Src/main.c **** 
  40:Core/Src/main.c **** /* Private macro -------------------------------------------------------------*/
  41:Core/Src/main.c **** /* USER CODE BEGIN PM */
  42:Core/Src/main.c **** 
  43:Core/Src/main.c **** /* USER CODE END PM */
  44:Core/Src/main.c **** 
  45:Core/Src/main.c **** /* Private variables ---------------------------------------------------------*/
  46:Core/Src/main.c **** 
  47:Core/Src/main.c **** /* USER CODE BEGIN PV */
  48:Core/Src/main.c **** 
  49:Core/Src/main.c **** /* USER CODE END PV */
  50:Core/Src/main.c **** 
  51:Core/Src/main.c **** /* Private function prototypes -----------------------------------------------*/
  52:Core/Src/main.c **** void SystemClock_Config(void);
  53:Core/Src/main.c **** /* USER CODE BEGIN PFP */
  54:Core/Src/main.c **** 
  55:Core/Src/main.c **** /* USER CODE END PFP */
  56:Core/Src/main.c **** 
  57:Core/Src/main.c **** /* Private user code ---------------------------------------------------------*/
  58:Core/Src/main.c **** /* USER CODE BEGIN 0 */
  59:Core/Src/main.c **** uint16_t data[2];
  60:Core/Src/main.c **** /* USER CODE END 0 */
  61:Core/Src/main.c **** 
  62:Core/Src/main.c **** /**
  63:Core/Src/main.c ****   * @brief  The application entry point.
  64:Core/Src/main.c ****   * @retval int
  65:Core/Src/main.c ****   */
  66:Core/Src/main.c **** int main(void)
  67:Core/Src/main.c **** {
  68:Core/Src/main.c **** 
  69:Core/Src/main.c ****   /* USER CODE BEGIN 1 */
  70:Core/Src/main.c **** 
  71:Core/Src/main.c ****   /* USER CODE END 1 */
  72:Core/Src/main.c **** 
  73:Core/Src/main.c ****   /* MCU Configuration--------------------------------------------------------*/
  74:Core/Src/main.c **** 
  75:Core/Src/main.c ****   /* Reset of all peripherals, Initializes the Flash interface and the Systick. */
  76:Core/Src/main.c ****   HAL_Init();
  77:Core/Src/main.c **** 
  78:Core/Src/main.c ****   /* USER CODE BEGIN Init */
  79:Core/Src/main.c **** 
  80:Core/Src/main.c ****   /* USER CODE END Init */
  81:Core/Src/main.c **** 
  82:Core/Src/main.c ****   /* Configure the system clock */
  83:Core/Src/main.c ****   SystemClock_Config();
  84:Core/Src/main.c **** 
  85:Core/Src/main.c ****   /* USER CODE BEGIN SysInit */
  86:Core/Src/main.c **** 
  87:Core/Src/main.c ****   /* USER CODE END SysInit */
  88:Core/Src/main.c **** 
  89:Core/Src/main.c ****   /* Initialize all configured peripherals */
ARM GAS  C:\Users\datpt\AppData\Local\Temp\ccvFOIMH.s 			page 3


  90:Core/Src/main.c ****   MX_GPIO_Init();
  91:Core/Src/main.c ****   MX_DMA_Init();
  92:Core/Src/main.c ****   MX_ADC1_Init();
  93:Core/Src/main.c ****   HAL_ADC_Start_DMA(&hadc1, (uint32_t)data, 2);
  94:Core/Src/main.c ****   /* USER CODE BEGIN 2 */
  95:Core/Src/main.c ****   /* USER CODE END 2 */
  96:Core/Src/main.c **** 
  97:Core/Src/main.c ****   /* Infinite loop */
  98:Core/Src/main.c ****   /* USER CODE BEGIN WHILE */
  99:Core/Src/main.c ****   while (1)
 100:Core/Src/main.c ****   {
 101:Core/Src/main.c ****     /* USER CODE END WHILE */
 102:Core/Src/main.c **** 
 103:Core/Src/main.c ****     /* USER CODE BEGIN 3 */
 104:Core/Src/main.c ****   }
 105:Core/Src/main.c ****   /* USER CODE END 3 */
 106:Core/Src/main.c **** }
 107:Core/Src/main.c **** 
 108:Core/Src/main.c **** /**
 109:Core/Src/main.c ****   * @brief System Clock Configuration
 110:Core/Src/main.c ****   * @retval None
 111:Core/Src/main.c ****   */
 112:Core/Src/main.c **** void SystemClock_Config(void)
 113:Core/Src/main.c **** {
 114:Core/Src/main.c ****   RCC_OscInitTypeDef RCC_OscInitStruct = {0};
 115:Core/Src/main.c ****   RCC_ClkInitTypeDef RCC_ClkInitStruct = {0};
 116:Core/Src/main.c ****   RCC_PeriphCLKInitTypeDef PeriphClkInit = {0};
 117:Core/Src/main.c **** 
 118:Core/Src/main.c ****   /** Initializes the RCC Oscillators according to the specified parameters
 119:Core/Src/main.c ****   * in the RCC_OscInitTypeDef structure.
 120:Core/Src/main.c ****   */
 121:Core/Src/main.c ****   RCC_OscInitStruct.OscillatorType = RCC_OSCILLATORTYPE_HSE;
 122:Core/Src/main.c ****   RCC_OscInitStruct.HSEState = RCC_HSE_ON;
 123:Core/Src/main.c ****   RCC_OscInitStruct.HSEPredivValue = RCC_HSE_PREDIV_DIV1;
 124:Core/Src/main.c ****   RCC_OscInitStruct.HSIState = RCC_HSI_ON;
 125:Core/Src/main.c ****   RCC_OscInitStruct.PLL.PLLState = RCC_PLL_ON;
 126:Core/Src/main.c ****   RCC_OscInitStruct.PLL.PLLSource = RCC_PLLSOURCE_HSE;
 127:Core/Src/main.c ****   RCC_OscInitStruct.PLL.PLLMUL = RCC_PLL_MUL9;
 128:Core/Src/main.c ****   if (HAL_RCC_OscConfig(&RCC_OscInitStruct) != HAL_OK)
 129:Core/Src/main.c ****   {
 130:Core/Src/main.c ****     Error_Handler();
 131:Core/Src/main.c ****   }
 132:Core/Src/main.c **** 
 133:Core/Src/main.c ****   /** Initializes the CPU, AHB and APB buses clocks
 134:Core/Src/main.c ****   */
 135:Core/Src/main.c ****   RCC_ClkInitStruct.ClockType = RCC_CLOCKTYPE_HCLK|RCC_CLOCKTYPE_SYSCLK
 136:Core/Src/main.c ****                               |RCC_CLOCKTYPE_PCLK1|RCC_CLOCKTYPE_PCLK2;
 137:Core/Src/main.c ****   RCC_ClkInitStruct.SYSCLKSource = RCC_SYSCLKSOURCE_PLLCLK;
 138:Core/Src/main.c ****   RCC_ClkInitStruct.AHBCLKDivider = RCC_SYSCLK_DIV1;
 139:Core/Src/main.c ****   RCC_ClkInitStruct.APB1CLKDivider = RCC_HCLK_DIV2;
 140:Core/Src/main.c ****   RCC_ClkInitStruct.APB2CLKDivider = RCC_HCLK_DIV1;
 141:Core/Src/main.c **** 
 142:Core/Src/main.c ****   if (HAL_RCC_ClockConfig(&RCC_ClkInitStruct, FLASH_LATENCY_2) != HAL_OK)
 143:Core/Src/main.c ****   {
 144:Core/Src/main.c ****     Error_Handler();
 145:Core/Src/main.c ****   }
 146:Core/Src/main.c ****   PeriphClkInit.PeriphClockSelection = RCC_PERIPHCLK_ADC;
ARM GAS  C:\Users\datpt\AppData\Local\Temp\ccvFOIMH.s 			page 4


 147:Core/Src/main.c ****   PeriphClkInit.AdcClockSelection = RCC_ADCPCLK2_DIV6;
 148:Core/Src/main.c ****   if (HAL_RCCEx_PeriphCLKConfig(&PeriphClkInit) != HAL_OK)
 149:Core/Src/main.c ****   {
 150:Core/Src/main.c ****     Error_Handler();
 151:Core/Src/main.c ****   }
 152:Core/Src/main.c **** }
 153:Core/Src/main.c **** 
 154:Core/Src/main.c **** /* USER CODE BEGIN 4 */
 155:Core/Src/main.c **** 
 156:Core/Src/main.c **** /* USER CODE END 4 */
 157:Core/Src/main.c **** 
 158:Core/Src/main.c **** /**
 159:Core/Src/main.c ****   * @brief  This function is executed in case of error occurrence.
 160:Core/Src/main.c ****   * @retval None
 161:Core/Src/main.c ****   */
 162:Core/Src/main.c **** void Error_Handler(void)
 163:Core/Src/main.c **** {
  27              		.loc 1 163 1 view -0
  28              		.cfi_startproc
  29              		@ Volatile: function does not return.
  30              		@ args = 0, pretend = 0, frame = 0
  31              		@ frame_needed = 0, uses_anonymous_args = 0
  32              		@ link register save eliminated.
 164:Core/Src/main.c ****   /* USER CODE BEGIN Error_Handler_Debug */
 165:Core/Src/main.c ****   /* User can add his own implementation to report the HAL error return state */
 166:Core/Src/main.c ****   __disable_irq();
  33              		.loc 1 166 3 view .LVU1
  34              	.LBB4:
  35              	.LBI4:
  36              		.file 2 "Drivers/CMSIS/Include/cmsis_gcc.h"
   1:Drivers/CMSIS/Include/cmsis_gcc.h **** /**************************************************************************//**
   2:Drivers/CMSIS/Include/cmsis_gcc.h ****  * @file     cmsis_gcc.h
   3:Drivers/CMSIS/Include/cmsis_gcc.h ****  * @brief    CMSIS compiler GCC header file
   4:Drivers/CMSIS/Include/cmsis_gcc.h ****  * @version  V5.0.4
   5:Drivers/CMSIS/Include/cmsis_gcc.h ****  * @date     09. April 2018
   6:Drivers/CMSIS/Include/cmsis_gcc.h ****  ******************************************************************************/
   7:Drivers/CMSIS/Include/cmsis_gcc.h **** /*
   8:Drivers/CMSIS/Include/cmsis_gcc.h ****  * Copyright (c) 2009-2018 Arm Limited. All rights reserved.
   9:Drivers/CMSIS/Include/cmsis_gcc.h ****  *
  10:Drivers/CMSIS/Include/cmsis_gcc.h ****  * SPDX-License-Identifier: Apache-2.0
  11:Drivers/CMSIS/Include/cmsis_gcc.h ****  *
  12:Drivers/CMSIS/Include/cmsis_gcc.h ****  * Licensed under the Apache License, Version 2.0 (the License); you may
  13:Drivers/CMSIS/Include/cmsis_gcc.h ****  * not use this file except in compliance with the License.
  14:Drivers/CMSIS/Include/cmsis_gcc.h ****  * You may obtain a copy of the License at
  15:Drivers/CMSIS/Include/cmsis_gcc.h ****  *
  16:Drivers/CMSIS/Include/cmsis_gcc.h ****  * www.apache.org/licenses/LICENSE-2.0
  17:Drivers/CMSIS/Include/cmsis_gcc.h ****  *
  18:Drivers/CMSIS/Include/cmsis_gcc.h ****  * Unless required by applicable law or agreed to in writing, software
  19:Drivers/CMSIS/Include/cmsis_gcc.h ****  * distributed under the License is distributed on an AS IS BASIS, WITHOUT
  20:Drivers/CMSIS/Include/cmsis_gcc.h ****  * WARRANTIES OR CONDITIONS OF ANY KIND, either express or implied.
  21:Drivers/CMSIS/Include/cmsis_gcc.h ****  * See the License for the specific language governing permissions and
  22:Drivers/CMSIS/Include/cmsis_gcc.h ****  * limitations under the License.
  23:Drivers/CMSIS/Include/cmsis_gcc.h ****  */
  24:Drivers/CMSIS/Include/cmsis_gcc.h **** 
  25:Drivers/CMSIS/Include/cmsis_gcc.h **** #ifndef __CMSIS_GCC_H
  26:Drivers/CMSIS/Include/cmsis_gcc.h **** #define __CMSIS_GCC_H
  27:Drivers/CMSIS/Include/cmsis_gcc.h **** 
ARM GAS  C:\Users\datpt\AppData\Local\Temp\ccvFOIMH.s 			page 5


  28:Drivers/CMSIS/Include/cmsis_gcc.h **** /* ignore some GCC warnings */
  29:Drivers/CMSIS/Include/cmsis_gcc.h **** #pragma GCC diagnostic push
  30:Drivers/CMSIS/Include/cmsis_gcc.h **** #pragma GCC diagnostic ignored "-Wsign-conversion"
  31:Drivers/CMSIS/Include/cmsis_gcc.h **** #pragma GCC diagnostic ignored "-Wconversion"
  32:Drivers/CMSIS/Include/cmsis_gcc.h **** #pragma GCC diagnostic ignored "-Wunused-parameter"
  33:Drivers/CMSIS/Include/cmsis_gcc.h **** 
  34:Drivers/CMSIS/Include/cmsis_gcc.h **** /* Fallback for __has_builtin */
  35:Drivers/CMSIS/Include/cmsis_gcc.h **** #ifndef __has_builtin
  36:Drivers/CMSIS/Include/cmsis_gcc.h ****   #define __has_builtin(x) (0)
  37:Drivers/CMSIS/Include/cmsis_gcc.h **** #endif
  38:Drivers/CMSIS/Include/cmsis_gcc.h **** 
  39:Drivers/CMSIS/Include/cmsis_gcc.h **** /* CMSIS compiler specific defines */
  40:Drivers/CMSIS/Include/cmsis_gcc.h **** #ifndef   __ASM
  41:Drivers/CMSIS/Include/cmsis_gcc.h ****   #define __ASM                                  __asm
  42:Drivers/CMSIS/Include/cmsis_gcc.h **** #endif
  43:Drivers/CMSIS/Include/cmsis_gcc.h **** #ifndef   __INLINE
  44:Drivers/CMSIS/Include/cmsis_gcc.h ****   #define __INLINE                               inline
  45:Drivers/CMSIS/Include/cmsis_gcc.h **** #endif
  46:Drivers/CMSIS/Include/cmsis_gcc.h **** #ifndef   __STATIC_INLINE
  47:Drivers/CMSIS/Include/cmsis_gcc.h ****   #define __STATIC_INLINE                        static inline
  48:Drivers/CMSIS/Include/cmsis_gcc.h **** #endif
  49:Drivers/CMSIS/Include/cmsis_gcc.h **** #ifndef   __STATIC_FORCEINLINE                 
  50:Drivers/CMSIS/Include/cmsis_gcc.h ****   #define __STATIC_FORCEINLINE                   __attribute__((always_inline)) static inline
  51:Drivers/CMSIS/Include/cmsis_gcc.h **** #endif                                           
  52:Drivers/CMSIS/Include/cmsis_gcc.h **** #ifndef   __NO_RETURN
  53:Drivers/CMSIS/Include/cmsis_gcc.h ****   #define __NO_RETURN                            __attribute__((__noreturn__))
  54:Drivers/CMSIS/Include/cmsis_gcc.h **** #endif
  55:Drivers/CMSIS/Include/cmsis_gcc.h **** #ifndef   __USED
  56:Drivers/CMSIS/Include/cmsis_gcc.h ****   #define __USED                                 __attribute__((used))
  57:Drivers/CMSIS/Include/cmsis_gcc.h **** #endif
  58:Drivers/CMSIS/Include/cmsis_gcc.h **** #ifndef   __WEAK
  59:Drivers/CMSIS/Include/cmsis_gcc.h ****   #define __WEAK                                 __attribute__((weak))
  60:Drivers/CMSIS/Include/cmsis_gcc.h **** #endif
  61:Drivers/CMSIS/Include/cmsis_gcc.h **** #ifndef   __PACKED
  62:Drivers/CMSIS/Include/cmsis_gcc.h ****   #define __PACKED                               __attribute__((packed, aligned(1)))
  63:Drivers/CMSIS/Include/cmsis_gcc.h **** #endif
  64:Drivers/CMSIS/Include/cmsis_gcc.h **** #ifndef   __PACKED_STRUCT
  65:Drivers/CMSIS/Include/cmsis_gcc.h ****   #define __PACKED_STRUCT                        struct __attribute__((packed, aligned(1)))
  66:Drivers/CMSIS/Include/cmsis_gcc.h **** #endif
  67:Drivers/CMSIS/Include/cmsis_gcc.h **** #ifndef   __PACKED_UNION
  68:Drivers/CMSIS/Include/cmsis_gcc.h ****   #define __PACKED_UNION                         union __attribute__((packed, aligned(1)))
  69:Drivers/CMSIS/Include/cmsis_gcc.h **** #endif
  70:Drivers/CMSIS/Include/cmsis_gcc.h **** #ifndef   __UNALIGNED_UINT32        /* deprecated */
  71:Drivers/CMSIS/Include/cmsis_gcc.h ****   #pragma GCC diagnostic push
  72:Drivers/CMSIS/Include/cmsis_gcc.h ****   #pragma GCC diagnostic ignored "-Wpacked"
  73:Drivers/CMSIS/Include/cmsis_gcc.h ****   #pragma GCC diagnostic ignored "-Wattributes"
  74:Drivers/CMSIS/Include/cmsis_gcc.h ****   struct __attribute__((packed)) T_UINT32 { uint32_t v; };
  75:Drivers/CMSIS/Include/cmsis_gcc.h ****   #pragma GCC diagnostic pop
  76:Drivers/CMSIS/Include/cmsis_gcc.h ****   #define __UNALIGNED_UINT32(x)                  (((struct T_UINT32 *)(x))->v)
  77:Drivers/CMSIS/Include/cmsis_gcc.h **** #endif
  78:Drivers/CMSIS/Include/cmsis_gcc.h **** #ifndef   __UNALIGNED_UINT16_WRITE
  79:Drivers/CMSIS/Include/cmsis_gcc.h ****   #pragma GCC diagnostic push
  80:Drivers/CMSIS/Include/cmsis_gcc.h ****   #pragma GCC diagnostic ignored "-Wpacked"
  81:Drivers/CMSIS/Include/cmsis_gcc.h ****   #pragma GCC diagnostic ignored "-Wattributes"
  82:Drivers/CMSIS/Include/cmsis_gcc.h ****   __PACKED_STRUCT T_UINT16_WRITE { uint16_t v; };
  83:Drivers/CMSIS/Include/cmsis_gcc.h ****   #pragma GCC diagnostic pop
  84:Drivers/CMSIS/Include/cmsis_gcc.h ****   #define __UNALIGNED_UINT16_WRITE(addr, val)    (void)((((struct T_UINT16_WRITE *)(void *)(addr))-
ARM GAS  C:\Users\datpt\AppData\Local\Temp\ccvFOIMH.s 			page 6


  85:Drivers/CMSIS/Include/cmsis_gcc.h **** #endif
  86:Drivers/CMSIS/Include/cmsis_gcc.h **** #ifndef   __UNALIGNED_UINT16_READ
  87:Drivers/CMSIS/Include/cmsis_gcc.h ****   #pragma GCC diagnostic push
  88:Drivers/CMSIS/Include/cmsis_gcc.h ****   #pragma GCC diagnostic ignored "-Wpacked"
  89:Drivers/CMSIS/Include/cmsis_gcc.h ****   #pragma GCC diagnostic ignored "-Wattributes"
  90:Drivers/CMSIS/Include/cmsis_gcc.h ****   __PACKED_STRUCT T_UINT16_READ { uint16_t v; };
  91:Drivers/CMSIS/Include/cmsis_gcc.h ****   #pragma GCC diagnostic pop
  92:Drivers/CMSIS/Include/cmsis_gcc.h ****   #define __UNALIGNED_UINT16_READ(addr)          (((const struct T_UINT16_READ *)(const void *)(add
  93:Drivers/CMSIS/Include/cmsis_gcc.h **** #endif
  94:Drivers/CMSIS/Include/cmsis_gcc.h **** #ifndef   __UNALIGNED_UINT32_WRITE
  95:Drivers/CMSIS/Include/cmsis_gcc.h ****   #pragma GCC diagnostic push
  96:Drivers/CMSIS/Include/cmsis_gcc.h ****   #pragma GCC diagnostic ignored "-Wpacked"
  97:Drivers/CMSIS/Include/cmsis_gcc.h ****   #pragma GCC diagnostic ignored "-Wattributes"
  98:Drivers/CMSIS/Include/cmsis_gcc.h ****   __PACKED_STRUCT T_UINT32_WRITE { uint32_t v; };
  99:Drivers/CMSIS/Include/cmsis_gcc.h ****   #pragma GCC diagnostic pop
 100:Drivers/CMSIS/Include/cmsis_gcc.h ****   #define __UNALIGNED_UINT32_WRITE(addr, val)    (void)((((struct T_UINT32_WRITE *)(void *)(addr))-
 101:Drivers/CMSIS/Include/cmsis_gcc.h **** #endif
 102:Drivers/CMSIS/Include/cmsis_gcc.h **** #ifndef   __UNALIGNED_UINT32_READ
 103:Drivers/CMSIS/Include/cmsis_gcc.h ****   #pragma GCC diagnostic push
 104:Drivers/CMSIS/Include/cmsis_gcc.h ****   #pragma GCC diagnostic ignored "-Wpacked"
 105:Drivers/CMSIS/Include/cmsis_gcc.h ****   #pragma GCC diagnostic ignored "-Wattributes"
 106:Drivers/CMSIS/Include/cmsis_gcc.h ****   __PACKED_STRUCT T_UINT32_READ { uint32_t v; };
 107:Drivers/CMSIS/Include/cmsis_gcc.h ****   #pragma GCC diagnostic pop
 108:Drivers/CMSIS/Include/cmsis_gcc.h ****   #define __UNALIGNED_UINT32_READ(addr)          (((const struct T_UINT32_READ *)(const void *)(add
 109:Drivers/CMSIS/Include/cmsis_gcc.h **** #endif
 110:Drivers/CMSIS/Include/cmsis_gcc.h **** #ifndef   __ALIGNED
 111:Drivers/CMSIS/Include/cmsis_gcc.h ****   #define __ALIGNED(x)                           __attribute__((aligned(x)))
 112:Drivers/CMSIS/Include/cmsis_gcc.h **** #endif
 113:Drivers/CMSIS/Include/cmsis_gcc.h **** #ifndef   __RESTRICT
 114:Drivers/CMSIS/Include/cmsis_gcc.h ****   #define __RESTRICT                             __restrict
 115:Drivers/CMSIS/Include/cmsis_gcc.h **** #endif
 116:Drivers/CMSIS/Include/cmsis_gcc.h **** 
 117:Drivers/CMSIS/Include/cmsis_gcc.h **** 
 118:Drivers/CMSIS/Include/cmsis_gcc.h **** /* ###########################  Core Function Access  ########################### */
 119:Drivers/CMSIS/Include/cmsis_gcc.h **** /** \ingroup  CMSIS_Core_FunctionInterface
 120:Drivers/CMSIS/Include/cmsis_gcc.h ****     \defgroup CMSIS_Core_RegAccFunctions CMSIS Core Register Access Functions
 121:Drivers/CMSIS/Include/cmsis_gcc.h ****   @{
 122:Drivers/CMSIS/Include/cmsis_gcc.h ****  */
 123:Drivers/CMSIS/Include/cmsis_gcc.h **** 
 124:Drivers/CMSIS/Include/cmsis_gcc.h **** /**
 125:Drivers/CMSIS/Include/cmsis_gcc.h ****   \brief   Enable IRQ Interrupts
 126:Drivers/CMSIS/Include/cmsis_gcc.h ****   \details Enables IRQ interrupts by clearing the I-bit in the CPSR.
 127:Drivers/CMSIS/Include/cmsis_gcc.h ****            Can only be executed in Privileged modes.
 128:Drivers/CMSIS/Include/cmsis_gcc.h ****  */
 129:Drivers/CMSIS/Include/cmsis_gcc.h **** __STATIC_FORCEINLINE void __enable_irq(void)
 130:Drivers/CMSIS/Include/cmsis_gcc.h **** {
 131:Drivers/CMSIS/Include/cmsis_gcc.h ****   __ASM volatile ("cpsie i" : : : "memory");
 132:Drivers/CMSIS/Include/cmsis_gcc.h **** }
 133:Drivers/CMSIS/Include/cmsis_gcc.h **** 
 134:Drivers/CMSIS/Include/cmsis_gcc.h **** 
 135:Drivers/CMSIS/Include/cmsis_gcc.h **** /**
 136:Drivers/CMSIS/Include/cmsis_gcc.h ****   \brief   Disable IRQ Interrupts
 137:Drivers/CMSIS/Include/cmsis_gcc.h ****   \details Disables IRQ interrupts by setting the I-bit in the CPSR.
 138:Drivers/CMSIS/Include/cmsis_gcc.h ****            Can only be executed in Privileged modes.
 139:Drivers/CMSIS/Include/cmsis_gcc.h ****  */
 140:Drivers/CMSIS/Include/cmsis_gcc.h **** __STATIC_FORCEINLINE void __disable_irq(void)
  37              		.loc 2 140 27 view .LVU2
ARM GAS  C:\Users\datpt\AppData\Local\Temp\ccvFOIMH.s 			page 7


  38              	.LBB5:
 141:Drivers/CMSIS/Include/cmsis_gcc.h **** {
 142:Drivers/CMSIS/Include/cmsis_gcc.h ****   __ASM volatile ("cpsid i" : : : "memory");
  39              		.loc 2 142 3 view .LVU3
  40              		.syntax unified
  41              	@ 142 "Drivers/CMSIS/Include/cmsis_gcc.h" 1
  42 0000 72B6     		cpsid i
  43              	@ 0 "" 2
  44              		.thumb
  45              		.syntax unified
  46              	.L2:
  47              	.LBE5:
  48              	.LBE4:
 167:Core/Src/main.c ****   while (1)
  49              		.loc 1 167 3 view .LVU4
 168:Core/Src/main.c ****   {
 169:Core/Src/main.c ****   }
  50              		.loc 1 169 3 view .LVU5
 167:Core/Src/main.c ****   while (1)
  51              		.loc 1 167 9 view .LVU6
  52 0002 FEE7     		b	.L2
  53              		.cfi_endproc
  54              	.LFE67:
  56              		.section	.text.SystemClock_Config,"ax",%progbits
  57              		.align	1
  58              		.global	SystemClock_Config
  59              		.syntax unified
  60              		.thumb
  61              		.thumb_func
  63              	SystemClock_Config:
  64              	.LFB66:
 113:Core/Src/main.c ****   RCC_OscInitTypeDef RCC_OscInitStruct = {0};
  65              		.loc 1 113 1 view -0
  66              		.cfi_startproc
  67              		@ args = 0, pretend = 0, frame = 80
  68              		@ frame_needed = 0, uses_anonymous_args = 0
  69 0000 00B5     		push	{lr}
  70              		.cfi_def_cfa_offset 4
  71              		.cfi_offset 14, -4
  72 0002 95B0     		sub	sp, sp, #84
  73              		.cfi_def_cfa_offset 88
 114:Core/Src/main.c ****   RCC_ClkInitTypeDef RCC_ClkInitStruct = {0};
  74              		.loc 1 114 3 view .LVU8
 114:Core/Src/main.c ****   RCC_ClkInitTypeDef RCC_ClkInitStruct = {0};
  75              		.loc 1 114 22 is_stmt 0 view .LVU9
  76 0004 2822     		movs	r2, #40
  77 0006 0021     		movs	r1, #0
  78 0008 0DEB0200 		add	r0, sp, r2
  79 000c FFF7FEFF 		bl	memset
  80              	.LVL0:
 115:Core/Src/main.c ****   RCC_PeriphCLKInitTypeDef PeriphClkInit = {0};
  81              		.loc 1 115 3 is_stmt 1 view .LVU10
 115:Core/Src/main.c ****   RCC_PeriphCLKInitTypeDef PeriphClkInit = {0};
  82              		.loc 1 115 22 is_stmt 0 view .LVU11
  83 0010 0023     		movs	r3, #0
  84 0012 0593     		str	r3, [sp, #20]
  85 0014 0693     		str	r3, [sp, #24]
ARM GAS  C:\Users\datpt\AppData\Local\Temp\ccvFOIMH.s 			page 8


  86 0016 0793     		str	r3, [sp, #28]
  87 0018 0893     		str	r3, [sp, #32]
  88 001a 0993     		str	r3, [sp, #36]
 116:Core/Src/main.c **** 
  89              		.loc 1 116 3 is_stmt 1 view .LVU12
 116:Core/Src/main.c **** 
  90              		.loc 1 116 28 is_stmt 0 view .LVU13
  91 001c 0193     		str	r3, [sp, #4]
  92 001e 0293     		str	r3, [sp, #8]
  93 0020 0393     		str	r3, [sp, #12]
  94 0022 0493     		str	r3, [sp, #16]
 121:Core/Src/main.c ****   RCC_OscInitStruct.HSEState = RCC_HSE_ON;
  95              		.loc 1 121 3 is_stmt 1 view .LVU14
 121:Core/Src/main.c ****   RCC_OscInitStruct.HSEState = RCC_HSE_ON;
  96              		.loc 1 121 36 is_stmt 0 view .LVU15
  97 0024 0122     		movs	r2, #1
  98 0026 0A92     		str	r2, [sp, #40]
 122:Core/Src/main.c ****   RCC_OscInitStruct.HSEPredivValue = RCC_HSE_PREDIV_DIV1;
  99              		.loc 1 122 3 is_stmt 1 view .LVU16
 122:Core/Src/main.c ****   RCC_OscInitStruct.HSEPredivValue = RCC_HSE_PREDIV_DIV1;
 100              		.loc 1 122 30 is_stmt 0 view .LVU17
 101 0028 4FF48033 		mov	r3, #65536
 102 002c 0B93     		str	r3, [sp, #44]
 123:Core/Src/main.c ****   RCC_OscInitStruct.HSIState = RCC_HSI_ON;
 103              		.loc 1 123 3 is_stmt 1 view .LVU18
 124:Core/Src/main.c ****   RCC_OscInitStruct.PLL.PLLState = RCC_PLL_ON;
 104              		.loc 1 124 3 view .LVU19
 124:Core/Src/main.c ****   RCC_OscInitStruct.PLL.PLLState = RCC_PLL_ON;
 105              		.loc 1 124 30 is_stmt 0 view .LVU20
 106 002e 0E92     		str	r2, [sp, #56]
 125:Core/Src/main.c ****   RCC_OscInitStruct.PLL.PLLSource = RCC_PLLSOURCE_HSE;
 107              		.loc 1 125 3 is_stmt 1 view .LVU21
 125:Core/Src/main.c ****   RCC_OscInitStruct.PLL.PLLSource = RCC_PLLSOURCE_HSE;
 108              		.loc 1 125 34 is_stmt 0 view .LVU22
 109 0030 0222     		movs	r2, #2
 110 0032 1192     		str	r2, [sp, #68]
 126:Core/Src/main.c ****   RCC_OscInitStruct.PLL.PLLMUL = RCC_PLL_MUL9;
 111              		.loc 1 126 3 is_stmt 1 view .LVU23
 126:Core/Src/main.c ****   RCC_OscInitStruct.PLL.PLLMUL = RCC_PLL_MUL9;
 112              		.loc 1 126 35 is_stmt 0 view .LVU24
 113 0034 1293     		str	r3, [sp, #72]
 127:Core/Src/main.c ****   if (HAL_RCC_OscConfig(&RCC_OscInitStruct) != HAL_OK)
 114              		.loc 1 127 3 is_stmt 1 view .LVU25
 127:Core/Src/main.c ****   if (HAL_RCC_OscConfig(&RCC_OscInitStruct) != HAL_OK)
 115              		.loc 1 127 32 is_stmt 0 view .LVU26
 116 0036 4FF4E013 		mov	r3, #1835008
 117 003a 1393     		str	r3, [sp, #76]
 128:Core/Src/main.c ****   {
 118              		.loc 1 128 3 is_stmt 1 view .LVU27
 128:Core/Src/main.c ****   {
 119              		.loc 1 128 7 is_stmt 0 view .LVU28
 120 003c 0AA8     		add	r0, sp, #40
 121 003e FFF7FEFF 		bl	HAL_RCC_OscConfig
 122              	.LVL1:
 128:Core/Src/main.c ****   {
 123              		.loc 1 128 6 discriminator 1 view .LVU29
 124 0042 C8B9     		cbnz	r0, .L8
ARM GAS  C:\Users\datpt\AppData\Local\Temp\ccvFOIMH.s 			page 9


 135:Core/Src/main.c ****                               |RCC_CLOCKTYPE_PCLK1|RCC_CLOCKTYPE_PCLK2;
 125              		.loc 1 135 3 is_stmt 1 view .LVU30
 135:Core/Src/main.c ****                               |RCC_CLOCKTYPE_PCLK1|RCC_CLOCKTYPE_PCLK2;
 126              		.loc 1 135 31 is_stmt 0 view .LVU31
 127 0044 0F23     		movs	r3, #15
 128 0046 0593     		str	r3, [sp, #20]
 137:Core/Src/main.c ****   RCC_ClkInitStruct.AHBCLKDivider = RCC_SYSCLK_DIV1;
 129              		.loc 1 137 3 is_stmt 1 view .LVU32
 137:Core/Src/main.c ****   RCC_ClkInitStruct.AHBCLKDivider = RCC_SYSCLK_DIV1;
 130              		.loc 1 137 34 is_stmt 0 view .LVU33
 131 0048 0221     		movs	r1, #2
 132 004a 0691     		str	r1, [sp, #24]
 138:Core/Src/main.c ****   RCC_ClkInitStruct.APB1CLKDivider = RCC_HCLK_DIV2;
 133              		.loc 1 138 3 is_stmt 1 view .LVU34
 138:Core/Src/main.c ****   RCC_ClkInitStruct.APB1CLKDivider = RCC_HCLK_DIV2;
 134              		.loc 1 138 35 is_stmt 0 view .LVU35
 135 004c 0023     		movs	r3, #0
 136 004e 0793     		str	r3, [sp, #28]
 139:Core/Src/main.c ****   RCC_ClkInitStruct.APB2CLKDivider = RCC_HCLK_DIV1;
 137              		.loc 1 139 3 is_stmt 1 view .LVU36
 139:Core/Src/main.c ****   RCC_ClkInitStruct.APB2CLKDivider = RCC_HCLK_DIV1;
 138              		.loc 1 139 36 is_stmt 0 view .LVU37
 139 0050 4FF48062 		mov	r2, #1024
 140 0054 0892     		str	r2, [sp, #32]
 140:Core/Src/main.c **** 
 141              		.loc 1 140 3 is_stmt 1 view .LVU38
 140:Core/Src/main.c **** 
 142              		.loc 1 140 36 is_stmt 0 view .LVU39
 143 0056 0993     		str	r3, [sp, #36]
 142:Core/Src/main.c ****   {
 144              		.loc 1 142 3 is_stmt 1 view .LVU40
 142:Core/Src/main.c ****   {
 145              		.loc 1 142 7 is_stmt 0 view .LVU41
 146 0058 05A8     		add	r0, sp, #20
 147 005a FFF7FEFF 		bl	HAL_RCC_ClockConfig
 148              	.LVL2:
 142:Core/Src/main.c ****   {
 149              		.loc 1 142 6 discriminator 1 view .LVU42
 150 005e 68B9     		cbnz	r0, .L9
 146:Core/Src/main.c ****   PeriphClkInit.AdcClockSelection = RCC_ADCPCLK2_DIV6;
 151              		.loc 1 146 3 is_stmt 1 view .LVU43
 146:Core/Src/main.c ****   PeriphClkInit.AdcClockSelection = RCC_ADCPCLK2_DIV6;
 152              		.loc 1 146 38 is_stmt 0 view .LVU44
 153 0060 0223     		movs	r3, #2
 154 0062 0193     		str	r3, [sp, #4]
 147:Core/Src/main.c ****   if (HAL_RCCEx_PeriphCLKConfig(&PeriphClkInit) != HAL_OK)
 155              		.loc 1 147 3 is_stmt 1 view .LVU45
 147:Core/Src/main.c ****   if (HAL_RCCEx_PeriphCLKConfig(&PeriphClkInit) != HAL_OK)
 156              		.loc 1 147 35 is_stmt 0 view .LVU46
 157 0064 4FF40043 		mov	r3, #32768
 158 0068 0393     		str	r3, [sp, #12]
 148:Core/Src/main.c ****   {
 159              		.loc 1 148 3 is_stmt 1 view .LVU47
 148:Core/Src/main.c ****   {
 160              		.loc 1 148 7 is_stmt 0 view .LVU48
 161 006a 01A8     		add	r0, sp, #4
 162 006c FFF7FEFF 		bl	HAL_RCCEx_PeriphCLKConfig
ARM GAS  C:\Users\datpt\AppData\Local\Temp\ccvFOIMH.s 			page 10


 163              	.LVL3:
 148:Core/Src/main.c ****   {
 164              		.loc 1 148 6 discriminator 1 view .LVU49
 165 0070 30B9     		cbnz	r0, .L10
 152:Core/Src/main.c **** 
 166              		.loc 1 152 1 view .LVU50
 167 0072 15B0     		add	sp, sp, #84
 168              		.cfi_remember_state
 169              		.cfi_def_cfa_offset 4
 170              		@ sp needed
 171 0074 5DF804FB 		ldr	pc, [sp], #4
 172              	.L8:
 173              		.cfi_restore_state
 130:Core/Src/main.c ****   }
 174              		.loc 1 130 5 is_stmt 1 view .LVU51
 175 0078 FFF7FEFF 		bl	Error_Handler
 176              	.LVL4:
 177              	.L9:
 144:Core/Src/main.c ****   }
 178              		.loc 1 144 5 view .LVU52
 179 007c FFF7FEFF 		bl	Error_Handler
 180              	.LVL5:
 181              	.L10:
 150:Core/Src/main.c ****   }
 182              		.loc 1 150 5 view .LVU53
 183 0080 FFF7FEFF 		bl	Error_Handler
 184              	.LVL6:
 185              		.cfi_endproc
 186              	.LFE66:
 188              		.section	.text.main,"ax",%progbits
 189              		.align	1
 190              		.global	main
 191              		.syntax unified
 192              		.thumb
 193              		.thumb_func
 195              	main:
 196              	.LFB65:
  67:Core/Src/main.c **** 
 197              		.loc 1 67 1 view -0
 198              		.cfi_startproc
 199              		@ Volatile: function does not return.
 200              		@ args = 0, pretend = 0, frame = 0
 201              		@ frame_needed = 0, uses_anonymous_args = 0
 202 0000 08B5     		push	{r3, lr}
 203              		.cfi_def_cfa_offset 8
 204              		.cfi_offset 3, -8
 205              		.cfi_offset 14, -4
  76:Core/Src/main.c **** 
 206              		.loc 1 76 3 view .LVU55
 207 0002 FFF7FEFF 		bl	HAL_Init
 208              	.LVL7:
  83:Core/Src/main.c **** 
 209              		.loc 1 83 3 view .LVU56
 210 0006 FFF7FEFF 		bl	SystemClock_Config
 211              	.LVL8:
  90:Core/Src/main.c ****   MX_DMA_Init();
 212              		.loc 1 90 3 view .LVU57
ARM GAS  C:\Users\datpt\AppData\Local\Temp\ccvFOIMH.s 			page 11


 213 000a FFF7FEFF 		bl	MX_GPIO_Init
 214              	.LVL9:
  91:Core/Src/main.c ****   MX_ADC1_Init();
 215              		.loc 1 91 3 view .LVU58
 216 000e FFF7FEFF 		bl	MX_DMA_Init
 217              	.LVL10:
  92:Core/Src/main.c ****   HAL_ADC_Start_DMA(&hadc1, (uint32_t)data, 2);
 218              		.loc 1 92 3 view .LVU59
 219 0012 FFF7FEFF 		bl	MX_ADC1_Init
 220              	.LVL11:
  93:Core/Src/main.c ****   /* USER CODE BEGIN 2 */
 221              		.loc 1 93 3 view .LVU60
 222 0016 0222     		movs	r2, #2
 223 0018 0249     		ldr	r1, .L14
 224 001a 0348     		ldr	r0, .L14+4
 225 001c FFF7FEFF 		bl	HAL_ADC_Start_DMA
 226              	.LVL12:
 227              	.L12:
  99:Core/Src/main.c ****   {
 228              		.loc 1 99 3 view .LVU61
 104:Core/Src/main.c ****   /* USER CODE END 3 */
 229              		.loc 1 104 3 view .LVU62
  99:Core/Src/main.c ****   {
 230              		.loc 1 99 9 view .LVU63
 231 0020 FEE7     		b	.L12
 232              	.L15:
 233 0022 00BF     		.align	2
 234              	.L14:
 235 0024 00000000 		.word	data
 236 0028 00000000 		.word	hadc1
 237              		.cfi_endproc
 238              	.LFE65:
 240              		.global	data
 241              		.section	.bss.data,"aw",%nobits
 242              		.align	2
 245              	data:
 246 0000 00000000 		.space	4
 247              		.text
 248              	.Letext0:
 249              		.file 3 "C:\\ST\\STM32CubeCLT_1.18.0\\GNU-tools-for-STM32\\bin\\../lib/gcc/arm-none-eabi/13.3.1/..
 250              		.file 4 "C:\\ST\\STM32CubeCLT_1.18.0\\GNU-tools-for-STM32\\bin\\../lib/gcc/arm-none-eabi/13.3.1/..
 251              		.file 5 "Drivers/CMSIS/Device/ST/STM32F1xx/Include/stm32f103xb.h"
 252              		.file 6 "Drivers/CMSIS/Device/ST/STM32F1xx/Include/stm32f1xx.h"
 253              		.file 7 "Drivers/STM32F1xx_HAL_Driver/Inc/stm32f1xx_hal_def.h"
 254              		.file 8 "Drivers/STM32F1xx_HAL_Driver/Inc/stm32f1xx_hal_rcc.h"
 255              		.file 9 "Drivers/STM32F1xx_HAL_Driver/Inc/stm32f1xx_hal_rcc_ex.h"
 256              		.file 10 "Drivers/STM32F1xx_HAL_Driver/Inc/stm32f1xx_hal_dma.h"
 257              		.file 11 "Drivers/STM32F1xx_HAL_Driver/Inc/stm32f1xx_hal_adc.h"
 258              		.file 12 "Core/Inc/adc.h"
 259              		.file 13 "Core/Inc/dma.h"
 260              		.file 14 "Core/Inc/gpio.h"
 261              		.file 15 "Drivers/STM32F1xx_HAL_Driver/Inc/stm32f1xx_hal.h"
 262              		.file 16 "<built-in>"
ARM GAS  C:\Users\datpt\AppData\Local\Temp\ccvFOIMH.s 			page 12


DEFINED SYMBOLS
                            *ABS*:00000000 main.c
C:\Users\datpt\AppData\Local\Temp\ccvFOIMH.s:19     .text.Error_Handler:00000000 $t
C:\Users\datpt\AppData\Local\Temp\ccvFOIMH.s:25     .text.Error_Handler:00000000 Error_Handler
C:\Users\datpt\AppData\Local\Temp\ccvFOIMH.s:57     .text.SystemClock_Config:00000000 $t
C:\Users\datpt\AppData\Local\Temp\ccvFOIMH.s:63     .text.SystemClock_Config:00000000 SystemClock_Config
C:\Users\datpt\AppData\Local\Temp\ccvFOIMH.s:189    .text.main:00000000 $t
C:\Users\datpt\AppData\Local\Temp\ccvFOIMH.s:195    .text.main:00000000 main
C:\Users\datpt\AppData\Local\Temp\ccvFOIMH.s:235    .text.main:00000024 $d
C:\Users\datpt\AppData\Local\Temp\ccvFOIMH.s:245    .bss.data:00000000 data
C:\Users\datpt\AppData\Local\Temp\ccvFOIMH.s:242    .bss.data:00000000 $d

UNDEFINED SYMBOLS
memset
HAL_RCC_OscConfig
HAL_RCC_ClockConfig
HAL_RCCEx_PeriphCLKConfig
HAL_Init
MX_GPIO_Init
MX_DMA_Init
MX_ADC1_Init
HAL_ADC_Start_DMA
hadc1
