ARM GAS  C:\Users\datpt\AppData\Local\Temp\ccADdQmh.s 			page 1


   1              		.cpu cortex-m3
   2              		.arch armv7-m
   3              		.fpu softvfp
   4              		.eabi_attribute 20, 1
   5              		.eabi_attribute 21, 1
   6              		.eabi_attribute 23, 3
   7              		.eabi_attribute 24, 1
   8              		.eabi_attribute 25, 1
   9              		.eabi_attribute 26, 1
  10              		.eabi_attribute 30, 1
  11              		.eabi_attribute 34, 1
  12              		.eabi_attribute 18, 4
  13              		.file	"adc.c"
  14              		.text
  15              		.section	.text.MX_ADC1_Init,"ax",%progbits
  16              		.align	1
  17              		.global	MX_ADC1_Init
  18              		.syntax unified
  19              		.thumb
  20              		.thumb_func
  22              	MX_ADC1_Init:
  23              		@ args = 0, pretend = 0, frame = 16
  24              		@ frame_needed = 0, uses_anonymous_args = 0
  25 0000 00B5     		push	{lr}
  26 0002 85B0     		sub	sp, sp, #20
  27 0004 0023     		movs	r3, #0
  28 0006 0193     		str	r3, [sp, #4]
  29 0008 0293     		str	r3, [sp, #8]
  30 000a 0393     		str	r3, [sp, #12]
  31 000c 1848     		ldr	r0, .L9
  32 000e 194A     		ldr	r2, .L9+4
  33 0010 0260     		str	r2, [r0]
  34 0012 4FF48072 		mov	r2, #256
  35 0016 8260     		str	r2, [r0, #8]
  36 0018 0122     		movs	r2, #1
  37 001a 0273     		strb	r2, [r0, #12]
  38 001c 0375     		strb	r3, [r0, #20]
  39 001e 4FF46022 		mov	r2, #917504
  40 0022 C261     		str	r2, [r0, #28]
  41 0024 4360     		str	r3, [r0, #4]
  42 0026 0223     		movs	r3, #2
  43 0028 0361     		str	r3, [r0, #16]
  44 002a FFF7FEFF 		bl	HAL_ADC_Init
  45 002e B0B9     		cbnz	r0, .L6
  46              	.L2:
  47 0030 0023     		movs	r3, #0
  48 0032 0193     		str	r3, [sp, #4]
  49 0034 0123     		movs	r3, #1
  50 0036 0293     		str	r3, [sp, #8]
  51 0038 0723     		movs	r3, #7
  52 003a 0393     		str	r3, [sp, #12]
  53 003c 01A9     		add	r1, sp, #4
  54 003e 0C48     		ldr	r0, .L9
  55 0040 FFF7FEFF 		bl	HAL_ADC_ConfigChannel
  56 0044 70B9     		cbnz	r0, .L7
  57              	.L3:
  58 0046 0123     		movs	r3, #1
ARM GAS  C:\Users\datpt\AppData\Local\Temp\ccADdQmh.s 			page 2


  59 0048 0193     		str	r3, [sp, #4]
  60 004a 0223     		movs	r3, #2
  61 004c 0293     		str	r3, [sp, #8]
  62 004e 01A9     		add	r1, sp, #4
  63 0050 0748     		ldr	r0, .L9
  64 0052 FFF7FEFF 		bl	HAL_ADC_ConfigChannel
  65 0056 40B9     		cbnz	r0, .L8
  66              	.L1:
  67 0058 05B0     		add	sp, sp, #20
  68              		@ sp needed
  69 005a 5DF804FB 		ldr	pc, [sp], #4
  70              	.L6:
  71 005e FFF7FEFF 		bl	Error_Handler
  72 0062 E5E7     		b	.L2
  73              	.L7:
  74 0064 FFF7FEFF 		bl	Error_Handler
  75 0068 EDE7     		b	.L3
  76              	.L8:
  77 006a FFF7FEFF 		bl	Error_Handler
  78 006e F3E7     		b	.L1
  79              	.L10:
  80              		.align	2
  81              	.L9:
  82 0070 00000000 		.word	hadc1
  83 0074 00240140 		.word	1073816576
  85              		.section	.text.HAL_ADC_MspInit,"ax",%progbits
  86              		.align	1
  87              		.global	HAL_ADC_MspInit
  88              		.syntax unified
  89              		.thumb
  90              		.thumb_func
  92              	HAL_ADC_MspInit:
  93              		@ args = 0, pretend = 0, frame = 24
  94              		@ frame_needed = 0, uses_anonymous_args = 0
  95 0000 10B5     		push	{r4, lr}
  96 0002 86B0     		sub	sp, sp, #24
  97 0004 0023     		movs	r3, #0
  98 0006 0293     		str	r3, [sp, #8]
  99 0008 0393     		str	r3, [sp, #12]
 100 000a 0493     		str	r3, [sp, #16]
 101 000c 0593     		str	r3, [sp, #20]
 102 000e 0268     		ldr	r2, [r0]
 103 0010 1D4B     		ldr	r3, .L17
 104 0012 9A42     		cmp	r2, r3
 105 0014 01D0     		beq	.L15
 106              	.L11:
 107 0016 06B0     		add	sp, sp, #24
 108              		@ sp needed
 109 0018 10BD     		pop	{r4, pc}
 110              	.L15:
 111 001a 0446     		mov	r4, r0
 112 001c 03F56C43 		add	r3, r3, #60416
 113 0020 9A69     		ldr	r2, [r3, #24]
 114 0022 42F40072 		orr	r2, r2, #512
 115 0026 9A61     		str	r2, [r3, #24]
 116 0028 9A69     		ldr	r2, [r3, #24]
 117 002a 02F40072 		and	r2, r2, #512
ARM GAS  C:\Users\datpt\AppData\Local\Temp\ccADdQmh.s 			page 3


 118 002e 0092     		str	r2, [sp]
 119 0030 009A     		ldr	r2, [sp]
 120 0032 9A69     		ldr	r2, [r3, #24]
 121 0034 42F00402 		orr	r2, r2, #4
 122 0038 9A61     		str	r2, [r3, #24]
 123 003a 9B69     		ldr	r3, [r3, #24]
 124 003c 03F00403 		and	r3, r3, #4
 125 0040 0193     		str	r3, [sp, #4]
 126 0042 019B     		ldr	r3, [sp, #4]
 127 0044 0323     		movs	r3, #3
 128 0046 0293     		str	r3, [sp, #8]
 129 0048 0393     		str	r3, [sp, #12]
 130 004a 02A9     		add	r1, sp, #8
 131 004c 0F48     		ldr	r0, .L17+4
 132 004e FFF7FEFF 		bl	HAL_GPIO_Init
 133 0052 0F48     		ldr	r0, .L17+8
 134 0054 0F4B     		ldr	r3, .L17+12
 135 0056 0360     		str	r3, [r0]
 136 0058 0023     		movs	r3, #0
 137 005a 4360     		str	r3, [r0, #4]
 138 005c 8360     		str	r3, [r0, #8]
 139 005e 8022     		movs	r2, #128
 140 0060 C260     		str	r2, [r0, #12]
 141 0062 4FF48072 		mov	r2, #256
 142 0066 0261     		str	r2, [r0, #16]
 143 0068 4FF48062 		mov	r2, #1024
 144 006c 4261     		str	r2, [r0, #20]
 145 006e 2022     		movs	r2, #32
 146 0070 8261     		str	r2, [r0, #24]
 147 0072 C361     		str	r3, [r0, #28]
 148 0074 FFF7FEFF 		bl	HAL_DMA_Init
 149 0078 18B9     		cbnz	r0, .L16
 150              	.L13:
 151 007a 054B     		ldr	r3, .L17+8
 152 007c 2362     		str	r3, [r4, #32]
 153 007e 5C62     		str	r4, [r3, #36]
 154 0080 C9E7     		b	.L11
 155              	.L16:
 156 0082 FFF7FEFF 		bl	Error_Handler
 157 0086 F8E7     		b	.L13
 158              	.L18:
 159              		.align	2
 160              	.L17:
 161 0088 00240140 		.word	1073816576
 162 008c 00080140 		.word	1073809408
 163 0090 00000000 		.word	hdma_adc1
 164 0094 08000240 		.word	1073872904
 166              		.section	.text.HAL_ADC_MspDeInit,"ax",%progbits
 167              		.align	1
 168              		.global	HAL_ADC_MspDeInit
 169              		.syntax unified
 170              		.thumb
 171              		.thumb_func
 173              	HAL_ADC_MspDeInit:
 174              		@ args = 0, pretend = 0, frame = 0
 175              		@ frame_needed = 0, uses_anonymous_args = 0
 176 0000 0268     		ldr	r2, [r0]
ARM GAS  C:\Users\datpt\AppData\Local\Temp\ccADdQmh.s 			page 4


 177 0002 094B     		ldr	r3, .L26
 178 0004 9A42     		cmp	r2, r3
 179 0006 00D0     		beq	.L25
 180 0008 7047     		bx	lr
 181              	.L25:
 182 000a 10B5     		push	{r4, lr}
 183 000c 0446     		mov	r4, r0
 184 000e 074A     		ldr	r2, .L26+4
 185 0010 9369     		ldr	r3, [r2, #24]
 186 0012 23F40073 		bic	r3, r3, #512
 187 0016 9361     		str	r3, [r2, #24]
 188 0018 0321     		movs	r1, #3
 189 001a 0548     		ldr	r0, .L26+8
 190 001c FFF7FEFF 		bl	HAL_GPIO_DeInit
 191 0020 206A     		ldr	r0, [r4, #32]
 192 0022 FFF7FEFF 		bl	HAL_DMA_DeInit
 193 0026 10BD     		pop	{r4, pc}
 194              	.L27:
 195              		.align	2
 196              	.L26:
 197 0028 00240140 		.word	1073816576
 198 002c 00100240 		.word	1073876992
 199 0030 00080140 		.word	1073809408
 201              		.global	hdma_adc1
 202              		.section	.bss.hdma_adc1,"aw",%nobits
 203              		.align	2
 206              	hdma_adc1:
 207 0000 00000000 		.space	68
 207      00000000 
 207      00000000 
 207      00000000 
 207      00000000 
 208              		.global	hadc1
 209              		.section	.bss.hadc1,"aw",%nobits
 210              		.align	2
 213              	hadc1:
 214 0000 00000000 		.space	48
 214      00000000 
 214      00000000 
 214      00000000 
 214      00000000 
 215              		.ident	"GCC: (GNU Tools for STM32 13.3.rel1.20240926-1715) 13.3.1 20240614"
ARM GAS  C:\Users\datpt\AppData\Local\Temp\ccADdQmh.s 			page 5


DEFINED SYMBOLS
                            *ABS*:00000000 adc.c
C:\Users\datpt\AppData\Local\Temp\ccADdQmh.s:16     .text.MX_ADC1_Init:00000000 $t
C:\Users\datpt\AppData\Local\Temp\ccADdQmh.s:22     .text.MX_ADC1_Init:00000000 MX_ADC1_Init
C:\Users\datpt\AppData\Local\Temp\ccADdQmh.s:82     .text.MX_ADC1_Init:00000070 $d
C:\Users\datpt\AppData\Local\Temp\ccADdQmh.s:213    .bss.hadc1:00000000 hadc1
C:\Users\datpt\AppData\Local\Temp\ccADdQmh.s:86     .text.HAL_ADC_MspInit:00000000 $t
C:\Users\datpt\AppData\Local\Temp\ccADdQmh.s:92     .text.HAL_ADC_MspInit:00000000 HAL_ADC_MspInit
C:\Users\datpt\AppData\Local\Temp\ccADdQmh.s:161    .text.HAL_ADC_MspInit:00000088 $d
C:\Users\datpt\AppData\Local\Temp\ccADdQmh.s:206    .bss.hdma_adc1:00000000 hdma_adc1
C:\Users\datpt\AppData\Local\Temp\ccADdQmh.s:167    .text.HAL_ADC_MspDeInit:00000000 $t
C:\Users\datpt\AppData\Local\Temp\ccADdQmh.s:173    .text.HAL_ADC_MspDeInit:00000000 HAL_ADC_MspDeInit
C:\Users\datpt\AppData\Local\Temp\ccADdQmh.s:197    .text.HAL_ADC_MspDeInit:00000028 $d
C:\Users\datpt\AppData\Local\Temp\ccADdQmh.s:203    .bss.hdma_adc1:00000000 $d
C:\Users\datpt\AppData\Local\Temp\ccADdQmh.s:210    .bss.hadc1:00000000 $d

UNDEFINED SYMBOLS
HAL_ADC_Init
HAL_ADC_ConfigChannel
Error_Handler
HAL_GPIO_Init
HAL_DMA_Init
HAL_GPIO_DeInit
HAL_DMA_DeInit
