ARM GAS  C:\Users\datpt\AppData\Local\Temp\ccOWnqY4.s 			page 1


   1              		.cpu cortex-m4
   2              		.arch armv7e-m
   3              		.fpu fpv4-sp-d16
   4              		.eabi_attribute 27, 1
   5              		.eabi_attribute 28, 1
   6              		.eabi_attribute 20, 1
   7              		.eabi_attribute 21, 1
   8              		.eabi_attribute 23, 3
   9              		.eabi_attribute 24, 1
  10              		.eabi_attribute 25, 1
  11              		.eabi_attribute 26, 1
  12              		.eabi_attribute 30, 1
  13              		.eabi_attribute 34, 1
  14              		.eabi_attribute 18, 4
  15              		.file	"gpio.c"
  16              		.text
  17              	.Ltext0:
  18              		.cfi_sections	.debug_frame
  19              		.section	.text.MX_GPIO_Init,"ax",%progbits
  20              		.align	1
  21              		.global	MX_GPIO_Init
  22              		.syntax unified
  23              		.thumb
  24              		.thumb_func
  26              	MX_GPIO_Init:
  27              	.LFB134:
  28              		.file 1 "Core/Src/gpio.c"
   1:Core/Src/gpio.c **** /* USER CODE BEGIN Header */
   2:Core/Src/gpio.c **** /**
   3:Core/Src/gpio.c ****   ******************************************************************************
   4:Core/Src/gpio.c ****   * @file    gpio.c
   5:Core/Src/gpio.c ****   * @brief   This file provides code for the configuration
   6:Core/Src/gpio.c ****   *          of all used GPIO pins.
   7:Core/Src/gpio.c ****   ******************************************************************************
   8:Core/Src/gpio.c ****   * @attention
   9:Core/Src/gpio.c ****   *
  10:Core/Src/gpio.c ****   * Copyright (c) 2025 STMicroelectronics.
  11:Core/Src/gpio.c ****   * All rights reserved.
  12:Core/Src/gpio.c ****   *
  13:Core/Src/gpio.c ****   * This software is licensed under terms that can be found in the LICENSE file
  14:Core/Src/gpio.c ****   * in the root directory of this software component.
  15:Core/Src/gpio.c ****   * If no LICENSE file comes with this software, it is provided AS-IS.
  16:Core/Src/gpio.c ****   *
  17:Core/Src/gpio.c ****   ******************************************************************************
  18:Core/Src/gpio.c ****   */
  19:Core/Src/gpio.c **** /* USER CODE END Header */
  20:Core/Src/gpio.c **** 
  21:Core/Src/gpio.c **** /* Includes ------------------------------------------------------------------*/
  22:Core/Src/gpio.c **** #include "gpio.h"
  23:Core/Src/gpio.c **** 
  24:Core/Src/gpio.c **** /* USER CODE BEGIN 0 */
  25:Core/Src/gpio.c **** 
  26:Core/Src/gpio.c **** /* USER CODE END 0 */
  27:Core/Src/gpio.c **** 
  28:Core/Src/gpio.c **** /*----------------------------------------------------------------------------*/
  29:Core/Src/gpio.c **** /* Configure GPIO                                                             */
  30:Core/Src/gpio.c **** /*----------------------------------------------------------------------------*/
ARM GAS  C:\Users\datpt\AppData\Local\Temp\ccOWnqY4.s 			page 2


  31:Core/Src/gpio.c **** /* USER CODE BEGIN 1 */
  32:Core/Src/gpio.c **** 
  33:Core/Src/gpio.c **** /* USER CODE END 1 */
  34:Core/Src/gpio.c **** 
  35:Core/Src/gpio.c **** /** Configure pins as
  36:Core/Src/gpio.c ****         * Analog
  37:Core/Src/gpio.c ****         * Input
  38:Core/Src/gpio.c ****         * Output
  39:Core/Src/gpio.c ****         * EVENT_OUT
  40:Core/Src/gpio.c ****         * EXTI
  41:Core/Src/gpio.c **** */
  42:Core/Src/gpio.c **** void MX_GPIO_Init(void)
  43:Core/Src/gpio.c **** {
  29              		.loc 1 43 1 view -0
  30              		.cfi_startproc
  31              		@ args = 0, pretend = 0, frame = 32
  32              		@ frame_needed = 0, uses_anonymous_args = 0
  33 0000 00B5     		push	{lr}
  34              	.LCFI0:
  35              		.cfi_def_cfa_offset 4
  36              		.cfi_offset 14, -4
  37 0002 89B0     		sub	sp, sp, #36
  38              	.LCFI1:
  39              		.cfi_def_cfa_offset 40
  44:Core/Src/gpio.c **** 
  45:Core/Src/gpio.c ****   GPIO_InitTypeDef GPIO_InitStruct = {0};
  40              		.loc 1 45 3 view .LVU1
  41              		.loc 1 45 20 is_stmt 0 view .LVU2
  42 0004 0022     		movs	r2, #0
  43 0006 0392     		str	r2, [sp, #12]
  44 0008 0492     		str	r2, [sp, #16]
  45 000a 0592     		str	r2, [sp, #20]
  46 000c 0692     		str	r2, [sp, #24]
  47 000e 0792     		str	r2, [sp, #28]
  46:Core/Src/gpio.c **** 
  47:Core/Src/gpio.c ****   /* GPIO Ports Clock Enable */
  48:Core/Src/gpio.c ****   __HAL_RCC_GPIOH_CLK_ENABLE();
  48              		.loc 1 48 3 is_stmt 1 view .LVU3
  49              	.LBB2:
  50              		.loc 1 48 3 view .LVU4
  51 0010 0092     		str	r2, [sp]
  52              		.loc 1 48 3 view .LVU5
  53 0012 154B     		ldr	r3, .L3
  54 0014 196B     		ldr	r1, [r3, #48]
  55 0016 41F08001 		orr	r1, r1, #128
  56 001a 1963     		str	r1, [r3, #48]
  57              		.loc 1 48 3 view .LVU6
  58 001c 196B     		ldr	r1, [r3, #48]
  59 001e 01F08001 		and	r1, r1, #128
  60 0022 0091     		str	r1, [sp]
  61              		.loc 1 48 3 view .LVU7
  62 0024 0099     		ldr	r1, [sp]
  63              	.LBE2:
  64              		.loc 1 48 3 view .LVU8
  49:Core/Src/gpio.c ****   __HAL_RCC_GPIOD_CLK_ENABLE();
  65              		.loc 1 49 3 view .LVU9
  66              	.LBB3:
ARM GAS  C:\Users\datpt\AppData\Local\Temp\ccOWnqY4.s 			page 3


  67              		.loc 1 49 3 view .LVU10
  68 0026 0192     		str	r2, [sp, #4]
  69              		.loc 1 49 3 view .LVU11
  70 0028 196B     		ldr	r1, [r3, #48]
  71 002a 41F00801 		orr	r1, r1, #8
  72 002e 1963     		str	r1, [r3, #48]
  73              		.loc 1 49 3 view .LVU12
  74 0030 196B     		ldr	r1, [r3, #48]
  75 0032 01F00801 		and	r1, r1, #8
  76 0036 0191     		str	r1, [sp, #4]
  77              		.loc 1 49 3 view .LVU13
  78 0038 0199     		ldr	r1, [sp, #4]
  79              	.LBE3:
  80              		.loc 1 49 3 view .LVU14
  50:Core/Src/gpio.c ****   __HAL_RCC_GPIOA_CLK_ENABLE();
  81              		.loc 1 50 3 view .LVU15
  82              	.LBB4:
  83              		.loc 1 50 3 view .LVU16
  84 003a 0292     		str	r2, [sp, #8]
  85              		.loc 1 50 3 view .LVU17
  86 003c 1A6B     		ldr	r2, [r3, #48]
  87 003e 42F00102 		orr	r2, r2, #1
  88 0042 1A63     		str	r2, [r3, #48]
  89              		.loc 1 50 3 view .LVU18
  90 0044 1B6B     		ldr	r3, [r3, #48]
  91 0046 03F00103 		and	r3, r3, #1
  92 004a 0293     		str	r3, [sp, #8]
  93              		.loc 1 50 3 view .LVU19
  94 004c 029B     		ldr	r3, [sp, #8]
  95              	.LBE4:
  96              		.loc 1 50 3 view .LVU20
  51:Core/Src/gpio.c **** 
  52:Core/Src/gpio.c ****   /*Configure GPIO pin : PD12 */
  53:Core/Src/gpio.c ****   GPIO_InitStruct.Pin = GPIO_PIN_12;
  97              		.loc 1 53 3 view .LVU21
  98              		.loc 1 53 23 is_stmt 0 view .LVU22
  99 004e 4FF48053 		mov	r3, #4096
 100 0052 0393     		str	r3, [sp, #12]
  54:Core/Src/gpio.c ****   GPIO_InitStruct.Mode = GPIO_MODE_IT_RISING;
 101              		.loc 1 54 3 is_stmt 1 view .LVU23
 102              		.loc 1 54 24 is_stmt 0 view .LVU24
 103 0054 4FF48813 		mov	r3, #1114112
 104 0058 0493     		str	r3, [sp, #16]
  55:Core/Src/gpio.c ****   GPIO_InitStruct.Pull = GPIO_NOPULL;
 105              		.loc 1 55 3 is_stmt 1 view .LVU25
  56:Core/Src/gpio.c ****   HAL_GPIO_Init(GPIOD, &GPIO_InitStruct);
 106              		.loc 1 56 3 view .LVU26
 107 005a 03A9     		add	r1, sp, #12
 108 005c 0348     		ldr	r0, .L3+4
 109 005e FFF7FEFF 		bl	HAL_GPIO_Init
 110              	.LVL0:
  57:Core/Src/gpio.c **** 
  58:Core/Src/gpio.c **** }
 111              		.loc 1 58 1 is_stmt 0 view .LVU27
 112 0062 09B0     		add	sp, sp, #36
 113              	.LCFI2:
 114              		.cfi_def_cfa_offset 4
ARM GAS  C:\Users\datpt\AppData\Local\Temp\ccOWnqY4.s 			page 4


 115              		@ sp needed
 116 0064 5DF804FB 		ldr	pc, [sp], #4
 117              	.L4:
 118              		.align	2
 119              	.L3:
 120 0068 00380240 		.word	1073887232
 121 006c 000C0240 		.word	1073875968
 122              		.cfi_endproc
 123              	.LFE134:
 125              		.text
 126              	.Letext0:
 127              		.file 2 "d:\\tool\\sat_soft\\gcc-arm-none-eabi-10.3-2021.10-win32\\gcc-arm-none-eabi-10.3-2021.10\
 128              		.file 3 "d:\\tool\\sat_soft\\gcc-arm-none-eabi-10.3-2021.10-win32\\gcc-arm-none-eabi-10.3-2021.10\
 129              		.file 4 "Drivers/CMSIS/Device/ST/STM32F4xx/Include/stm32f407xx.h"
 130              		.file 5 "Drivers/STM32F4xx_HAL_Driver/Inc/stm32f4xx_hal_gpio.h"
ARM GAS  C:\Users\datpt\AppData\Local\Temp\ccOWnqY4.s 			page 5


DEFINED SYMBOLS
                            *ABS*:00000000 gpio.c
C:\Users\datpt\AppData\Local\Temp\ccOWnqY4.s:20     .text.MX_GPIO_Init:00000000 $t
C:\Users\datpt\AppData\Local\Temp\ccOWnqY4.s:26     .text.MX_GPIO_Init:00000000 MX_GPIO_Init
C:\Users\datpt\AppData\Local\Temp\ccOWnqY4.s:120    .text.MX_GPIO_Init:00000068 $d

UNDEFINED SYMBOLS
HAL_GPIO_Init
