ARM GAS  C:\Users\datpt\AppData\Local\Temp\ccnYRDIh.s 			page 1


   1              		.cpu cortex-m3
   2              		.arch armv7-m
   3              		.fpu softvfp
   4              		.eabi_attribute 20, 1
   5              		.eabi_attribute 21, 1
   6              		.eabi_attribute 23, 3
   7              		.eabi_attribute 24, 1
   8              		.eabi_attribute 25, 1
   9              		.eabi_attribute 26, 1
  10              		.eabi_attribute 30, 1
  11              		.eabi_attribute 34, 1
  12              		.eabi_attribute 18, 4
  13              		.file	"dma.c"
  14              		.text
  15              	.Ltext0:
  16              		.cfi_sections	.debug_frame
  17              		.file 1 "Core/Src/dma.c"
  18              		.section	.text.MX_DMA_Init,"ax",%progbits
  19              		.align	1
  20              		.global	MX_DMA_Init
  21              		.syntax unified
  22              		.thumb
  23              		.thumb_func
  25              	MX_DMA_Init:
  26              	.LFB65:
   1:Core/Src/dma.c **** /* USER CODE BEGIN Header */
   2:Core/Src/dma.c **** /**
   3:Core/Src/dma.c ****   ******************************************************************************
   4:Core/Src/dma.c ****   * @file    dma.c
   5:Core/Src/dma.c ****   * @brief   This file provides code for the configuration
   6:Core/Src/dma.c ****   *          of all the requested memory to memory DMA transfers.
   7:Core/Src/dma.c ****   ******************************************************************************
   8:Core/Src/dma.c ****   * @attention
   9:Core/Src/dma.c ****   *
  10:Core/Src/dma.c ****   * Copyright (c) 2025 STMicroelectronics.
  11:Core/Src/dma.c ****   * All rights reserved.
  12:Core/Src/dma.c ****   *
  13:Core/Src/dma.c ****   * This software is licensed under terms that can be found in the LICENSE file
  14:Core/Src/dma.c ****   * in the root directory of this software component.
  15:Core/Src/dma.c ****   * If no LICENSE file comes with this software, it is provided AS-IS.
  16:Core/Src/dma.c ****   *
  17:Core/Src/dma.c ****   ******************************************************************************
  18:Core/Src/dma.c ****   */
  19:Core/Src/dma.c **** /* USER CODE END Header */
  20:Core/Src/dma.c **** 
  21:Core/Src/dma.c **** /* Includes ------------------------------------------------------------------*/
  22:Core/Src/dma.c **** #include "dma.h"
  23:Core/Src/dma.c **** 
  24:Core/Src/dma.c **** /* USER CODE BEGIN 0 */
  25:Core/Src/dma.c **** 
  26:Core/Src/dma.c **** /* USER CODE END 0 */
  27:Core/Src/dma.c **** 
  28:Core/Src/dma.c **** /*----------------------------------------------------------------------------*/
  29:Core/Src/dma.c **** /* Configure DMA                                                              */
  30:Core/Src/dma.c **** /*----------------------------------------------------------------------------*/
  31:Core/Src/dma.c **** 
  32:Core/Src/dma.c **** /* USER CODE BEGIN 1 */
ARM GAS  C:\Users\datpt\AppData\Local\Temp\ccnYRDIh.s 			page 2


  33:Core/Src/dma.c **** 
  34:Core/Src/dma.c **** /* USER CODE END 1 */
  35:Core/Src/dma.c **** DMA_HandleTypeDef hdma_memtomem_dma1_channel1;
  36:Core/Src/dma.c **** 
  37:Core/Src/dma.c **** /**
  38:Core/Src/dma.c ****   * Enable DMA controller clock
  39:Core/Src/dma.c ****   * Configure DMA for memory to memory transfers
  40:Core/Src/dma.c ****   *   hdma_memtomem_dma1_channel1
  41:Core/Src/dma.c ****   */
  42:Core/Src/dma.c **** void MX_DMA_Init(void)
  43:Core/Src/dma.c **** {
  27              		.loc 1 43 1 view -0
  28              		.cfi_startproc
  29              		@ args = 0, pretend = 0, frame = 8
  30              		@ frame_needed = 0, uses_anonymous_args = 0
  31 0000 00B5     		push	{lr}
  32              		.cfi_def_cfa_offset 4
  33              		.cfi_offset 14, -4
  34 0002 83B0     		sub	sp, sp, #12
  35              		.cfi_def_cfa_offset 16
  44:Core/Src/dma.c **** 
  45:Core/Src/dma.c ****   /* DMA controller clock enable */
  46:Core/Src/dma.c ****   __HAL_RCC_DMA1_CLK_ENABLE();
  36              		.loc 1 46 3 view .LVU1
  37              	.LBB2:
  38              		.loc 1 46 3 view .LVU2
  39              		.loc 1 46 3 view .LVU3
  40 0004 104B     		ldr	r3, .L5
  41 0006 5A69     		ldr	r2, [r3, #20]
  42 0008 42F00102 		orr	r2, r2, #1
  43 000c 5A61     		str	r2, [r3, #20]
  44              		.loc 1 46 3 view .LVU4
  45 000e 5B69     		ldr	r3, [r3, #20]
  46 0010 03F00103 		and	r3, r3, #1
  47 0014 0193     		str	r3, [sp, #4]
  48              		.loc 1 46 3 view .LVU5
  49 0016 019B     		ldr	r3, [sp, #4]
  50              	.LBE2:
  51              		.loc 1 46 3 view .LVU6
  47:Core/Src/dma.c **** 
  48:Core/Src/dma.c ****   /* Configure DMA request hdma_memtomem_dma1_channel1 on DMA1_Channel1 */
  49:Core/Src/dma.c ****   hdma_memtomem_dma1_channel1.Instance = DMA1_Channel1;
  52              		.loc 1 49 3 view .LVU7
  53              		.loc 1 49 40 is_stmt 0 view .LVU8
  54 0018 0C48     		ldr	r0, .L5+4
  55 001a 0D4B     		ldr	r3, .L5+8
  56 001c 0360     		str	r3, [r0]
  50:Core/Src/dma.c ****   hdma_memtomem_dma1_channel1.Init.Direction = DMA_MEMORY_TO_MEMORY;
  57              		.loc 1 50 3 is_stmt 1 view .LVU9
  58              		.loc 1 50 46 is_stmt 0 view .LVU10
  59 001e 4FF48043 		mov	r3, #16384
  60 0022 4360     		str	r3, [r0, #4]
  51:Core/Src/dma.c ****   hdma_memtomem_dma1_channel1.Init.PeriphInc = DMA_PINC_ENABLE;
  61              		.loc 1 51 3 is_stmt 1 view .LVU11
  62              		.loc 1 51 46 is_stmt 0 view .LVU12
  63 0024 4023     		movs	r3, #64
  64 0026 8360     		str	r3, [r0, #8]
ARM GAS  C:\Users\datpt\AppData\Local\Temp\ccnYRDIh.s 			page 3


  52:Core/Src/dma.c ****   hdma_memtomem_dma1_channel1.Init.MemInc = DMA_MINC_ENABLE;
  65              		.loc 1 52 3 is_stmt 1 view .LVU13
  66              		.loc 1 52 43 is_stmt 0 view .LVU14
  67 0028 8023     		movs	r3, #128
  68 002a C360     		str	r3, [r0, #12]
  53:Core/Src/dma.c ****   hdma_memtomem_dma1_channel1.Init.PeriphDataAlignment = DMA_PDATAALIGN_BYTE;
  69              		.loc 1 53 3 is_stmt 1 view .LVU15
  70              		.loc 1 53 56 is_stmt 0 view .LVU16
  71 002c 0023     		movs	r3, #0
  72 002e 0361     		str	r3, [r0, #16]
  54:Core/Src/dma.c ****   hdma_memtomem_dma1_channel1.Init.MemDataAlignment = DMA_MDATAALIGN_BYTE;
  73              		.loc 1 54 3 is_stmt 1 view .LVU17
  74              		.loc 1 54 53 is_stmt 0 view .LVU18
  75 0030 4361     		str	r3, [r0, #20]
  55:Core/Src/dma.c ****   hdma_memtomem_dma1_channel1.Init.Mode = DMA_NORMAL;
  76              		.loc 1 55 3 is_stmt 1 view .LVU19
  77              		.loc 1 55 41 is_stmt 0 view .LVU20
  78 0032 8361     		str	r3, [r0, #24]
  56:Core/Src/dma.c ****   hdma_memtomem_dma1_channel1.Init.Priority = DMA_PRIORITY_LOW;
  79              		.loc 1 56 3 is_stmt 1 view .LVU21
  80              		.loc 1 56 45 is_stmt 0 view .LVU22
  81 0034 C361     		str	r3, [r0, #28]
  57:Core/Src/dma.c ****   if (HAL_DMA_Init(&hdma_memtomem_dma1_channel1) != HAL_OK)
  82              		.loc 1 57 3 is_stmt 1 view .LVU23
  83              		.loc 1 57 7 is_stmt 0 view .LVU24
  84 0036 FFF7FEFF 		bl	HAL_DMA_Init
  85              	.LVL0:
  86              		.loc 1 57 6 discriminator 1 view .LVU25
  87 003a 10B9     		cbnz	r0, .L4
  88              	.L1:
  58:Core/Src/dma.c ****   {
  59:Core/Src/dma.c ****     Error_Handler();
  60:Core/Src/dma.c ****   }
  61:Core/Src/dma.c **** 
  62:Core/Src/dma.c **** }
  89              		.loc 1 62 1 view .LVU26
  90 003c 03B0     		add	sp, sp, #12
  91              		.cfi_remember_state
  92              		.cfi_def_cfa_offset 4
  93              		@ sp needed
  94 003e 5DF804FB 		ldr	pc, [sp], #4
  95              	.L4:
  96              		.cfi_restore_state
  59:Core/Src/dma.c ****   }
  97              		.loc 1 59 5 is_stmt 1 view .LVU27
  98 0042 FFF7FEFF 		bl	Error_Handler
  99              	.LVL1:
 100              		.loc 1 62 1 is_stmt 0 view .LVU28
 101 0046 F9E7     		b	.L1
 102              	.L6:
 103              		.align	2
 104              	.L5:
 105 0048 00100240 		.word	1073876992
 106 004c 00000000 		.word	hdma_memtomem_dma1_channel1
 107 0050 08000240 		.word	1073872904
 108              		.cfi_endproc
 109              	.LFE65:
ARM GAS  C:\Users\datpt\AppData\Local\Temp\ccnYRDIh.s 			page 4


 111              		.global	hdma_memtomem_dma1_channel1
 112              		.section	.bss.hdma_memtomem_dma1_channel1,"aw",%nobits
 113              		.align	2
 116              	hdma_memtomem_dma1_channel1:
 117 0000 00000000 		.space	68
 117      00000000 
 117      00000000 
 117      00000000 
 117      00000000 
 118              		.text
 119              	.Letext0:
 120              		.file 2 "C:\\ST\\STM32CubeCLT_1.18.0\\GNU-tools-for-STM32\\bin\\../lib/gcc/arm-none-eabi/13.3.1/..
 121              		.file 3 "C:\\ST\\STM32CubeCLT_1.18.0\\GNU-tools-for-STM32\\bin\\../lib/gcc/arm-none-eabi/13.3.1/..
 122              		.file 4 "Drivers/CMSIS/Device/ST/STM32F1xx/Include/stm32f103xb.h"
 123              		.file 5 "Drivers/STM32F1xx_HAL_Driver/Inc/stm32f1xx_hal_def.h"
 124              		.file 6 "Drivers/STM32F1xx_HAL_Driver/Inc/stm32f1xx_hal_dma.h"
 125              		.file 7 "Core/Inc/dma.h"
 126              		.file 8 "Core/Inc/main.h"
ARM GAS  C:\Users\datpt\AppData\Local\Temp\ccnYRDIh.s 			page 5


DEFINED SYMBOLS
                            *ABS*:00000000 dma.c
C:\Users\datpt\AppData\Local\Temp\ccnYRDIh.s:19     .text.MX_DMA_Init:00000000 $t
C:\Users\datpt\AppData\Local\Temp\ccnYRDIh.s:25     .text.MX_DMA_Init:00000000 MX_DMA_Init
C:\Users\datpt\AppData\Local\Temp\ccnYRDIh.s:105    .text.MX_DMA_Init:00000048 $d
C:\Users\datpt\AppData\Local\Temp\ccnYRDIh.s:116    .bss.hdma_memtomem_dma1_channel1:00000000 hdma_memtomem_dma1_channel1
C:\Users\datpt\AppData\Local\Temp\ccnYRDIh.s:113    .bss.hdma_memtomem_dma1_channel1:00000000 $d

UNDEFINED SYMBOLS
HAL_DMA_Init
Error_Handler
