ARM GAS  C:\Users\datpt\AppData\Local\Temp\ccI27Zy2.s 			page 1


   1              		.cpu cortex-m3
   2              		.arch armv7-m
   3              		.fpu softvfp
   4              		.eabi_attribute 20, 1
   5              		.eabi_attribute 21, 1
   6              		.eabi_attribute 23, 3
   7              		.eabi_attribute 24, 1
   8              		.eabi_attribute 25, 1
   9              		.eabi_attribute 26, 1
  10              		.eabi_attribute 30, 1
  11              		.eabi_attribute 34, 1
  12              		.eabi_attribute 18, 4
  13              		.file	"cmsis_os.c"
  14              		.text
  15              		.section	.text.makeFreeRtosPriority,"ax",%progbits
  16              		.align	1
  17              		.syntax unified
  18              		.thumb
  19              		.thumb_func
  21              	makeFreeRtosPriority:
  22              		@ args = 0, pretend = 0, frame = 0
  23              		@ frame_needed = 0, uses_anonymous_args = 0
  24              		@ link register save eliminated.
  25 0000 8428     		cmp	r0, #132
  26 0002 01D0     		beq	.L3
  27 0004 0330     		adds	r0, r0, #3
  28 0006 7047     		bx	lr
  29              	.L3:
  30 0008 0020     		movs	r0, #0
  31 000a 7047     		bx	lr
  33              		.section	.text.makeCmsisPriority,"ax",%progbits
  34              		.align	1
  35              		.syntax unified
  36              		.thumb
  37              		.thumb_func
  39              	makeCmsisPriority:
  40              		@ args = 0, pretend = 0, frame = 0
  41              		@ frame_needed = 0, uses_anonymous_args = 0
  42              		@ link register save eliminated.
  43 0000 0628     		cmp	r0, #6
  44 0002 02D8     		bhi	.L6
  45 0004 0338     		subs	r0, r0, #3
  46 0006 00B2     		sxth	r0, r0
  47 0008 7047     		bx	lr
  48              	.L6:
  49 000a 8420     		movs	r0, #132
  50 000c 7047     		bx	lr
  52              		.section	.text.inHandlerMode,"ax",%progbits
  53              		.align	1
  54              		.syntax unified
  55              		.thumb
  56              		.thumb_func
  58              	inHandlerMode:
  59              		@ args = 0, pretend = 0, frame = 0
  60              		@ frame_needed = 0, uses_anonymous_args = 0
  61              		@ link register save eliminated.
  62              		.syntax unified
ARM GAS  C:\Users\datpt\AppData\Local\Temp\ccI27Zy2.s 			page 2


  63              	@ 209 "Drivers/CMSIS/Include/cmsis_gcc.h" 1
  64 0000 EFF30580 		MRS r0, ipsr
  65              	@ 0 "" 2
  66              		.thumb
  67              		.syntax unified
  68 0004 0038     		subs	r0, r0, #0
  69 0006 18BF     		it	ne
  70 0008 0120     		movne	r0, #1
  71 000a 7047     		bx	lr
  73              		.section	.text.osKernelStart,"ax",%progbits
  74              		.align	1
  75              		.global	osKernelStart
  76              		.syntax unified
  77              		.thumb
  78              		.thumb_func
  80              	osKernelStart:
  81              		@ args = 0, pretend = 0, frame = 0
  82              		@ frame_needed = 0, uses_anonymous_args = 0
  83 0000 08B5     		push	{r3, lr}
  84 0002 FFF7FEFF 		bl	vTaskStartScheduler
  85 0006 0020     		movs	r0, #0
  86 0008 08BD     		pop	{r3, pc}
  88              		.section	.text.osKernelRunning,"ax",%progbits
  89              		.align	1
  90              		.global	osKernelRunning
  91              		.syntax unified
  92              		.thumb
  93              		.thumb_func
  95              	osKernelRunning:
  96              		@ args = 0, pretend = 0, frame = 0
  97              		@ frame_needed = 0, uses_anonymous_args = 0
  98 0000 08B5     		push	{r3, lr}
  99 0002 FFF7FEFF 		bl	xTaskGetSchedulerState
 100 0006 0128     		cmp	r0, #1
 101 0008 01D0     		beq	.L14
 102 000a 0120     		movs	r0, #1
 103              	.L10:
 104 000c 08BD     		pop	{r3, pc}
 105              	.L14:
 106 000e 0020     		movs	r0, #0
 107 0010 FCE7     		b	.L10
 109              		.section	.text.osKernelSysTick,"ax",%progbits
 110              		.align	1
 111              		.global	osKernelSysTick
 112              		.syntax unified
 113              		.thumb
 114              		.thumb_func
 116              	osKernelSysTick:
 117              		@ args = 0, pretend = 0, frame = 0
 118              		@ frame_needed = 0, uses_anonymous_args = 0
 119 0000 08B5     		push	{r3, lr}
 120 0002 FFF7FEFF 		bl	inHandlerMode
 121 0006 10B1     		cbz	r0, .L16
 122 0008 FFF7FEFF 		bl	xTaskGetTickCountFromISR
 123              	.L15:
 124 000c 08BD     		pop	{r3, pc}
 125              	.L16:
ARM GAS  C:\Users\datpt\AppData\Local\Temp\ccI27Zy2.s 			page 3


 126 000e FFF7FEFF 		bl	xTaskGetTickCount
 127 0012 FBE7     		b	.L15
 129              		.section	.text.osThreadCreate,"ax",%progbits
 130              		.align	1
 131              		.global	osThreadCreate
 132              		.syntax unified
 133              		.thumb
 134              		.thumb_func
 136              	osThreadCreate:
 137              		@ args = 0, pretend = 0, frame = 8
 138              		@ frame_needed = 0, uses_anonymous_args = 0
 139 0000 2DE9F043 		push	{r4, r5, r6, r7, r8, r9, lr}
 140 0004 87B0     		sub	sp, sp, #28
 141 0006 0E46     		mov	r6, r1
 142 0008 4469     		ldr	r4, [r0, #20]
 143 000a C4B1     		cbz	r4, .L20
 144 000c 8569     		ldr	r5, [r0, #24]
 145 000e B5B1     		cbz	r5, .L20
 146 0010 4768     		ldr	r7, [r0, #4]
 147 0012 D0F80080 		ldr	r8, [r0]
 148 0016 D0F81090 		ldr	r9, [r0, #16]
 149 001a B0F90800 		ldrsh	r0, [r0, #8]
 150 001e FFF7FEFF 		bl	makeFreeRtosPriority
 151 0022 0295     		str	r5, [sp, #8]
 152 0024 0194     		str	r4, [sp, #4]
 153 0026 0090     		str	r0, [sp]
 154 0028 3346     		mov	r3, r6
 155 002a 4A46     		mov	r2, r9
 156 002c 4146     		mov	r1, r8
 157 002e 3846     		mov	r0, r7
 158 0030 FFF7FEFF 		bl	xTaskCreateStatic
 159 0034 0590     		str	r0, [sp, #20]
 160              	.L21:
 161 0036 0598     		ldr	r0, [sp, #20]
 162              	.L19:
 163 0038 07B0     		add	sp, sp, #28
 164              		@ sp needed
 165 003a BDE8F083 		pop	{r4, r5, r6, r7, r8, r9, pc}
 166              	.L20:
 167 003e 4468     		ldr	r4, [r0, #4]
 168 0040 0568     		ldr	r5, [r0]
 169 0042 0769     		ldr	r7, [r0, #16]
 170 0044 B0F90800 		ldrsh	r0, [r0, #8]
 171 0048 FFF7FEFF 		bl	makeFreeRtosPriority
 172 004c 05AB     		add	r3, sp, #20
 173 004e 0193     		str	r3, [sp, #4]
 174 0050 0090     		str	r0, [sp]
 175 0052 3346     		mov	r3, r6
 176 0054 BAB2     		uxth	r2, r7
 177 0056 2946     		mov	r1, r5
 178 0058 2046     		mov	r0, r4
 179 005a FFF7FEFF 		bl	xTaskCreate
 180 005e 0128     		cmp	r0, #1
 181 0060 E9D0     		beq	.L21
 182 0062 0020     		movs	r0, #0
 183 0064 E8E7     		b	.L19
 185              		.section	.text.osThreadGetId,"ax",%progbits
ARM GAS  C:\Users\datpt\AppData\Local\Temp\ccI27Zy2.s 			page 4


 186              		.align	1
 187              		.global	osThreadGetId
 188              		.syntax unified
 189              		.thumb
 190              		.thumb_func
 192              	osThreadGetId:
 193              		@ args = 0, pretend = 0, frame = 0
 194              		@ frame_needed = 0, uses_anonymous_args = 0
 195 0000 08B5     		push	{r3, lr}
 196 0002 FFF7FEFF 		bl	xTaskGetCurrentTaskHandle
 197 0006 08BD     		pop	{r3, pc}
 199              		.section	.text.osThreadTerminate,"ax",%progbits
 200              		.align	1
 201              		.global	osThreadTerminate
 202              		.syntax unified
 203              		.thumb
 204              		.thumb_func
 206              	osThreadTerminate:
 207              		@ args = 0, pretend = 0, frame = 0
 208              		@ frame_needed = 0, uses_anonymous_args = 0
 209 0000 08B5     		push	{r3, lr}
 210 0002 FFF7FEFF 		bl	vTaskDelete
 211 0006 0020     		movs	r0, #0
 212 0008 08BD     		pop	{r3, pc}
 214              		.section	.text.osThreadYield,"ax",%progbits
 215              		.align	1
 216              		.global	osThreadYield
 217              		.syntax unified
 218              		.thumb
 219              		.thumb_func
 221              	osThreadYield:
 222              		@ args = 0, pretend = 0, frame = 0
 223              		@ frame_needed = 0, uses_anonymous_args = 0
 224              		@ link register save eliminated.
 225 0000 4FF0E023 		mov	r3, #-536813568
 226 0004 4FF08052 		mov	r2, #268435456
 227 0008 C3F8042D 		str	r2, [r3, #3332]
 228              		.syntax unified
 229              	@ 272 "Middlewares/Third_Party/FreeRTOS/Source/CMSIS_RTOS/cmsis_os.c" 1
 230 000c BFF34F8F 		dsb
 231              	@ 0 "" 2
 232              	@ 272 "Middlewares/Third_Party/FreeRTOS/Source/CMSIS_RTOS/cmsis_os.c" 1
 233 0010 BFF36F8F 		isb
 234              	@ 0 "" 2
 235              		.thumb
 236              		.syntax unified
 237 0014 0020     		movs	r0, #0
 238 0016 7047     		bx	lr
 240              		.section	.text.osThreadSetPriority,"ax",%progbits
 241              		.align	1
 242              		.global	osThreadSetPriority
 243              		.syntax unified
 244              		.thumb
 245              		.thumb_func
 247              	osThreadSetPriority:
 248              		@ args = 0, pretend = 0, frame = 0
 249              		@ frame_needed = 0, uses_anonymous_args = 0
ARM GAS  C:\Users\datpt\AppData\Local\Temp\ccI27Zy2.s 			page 5


 250 0000 10B5     		push	{r4, lr}
 251 0002 0446     		mov	r4, r0
 252 0004 0846     		mov	r0, r1
 253 0006 FFF7FEFF 		bl	makeFreeRtosPriority
 254 000a 0146     		mov	r1, r0
 255 000c 2046     		mov	r0, r4
 256 000e FFF7FEFF 		bl	vTaskPrioritySet
 257 0012 0020     		movs	r0, #0
 258 0014 10BD     		pop	{r4, pc}
 260              		.section	.text.osThreadGetPriority,"ax",%progbits
 261              		.align	1
 262              		.global	osThreadGetPriority
 263              		.syntax unified
 264              		.thumb
 265              		.thumb_func
 267              	osThreadGetPriority:
 268              		@ args = 0, pretend = 0, frame = 0
 269              		@ frame_needed = 0, uses_anonymous_args = 0
 270 0000 10B5     		push	{r4, lr}
 271 0002 0446     		mov	r4, r0
 272 0004 FFF7FEFF 		bl	inHandlerMode
 273 0008 28B1     		cbz	r0, .L33
 274 000a 2046     		mov	r0, r4
 275 000c FFF7FEFF 		bl	uxTaskPriorityGetFromISR
 276 0010 FFF7FEFF 		bl	makeCmsisPriority
 277              	.L34:
 278 0014 10BD     		pop	{r4, pc}
 279              	.L33:
 280 0016 2046     		mov	r0, r4
 281 0018 FFF7FEFF 		bl	uxTaskPriorityGet
 282 001c FFF7FEFF 		bl	makeCmsisPriority
 283 0020 F8E7     		b	.L34
 285              		.section	.text.osDelay,"ax",%progbits
 286              		.align	1
 287              		.global	osDelay
 288              		.syntax unified
 289              		.thumb
 290              		.thumb_func
 292              	osDelay:
 293              		@ args = 0, pretend = 0, frame = 0
 294              		@ frame_needed = 0, uses_anonymous_args = 0
 295 0000 08B5     		push	{r3, lr}
 296 0002 00B9     		cbnz	r0, .L37
 297 0004 0120     		movs	r0, #1
 298              	.L37:
 299 0006 FFF7FEFF 		bl	vTaskDelay
 300 000a 0020     		movs	r0, #0
 301 000c 08BD     		pop	{r3, pc}
 303              		.section	.text.osTimerCreate,"ax",%progbits
 304              		.align	1
 305              		.global	osTimerCreate
 306              		.syntax unified
 307              		.thumb
 308              		.thumb_func
 310              	osTimerCreate:
 311              		@ args = 0, pretend = 0, frame = 0
 312              		@ frame_needed = 0, uses_anonymous_args = 0
ARM GAS  C:\Users\datpt\AppData\Local\Temp\ccI27Zy2.s 			page 6


 313              		@ link register save eliminated.
 314 0000 0020     		movs	r0, #0
 315 0002 7047     		bx	lr
 317              		.section	.text.osTimerStart,"ax",%progbits
 318              		.align	1
 319              		.global	osTimerStart
 320              		.syntax unified
 321              		.thumb
 322              		.thumb_func
 324              	osTimerStart:
 325              		@ args = 0, pretend = 0, frame = 0
 326              		@ frame_needed = 0, uses_anonymous_args = 0
 327              		@ link register save eliminated.
 328 0000 FF20     		movs	r0, #255
 329 0002 7047     		bx	lr
 331              		.section	.text.osTimerStop,"ax",%progbits
 332              		.align	1
 333              		.global	osTimerStop
 334              		.syntax unified
 335              		.thumb
 336              		.thumb_func
 338              	osTimerStop:
 339              		@ args = 0, pretend = 0, frame = 0
 340              		@ frame_needed = 0, uses_anonymous_args = 0
 341              		@ link register save eliminated.
 342 0000 FF20     		movs	r0, #255
 343 0002 7047     		bx	lr
 345              		.section	.text.osTimerDelete,"ax",%progbits
 346              		.align	1
 347              		.global	osTimerDelete
 348              		.syntax unified
 349              		.thumb
 350              		.thumb_func
 352              	osTimerDelete:
 353              		@ args = 0, pretend = 0, frame = 0
 354              		@ frame_needed = 0, uses_anonymous_args = 0
 355              		@ link register save eliminated.
 356 0000 FF20     		movs	r0, #255
 357 0002 7047     		bx	lr
 359              		.section	.text.osSignalSet,"ax",%progbits
 360              		.align	1
 361              		.global	osSignalSet
 362              		.syntax unified
 363              		.thumb
 364              		.thumb_func
 366              	osSignalSet:
 367              		@ args = 0, pretend = 0, frame = 8
 368              		@ frame_needed = 0, uses_anonymous_args = 0
 369 0000 30B5     		push	{r4, r5, lr}
 370 0002 85B0     		sub	sp, sp, #20
 371 0004 0446     		mov	r4, r0
 372 0006 0D46     		mov	r5, r1
 373 0008 0023     		movs	r3, #0
 374 000a 0393     		str	r3, [sp, #12]
 375 000c 0293     		str	r3, [sp, #8]
 376 000e FFF7FEFF 		bl	inHandlerMode
 377 0012 B0B1     		cbz	r0, .L45
ARM GAS  C:\Users\datpt\AppData\Local\Temp\ccI27Zy2.s 			page 7


 378 0014 03AB     		add	r3, sp, #12
 379 0016 0093     		str	r3, [sp]
 380 0018 02AB     		add	r3, sp, #8
 381 001a 0122     		movs	r2, #1
 382 001c 2946     		mov	r1, r5
 383 001e 2046     		mov	r0, r4
 384 0020 FFF7FEFF 		bl	xTaskGenericNotifyFromISR
 385 0024 0128     		cmp	r0, #1
 386 0026 17D1     		bne	.L48
 387 0028 039B     		ldr	r3, [sp, #12]
 388 002a 93B1     		cbz	r3, .L47
 389 002c 4FF0E023 		mov	r3, #-536813568
 390 0030 4FF08052 		mov	r2, #268435456
 391 0034 C3F8042D 		str	r2, [r3, #3332]
 392              		.syntax unified
 393              	@ 513 "Middlewares/Third_Party/FreeRTOS/Source/CMSIS_RTOS/cmsis_os.c" 1
 394 0038 BFF34F8F 		dsb
 395              	@ 0 "" 2
 396              	@ 513 "Middlewares/Third_Party/FreeRTOS/Source/CMSIS_RTOS/cmsis_os.c" 1
 397 003c BFF36F8F 		isb
 398              	@ 0 "" 2
 399              		.thumb
 400              		.syntax unified
 401 0040 07E0     		b	.L47
 402              	.L45:
 403 0042 02AB     		add	r3, sp, #8
 404 0044 0122     		movs	r2, #1
 405 0046 2946     		mov	r1, r5
 406 0048 2046     		mov	r0, r4
 407 004a FFF7FEFF 		bl	xTaskGenericNotify
 408 004e 0128     		cmp	r0, #1
 409 0050 05D1     		bne	.L49
 410              	.L47:
 411 0052 0298     		ldr	r0, [sp, #8]
 412              	.L44:
 413 0054 05B0     		add	sp, sp, #20
 414              		@ sp needed
 415 0056 30BD     		pop	{r4, r5, pc}
 416              	.L48:
 417 0058 4FF00040 		mov	r0, #-2147483648
 418 005c FAE7     		b	.L44
 419              	.L49:
 420 005e 4FF00040 		mov	r0, #-2147483648
 421 0062 F7E7     		b	.L44
 423              		.section	.text.osSignalWait,"ax",%progbits
 424              		.align	1
 425              		.global	osSignalWait
 426              		.syntax unified
 427              		.thumb
 428              		.thumb_func
 430              	osSignalWait:
 431              		@ args = 0, pretend = 0, frame = 16
 432              		@ frame_needed = 0, uses_anonymous_args = 0
 433 0000 70B5     		push	{r4, r5, r6, lr}
 434 0002 84B0     		sub	sp, sp, #16
 435 0004 0446     		mov	r4, r0
 436 0006 0E46     		mov	r6, r1
ARM GAS  C:\Users\datpt\AppData\Local\Temp\ccI27Zy2.s 			page 8


 437 0008 1546     		mov	r5, r2
 438 000a 0023     		movs	r3, #0
 439 000c 0293     		str	r3, [sp, #8]
 440 000e FFF7FEFF 		bl	inHandlerMode
 441 0012 48B1     		cbz	r0, .L52
 442 0014 8223     		movs	r3, #130
 443 0016 0193     		str	r3, [sp, #4]
 444              	.L53:
 445 0018 04AB     		add	r3, sp, #16
 446 001a 13E90700 		ldmdb	r3, {r0, r1, r2}
 447 001e 84E80700 		stm	r4, {r0, r1, r2}
 448 0022 2046     		mov	r0, r4
 449 0024 04B0     		add	sp, sp, #16
 450              		@ sp needed
 451 0026 70BD     		pop	{r4, r5, r6, pc}
 452              	.L52:
 453 0028 2B46     		mov	r3, r5
 454 002a 02AA     		add	r2, sp, #8
 455 002c 3146     		mov	r1, r6
 456 002e 0020     		movs	r0, #0
 457 0030 FFF7FEFF 		bl	xTaskNotifyWait
 458 0034 0128     		cmp	r0, #1
 459 0036 06D0     		beq	.L54
 460 0038 15B9     		cbnz	r5, .L55
 461 003a 0023     		movs	r3, #0
 462 003c 0193     		str	r3, [sp, #4]
 463 003e EBE7     		b	.L53
 464              	.L55:
 465 0040 4023     		movs	r3, #64
 466 0042 0193     		str	r3, [sp, #4]
 467 0044 E8E7     		b	.L53
 468              	.L54:
 469 0046 029B     		ldr	r3, [sp, #8]
 470 0048 002B     		cmp	r3, #0
 471 004a 02DB     		blt	.L58
 472 004c 0823     		movs	r3, #8
 473 004e 0193     		str	r3, [sp, #4]
 474 0050 E2E7     		b	.L53
 475              	.L58:
 476 0052 8623     		movs	r3, #134
 477 0054 0193     		str	r3, [sp, #4]
 478 0056 DFE7     		b	.L53
 480              		.section	.text.osMutexCreate,"ax",%progbits
 481              		.align	1
 482              		.global	osMutexCreate
 483              		.syntax unified
 484              		.thumb
 485              		.thumb_func
 487              	osMutexCreate:
 488              		@ args = 0, pretend = 0, frame = 0
 489              		@ frame_needed = 0, uses_anonymous_args = 0
 490 0000 08B5     		push	{r3, lr}
 491 0002 4168     		ldr	r1, [r0, #4]
 492 0004 19B1     		cbz	r1, .L60
 493 0006 0120     		movs	r0, #1
 494 0008 FFF7FEFF 		bl	xQueueCreateMutexStatic
 495              	.L59:
ARM GAS  C:\Users\datpt\AppData\Local\Temp\ccI27Zy2.s 			page 9


 496 000c 08BD     		pop	{r3, pc}
 497              	.L60:
 498 000e 0120     		movs	r0, #1
 499 0010 FFF7FEFF 		bl	xQueueCreateMutex
 500 0014 FAE7     		b	.L59
 502              		.section	.text.osMutexWait,"ax",%progbits
 503              		.align	1
 504              		.global	osMutexWait
 505              		.syntax unified
 506              		.thumb
 507              		.thumb_func
 509              	osMutexWait:
 510              		@ args = 0, pretend = 0, frame = 8
 511              		@ frame_needed = 0, uses_anonymous_args = 0
 512 0000 30B5     		push	{r4, r5, lr}
 513 0002 83B0     		sub	sp, sp, #12
 514 0004 0023     		movs	r3, #0
 515 0006 0193     		str	r3, [sp, #4]
 516 0008 10B3     		cbz	r0, .L66
 517 000a 0C46     		mov	r4, r1
 518 000c 0546     		mov	r5, r0
 519 000e FFF7FEFF 		bl	inHandlerMode
 520 0012 A0B1     		cbz	r0, .L65
 521 0014 01AA     		add	r2, sp, #4
 522 0016 0021     		movs	r1, #0
 523 0018 2846     		mov	r0, r5
 524 001a FFF7FEFF 		bl	xQueueReceiveFromISR
 525 001e 0128     		cmp	r0, #1
 526 0020 18D1     		bne	.L67
 527 0022 019B     		ldr	r3, [sp, #4]
 528 0024 C3B1     		cbz	r3, .L68
 529 0026 4FF0E023 		mov	r3, #-536813568
 530 002a 4FF08052 		mov	r2, #268435456
 531 002e C3F8042D 		str	r2, [r3, #3332]
 532              		.syntax unified
 533              	@ 651 "Middlewares/Third_Party/FreeRTOS/Source/CMSIS_RTOS/cmsis_os.c" 1
 534 0032 BFF34F8F 		dsb
 535              	@ 0 "" 2
 536              	@ 651 "Middlewares/Third_Party/FreeRTOS/Source/CMSIS_RTOS/cmsis_os.c" 1
 537 0036 BFF36F8F 		isb
 538              	@ 0 "" 2
 539              		.thumb
 540              		.syntax unified
 541 003a 0020     		movs	r0, #0
 542 003c 06E0     		b	.L63
 543              	.L65:
 544 003e 2146     		mov	r1, r4
 545 0040 2846     		mov	r0, r5
 546 0042 FFF7FEFF 		bl	xQueueSemaphoreTake
 547 0046 0128     		cmp	r0, #1
 548 0048 08D1     		bne	.L69
 549 004a 0020     		movs	r0, #0
 550              	.L63:
 551 004c 03B0     		add	sp, sp, #12
 552              		@ sp needed
 553 004e 30BD     		pop	{r4, r5, pc}
 554              	.L66:
ARM GAS  C:\Users\datpt\AppData\Local\Temp\ccI27Zy2.s 			page 10


 555 0050 8020     		movs	r0, #128
 556 0052 FBE7     		b	.L63
 557              	.L67:
 558 0054 FF20     		movs	r0, #255
 559 0056 F9E7     		b	.L63
 560              	.L68:
 561 0058 0020     		movs	r0, #0
 562 005a F7E7     		b	.L63
 563              	.L69:
 564 005c FF20     		movs	r0, #255
 565 005e F5E7     		b	.L63
 567              		.section	.text.osMutexRelease,"ax",%progbits
 568              		.align	1
 569              		.global	osMutexRelease
 570              		.syntax unified
 571              		.thumb
 572              		.thumb_func
 574              	osMutexRelease:
 575              		@ args = 0, pretend = 0, frame = 8
 576              		@ frame_needed = 0, uses_anonymous_args = 0
 577 0000 10B5     		push	{r4, lr}
 578 0002 82B0     		sub	sp, sp, #8
 579 0004 0446     		mov	r4, r0
 580 0006 0023     		movs	r3, #0
 581 0008 0193     		str	r3, [sp, #4]
 582 000a FFF7FEFF 		bl	inHandlerMode
 583 000e 98B1     		cbz	r0, .L72
 584 0010 01A9     		add	r1, sp, #4
 585 0012 2046     		mov	r0, r4
 586 0014 FFF7FEFF 		bl	xQueueGiveFromISR
 587 0018 0128     		cmp	r0, #1
 588 001a 1AD1     		bne	.L74
 589 001c 019B     		ldr	r3, [sp, #4]
 590 001e D3B1     		cbz	r3, .L75
 591 0020 4FF0E023 		mov	r3, #-536813568
 592 0024 4FF08052 		mov	r2, #268435456
 593 0028 C3F8042D 		str	r2, [r3, #3332]
 594              		.syntax unified
 595              	@ 675 "Middlewares/Third_Party/FreeRTOS/Source/CMSIS_RTOS/cmsis_os.c" 1
 596 002c BFF34F8F 		dsb
 597              	@ 0 "" 2
 598              	@ 675 "Middlewares/Third_Party/FreeRTOS/Source/CMSIS_RTOS/cmsis_os.c" 1
 599 0030 BFF36F8F 		isb
 600              	@ 0 "" 2
 601              		.thumb
 602              		.syntax unified
 603 0034 0020     		movs	r0, #0
 604 0036 08E0     		b	.L71
 605              	.L72:
 606 0038 0023     		movs	r3, #0
 607 003a 1A46     		mov	r2, r3
 608 003c 1946     		mov	r1, r3
 609 003e 2046     		mov	r0, r4
 610 0040 FFF7FEFF 		bl	xQueueGenericSend
 611 0044 0128     		cmp	r0, #1
 612 0046 02D0     		beq	.L78
 613 0048 FF20     		movs	r0, #255
ARM GAS  C:\Users\datpt\AppData\Local\Temp\ccI27Zy2.s 			page 11


 614              	.L71:
 615 004a 02B0     		add	sp, sp, #8
 616              		@ sp needed
 617 004c 10BD     		pop	{r4, pc}
 618              	.L78:
 619 004e 0020     		movs	r0, #0
 620 0050 FBE7     		b	.L71
 621              	.L74:
 622 0052 FF20     		movs	r0, #255
 623 0054 F9E7     		b	.L71
 624              	.L75:
 625 0056 0020     		movs	r0, #0
 626 0058 F7E7     		b	.L71
 628              		.section	.text.osMutexDelete,"ax",%progbits
 629              		.align	1
 630              		.global	osMutexDelete
 631              		.syntax unified
 632              		.thumb
 633              		.thumb_func
 635              	osMutexDelete:
 636              		@ args = 0, pretend = 0, frame = 0
 637              		@ frame_needed = 0, uses_anonymous_args = 0
 638 0000 10B5     		push	{r4, lr}
 639 0002 0446     		mov	r4, r0
 640 0004 FFF7FEFF 		bl	inHandlerMode
 641 0008 20B9     		cbnz	r0, .L81
 642 000a 2046     		mov	r0, r4
 643 000c FFF7FEFF 		bl	vQueueDelete
 644 0010 0020     		movs	r0, #0
 645              	.L79:
 646 0012 10BD     		pop	{r4, pc}
 647              	.L81:
 648 0014 8220     		movs	r0, #130
 649 0016 FCE7     		b	.L79
 651              		.section	.text.osSemaphoreCreate,"ax",%progbits
 652              		.align	1
 653              		.global	osSemaphoreCreate
 654              		.syntax unified
 655              		.thumb
 656              		.thumb_func
 658              	osSemaphoreCreate:
 659              		@ args = 0, pretend = 0, frame = 0
 660              		@ frame_needed = 0, uses_anonymous_args = 0
 661 0000 10B5     		push	{r4, lr}
 662 0002 82B0     		sub	sp, sp, #8
 663 0004 4468     		ldr	r4, [r0, #4]
 664 0006 7CB1     		cbz	r4, .L84
 665 0008 0129     		cmp	r1, #1
 666 000a 03D0     		beq	.L89
 667 000c 0024     		movs	r4, #0
 668              	.L83:
 669 000e 2046     		mov	r0, r4
 670 0010 02B0     		add	sp, sp, #8
 671              		@ sp needed
 672 0012 10BD     		pop	{r4, pc}
 673              	.L89:
 674 0014 0323     		movs	r3, #3
ARM GAS  C:\Users\datpt\AppData\Local\Temp\ccI27Zy2.s 			page 12


 675 0016 0093     		str	r3, [sp]
 676 0018 2346     		mov	r3, r4
 677 001a 0022     		movs	r2, #0
 678 001c 1146     		mov	r1, r2
 679 001e 0120     		movs	r0, #1
 680 0020 FFF7FEFF 		bl	xQueueGenericCreateStatic
 681 0024 0446     		mov	r4, r0
 682 0026 F2E7     		b	.L83
 683              	.L84:
 684 0028 0129     		cmp	r1, #1
 685 002a F0D1     		bne	.L83
 686 002c 0322     		movs	r2, #3
 687 002e 0021     		movs	r1, #0
 688 0030 0120     		movs	r0, #1
 689 0032 FFF7FEFF 		bl	xQueueGenericCreate
 690 0036 0446     		mov	r4, r0
 691 0038 0028     		cmp	r0, #0
 692 003a E8D0     		beq	.L83
 693 003c 0023     		movs	r3, #0
 694 003e 1A46     		mov	r2, r3
 695 0040 1946     		mov	r1, r3
 696 0042 FFF7FEFF 		bl	xQueueGenericSend
 697 0046 E2E7     		b	.L83
 699              		.section	.text.osSemaphoreWait,"ax",%progbits
 700              		.align	1
 701              		.global	osSemaphoreWait
 702              		.syntax unified
 703              		.thumb
 704              		.thumb_func
 706              	osSemaphoreWait:
 707              		@ args = 0, pretend = 0, frame = 8
 708              		@ frame_needed = 0, uses_anonymous_args = 0
 709 0000 70B5     		push	{r4, r5, r6, lr}
 710 0002 82B0     		sub	sp, sp, #8
 711 0004 0023     		movs	r3, #0
 712 0006 0193     		str	r3, [sp, #4]
 713 0008 18B3     		cbz	r0, .L93
 714 000a 0C46     		mov	r4, r1
 715 000c 0646     		mov	r6, r0
 716 000e FFF7FEFF 		bl	inHandlerMode
 717 0012 0546     		mov	r5, r0
 718 0014 A0B1     		cbz	r0, .L92
 719 0016 01AA     		add	r2, sp, #4
 720 0018 0021     		movs	r1, #0
 721 001a 3046     		mov	r0, r6
 722 001c FFF7FEFF 		bl	xQueueReceiveFromISR
 723 0020 0128     		cmp	r0, #1
 724 0022 18D1     		bne	.L94
 725 0024 019D     		ldr	r5, [sp, #4]
 726 0026 8DB1     		cbz	r5, .L90
 727 0028 4FF0E023 		mov	r3, #-536813568
 728 002c 4FF08052 		mov	r2, #268435456
 729 0030 C3F8042D 		str	r2, [r3, #3332]
 730              		.syntax unified
 731              	@ 804 "Middlewares/Third_Party/FreeRTOS/Source/CMSIS_RTOS/cmsis_os.c" 1
 732 0034 BFF34F8F 		dsb
 733              	@ 0 "" 2
ARM GAS  C:\Users\datpt\AppData\Local\Temp\ccI27Zy2.s 			page 13


 734              	@ 804 "Middlewares/Third_Party/FreeRTOS/Source/CMSIS_RTOS/cmsis_os.c" 1
 735 0038 BFF36F8F 		isb
 736              	@ 0 "" 2
 737              		.thumb
 738              		.syntax unified
 739 003c 0025     		movs	r5, #0
 740 003e 05E0     		b	.L90
 741              	.L92:
 742 0040 2146     		mov	r1, r4
 743 0042 3046     		mov	r0, r6
 744 0044 FFF7FEFF 		bl	xQueueSemaphoreTake
 745 0048 0128     		cmp	r0, #1
 746 004a 06D1     		bne	.L97
 747              	.L90:
 748 004c 2846     		mov	r0, r5
 749 004e 02B0     		add	sp, sp, #8
 750              		@ sp needed
 751 0050 70BD     		pop	{r4, r5, r6, pc}
 752              	.L93:
 753 0052 8025     		movs	r5, #128
 754 0054 FAE7     		b	.L90
 755              	.L94:
 756 0056 FF25     		movs	r5, #255
 757 0058 F8E7     		b	.L90
 758              	.L97:
 759 005a FF25     		movs	r5, #255
 760 005c F6E7     		b	.L90
 762              		.section	.text.osSemaphoreRelease,"ax",%progbits
 763              		.align	1
 764              		.global	osSemaphoreRelease
 765              		.syntax unified
 766              		.thumb
 767              		.thumb_func
 769              	osSemaphoreRelease:
 770              		@ args = 0, pretend = 0, frame = 8
 771              		@ frame_needed = 0, uses_anonymous_args = 0
 772 0000 10B5     		push	{r4, lr}
 773 0002 82B0     		sub	sp, sp, #8
 774 0004 0446     		mov	r4, r0
 775 0006 0023     		movs	r3, #0
 776 0008 0193     		str	r3, [sp, #4]
 777 000a FFF7FEFF 		bl	inHandlerMode
 778 000e 98B1     		cbz	r0, .L99
 779 0010 01A9     		add	r1, sp, #4
 780 0012 2046     		mov	r0, r4
 781 0014 FFF7FEFF 		bl	xQueueGiveFromISR
 782 0018 0128     		cmp	r0, #1
 783 001a 1AD1     		bne	.L101
 784 001c 019B     		ldr	r3, [sp, #4]
 785 001e D3B1     		cbz	r3, .L102
 786 0020 4FF0E023 		mov	r3, #-536813568
 787 0024 4FF08052 		mov	r2, #268435456
 788 0028 C3F8042D 		str	r2, [r3, #3332]
 789              		.syntax unified
 790              	@ 829 "Middlewares/Third_Party/FreeRTOS/Source/CMSIS_RTOS/cmsis_os.c" 1
 791 002c BFF34F8F 		dsb
 792              	@ 0 "" 2
ARM GAS  C:\Users\datpt\AppData\Local\Temp\ccI27Zy2.s 			page 14


 793              	@ 829 "Middlewares/Third_Party/FreeRTOS/Source/CMSIS_RTOS/cmsis_os.c" 1
 794 0030 BFF36F8F 		isb
 795              	@ 0 "" 2
 796              		.thumb
 797              		.syntax unified
 798 0034 0020     		movs	r0, #0
 799 0036 08E0     		b	.L98
 800              	.L99:
 801 0038 0023     		movs	r3, #0
 802 003a 1A46     		mov	r2, r3
 803 003c 1946     		mov	r1, r3
 804 003e 2046     		mov	r0, r4
 805 0040 FFF7FEFF 		bl	xQueueGenericSend
 806 0044 0128     		cmp	r0, #1
 807 0046 02D0     		beq	.L105
 808 0048 FF20     		movs	r0, #255
 809              	.L98:
 810 004a 02B0     		add	sp, sp, #8
 811              		@ sp needed
 812 004c 10BD     		pop	{r4, pc}
 813              	.L105:
 814 004e 0020     		movs	r0, #0
 815 0050 FBE7     		b	.L98
 816              	.L101:
 817 0052 FF20     		movs	r0, #255
 818 0054 F9E7     		b	.L98
 819              	.L102:
 820 0056 0020     		movs	r0, #0
 821 0058 F7E7     		b	.L98
 823              		.section	.text.osSemaphoreDelete,"ax",%progbits
 824              		.align	1
 825              		.global	osSemaphoreDelete
 826              		.syntax unified
 827              		.thumb
 828              		.thumb_func
 830              	osSemaphoreDelete:
 831              		@ args = 0, pretend = 0, frame = 0
 832              		@ frame_needed = 0, uses_anonymous_args = 0
 833 0000 10B5     		push	{r4, lr}
 834 0002 0446     		mov	r4, r0
 835 0004 FFF7FEFF 		bl	inHandlerMode
 836 0008 20B9     		cbnz	r0, .L108
 837 000a 2046     		mov	r0, r4
 838 000c FFF7FEFF 		bl	vQueueDelete
 839 0010 0020     		movs	r0, #0
 840              	.L106:
 841 0012 10BD     		pop	{r4, pc}
 842              	.L108:
 843 0014 8220     		movs	r0, #130
 844 0016 FCE7     		b	.L106
 846              		.section	.text.osPoolCreate,"ax",%progbits
 847              		.align	1
 848              		.global	osPoolCreate
 849              		.syntax unified
 850              		.thumb
 851              		.thumb_func
 853              	osPoolCreate:
ARM GAS  C:\Users\datpt\AppData\Local\Temp\ccI27Zy2.s 			page 15


 854              		@ args = 0, pretend = 0, frame = 0
 855              		@ frame_needed = 0, uses_anonymous_args = 0
 856 0000 F8B5     		push	{r3, r4, r5, r6, r7, lr}
 857 0002 0446     		mov	r4, r0
 858 0004 4368     		ldr	r3, [r0, #4]
 859 0006 0333     		adds	r3, r3, #3
 860 0008 23F00306 		bic	r6, r3, #3
 861 000c 1420     		movs	r0, #20
 862 000e FFF7FEFF 		bl	pvPortMalloc
 863 0012 0546     		mov	r5, r0
 864 0014 D8B1     		cbz	r0, .L110
 865 0016 2368     		ldr	r3, [r4]
 866 0018 8360     		str	r3, [r0, #8]
 867 001a C660     		str	r6, [r0, #12]
 868 001c 0023     		movs	r3, #0
 869 001e 0361     		str	r3, [r0, #16]
 870 0020 2068     		ldr	r0, [r4]
 871 0022 FFF7FEFF 		bl	pvPortMalloc
 872 0026 0746     		mov	r7, r0
 873 0028 6860     		str	r0, [r5, #4]
 874 002a D0B1     		cbz	r0, .L112
 875 002c 2068     		ldr	r0, [r4]
 876 002e 06FB00F0 		mul	r0, r6, r0
 877 0032 FFF7FEFF 		bl	pvPortMalloc
 878 0036 0646     		mov	r6, r0
 879 0038 2860     		str	r0, [r5]
 880 003a 50B1     		cbz	r0, .L119
 881 003c 0023     		movs	r3, #0
 882 003e 03E0     		b	.L113
 883              	.L115:
 884 0040 6A68     		ldr	r2, [r5, #4]
 885 0042 0021     		movs	r1, #0
 886 0044 D154     		strb	r1, [r2, r3]
 887 0046 0133     		adds	r3, r3, #1
 888              	.L113:
 889 0048 2268     		ldr	r2, [r4]
 890 004a 9A42     		cmp	r2, r3
 891 004c F8D8     		bhi	.L115
 892              	.L110:
 893 004e 2846     		mov	r0, r5
 894 0050 F8BD     		pop	{r3, r4, r5, r6, r7, pc}
 895              	.L119:
 896 0052 6868     		ldr	r0, [r5, #4]
 897 0054 FFF7FEFF 		bl	vPortFree
 898 0058 2846     		mov	r0, r5
 899 005a FFF7FEFF 		bl	vPortFree
 900 005e 3546     		mov	r5, r6
 901 0060 F5E7     		b	.L110
 902              	.L112:
 903 0062 2846     		mov	r0, r5
 904 0064 FFF7FEFF 		bl	vPortFree
 905 0068 3D46     		mov	r5, r7
 906 006a F0E7     		b	.L110
 908              		.section	.text.osPoolAlloc,"ax",%progbits
 909              		.align	1
 910              		.global	osPoolAlloc
 911              		.syntax unified
ARM GAS  C:\Users\datpt\AppData\Local\Temp\ccI27Zy2.s 			page 16


 912              		.thumb
 913              		.thumb_func
 915              	osPoolAlloc:
 916              		@ args = 0, pretend = 0, frame = 0
 917              		@ frame_needed = 0, uses_anonymous_args = 0
 918 0000 70B5     		push	{r4, r5, r6, lr}
 919 0002 0446     		mov	r4, r0
 920 0004 FFF7FEFF 		bl	inHandlerMode
 921 0008 58B1     		cbz	r0, .L121
 922              		.syntax unified
 923              	@ 213 "Middlewares/Third_Party/FreeRTOS/Source/portable/GCC/ARM_CM3/portmacro.h" 1
 924 000a EFF31185 			mrs r5, basepri											
 925 000e 4FF05003 		mov r3, #80												
 926 0012 83F31188 		msr basepri, r3											
 927 0016 BFF36F8F 		isb														
 928 001a BFF34F8F 		dsb														
 929              	
 930              	@ 0 "" 2
 931              		.thumb
 932              		.syntax unified
 933              	.L122:
 934 001e 0021     		movs	r1, #0
 935 0020 04E0     		b	.L123
 936              	.L121:
 937 0022 0546     		mov	r5, r0
 938 0024 FFF7FEFF 		bl	vPortEnterCritical
 939 0028 F9E7     		b	.L122
 940              	.L124:
 941 002a 0131     		adds	r1, r1, #1
 942              	.L123:
 943 002c A268     		ldr	r2, [r4, #8]
 944 002e 8A42     		cmp	r2, r1
 945 0030 11D9     		bls	.L130
 946 0032 2369     		ldr	r3, [r4, #16]
 947 0034 0B44     		add	r3, r3, r1
 948 0036 B3FBF2F0 		udiv	r0, r3, r2
 949 003a 02FB1033 		mls	r3, r2, r0, r3
 950 003e 6268     		ldr	r2, [r4, #4]
 951 0040 D05C     		ldrb	r0, [r2, r3]	@ zero_extendqisi2
 952 0042 0028     		cmp	r0, #0
 953 0044 F1D1     		bne	.L124
 954 0046 0121     		movs	r1, #1
 955 0048 D154     		strb	r1, [r2, r3]
 956 004a 2668     		ldr	r6, [r4]
 957 004c E268     		ldr	r2, [r4, #12]
 958 004e 03FB0266 		mla	r6, r3, r2, r6
 959 0052 2361     		str	r3, [r4, #16]
 960 0054 00E0     		b	.L125
 961              	.L130:
 962 0056 0026     		movs	r6, #0
 963              	.L125:
 964 0058 FFF7FEFF 		bl	inHandlerMode
 965 005c 18B1     		cbz	r0, .L127
 966              		.syntax unified
 967              	@ 231 "Middlewares/Third_Party/FreeRTOS/Source/portable/GCC/ARM_CM3/portmacro.h" 1
 968 005e 85F31188 			msr basepri, r5	
 969              	@ 0 "" 2
ARM GAS  C:\Users\datpt\AppData\Local\Temp\ccI27Zy2.s 			page 17


 970              		.thumb
 971              		.syntax unified
 972              	.L120:
 973 0062 3046     		mov	r0, r6
 974 0064 70BD     		pop	{r4, r5, r6, pc}
 975              	.L127:
 976 0066 FFF7FEFF 		bl	vPortExitCritical
 977 006a FAE7     		b	.L120
 979              		.section	.text.osPoolCAlloc,"ax",%progbits
 980              		.align	1
 981              		.global	osPoolCAlloc
 982              		.syntax unified
 983              		.thumb
 984              		.thumb_func
 986              	osPoolCAlloc:
 987              		@ args = 0, pretend = 0, frame = 0
 988              		@ frame_needed = 0, uses_anonymous_args = 0
 989 0000 08B5     		push	{r3, lr}
 990 0002 FFF7FEFF 		bl	osPoolAlloc
 991 0006 08B1     		cbz	r0, .L131
 992 0008 0023     		movs	r3, #0
 993 000a 0360     		str	r3, [r0]	@ unaligned
 994              	.L131:
 995 000c 08BD     		pop	{r3, pc}
 997              		.section	.text.osPoolFree,"ax",%progbits
 998              		.align	1
 999              		.global	osPoolFree
 1000              		.syntax unified
 1001              		.thumb
 1002              		.thumb_func
 1004              	osPoolFree:
 1005              		@ args = 0, pretend = 0, frame = 0
 1006              		@ frame_needed = 0, uses_anonymous_args = 0
 1007              		@ link register save eliminated.
 1008 0000 0346     		mov	r3, r0
 1009 0002 98B1     		cbz	r0, .L136
 1010 0004 A1B1     		cbz	r1, .L137
 1011 0006 0268     		ldr	r2, [r0]
 1012 0008 8A42     		cmp	r2, r1
 1013 000a 13D8     		bhi	.L138
 1014 000c 891A     		subs	r1, r1, r2
 1015 000e C268     		ldr	r2, [r0, #12]
 1016 0010 B1FBF2F0 		udiv	r0, r1, r2
 1017 0014 02FB1010 		mls	r0, r2, r0, r1
 1018 0018 70B9     		cbnz	r0, .L139
 1019 001a B1FBF2F1 		udiv	r1, r1, r2
 1020 001e 9A68     		ldr	r2, [r3, #8]
 1021 0020 8A42     		cmp	r2, r1
 1022 0022 0BD9     		bls	.L140
 1023 0024 5B68     		ldr	r3, [r3, #4]
 1024 0026 0022     		movs	r2, #0
 1025 0028 5A54     		strb	r2, [r3, r1]
 1026 002a 7047     		bx	lr
 1027              	.L136:
 1028 002c 8020     		movs	r0, #128
 1029 002e 7047     		bx	lr
 1030              	.L137:
ARM GAS  C:\Users\datpt\AppData\Local\Temp\ccI27Zy2.s 			page 18


 1031 0030 8020     		movs	r0, #128
 1032 0032 7047     		bx	lr
 1033              	.L138:
 1034 0034 8020     		movs	r0, #128
 1035 0036 7047     		bx	lr
 1036              	.L139:
 1037 0038 8020     		movs	r0, #128
 1038 003a 7047     		bx	lr
 1039              	.L140:
 1040 003c 8020     		movs	r0, #128
 1041 003e 7047     		bx	lr
 1043              		.section	.text.osMessageCreate,"ax",%progbits
 1044              		.align	1
 1045              		.global	osMessageCreate
 1046              		.syntax unified
 1047              		.thumb
 1048              		.thumb_func
 1050              	osMessageCreate:
 1051              		@ args = 0, pretend = 0, frame = 0
 1052              		@ frame_needed = 0, uses_anonymous_args = 0
 1053 0000 00B5     		push	{lr}
 1054 0002 83B0     		sub	sp, sp, #12
 1055 0004 8268     		ldr	r2, [r0, #8]
 1056 0006 42B1     		cbz	r2, .L142
 1057 0008 C368     		ldr	r3, [r0, #12]
 1058 000a 33B1     		cbz	r3, .L142
 1059 000c 0021     		movs	r1, #0
 1060 000e 0091     		str	r1, [sp]
 1061 0010 4168     		ldr	r1, [r0, #4]
 1062 0012 0068     		ldr	r0, [r0]
 1063 0014 FFF7FEFF 		bl	xQueueGenericCreateStatic
 1064 0018 04E0     		b	.L141
 1065              	.L142:
 1066 001a 0022     		movs	r2, #0
 1067 001c 4168     		ldr	r1, [r0, #4]
 1068 001e 0068     		ldr	r0, [r0]
 1069 0020 FFF7FEFF 		bl	xQueueGenericCreate
 1070              	.L141:
 1071 0024 03B0     		add	sp, sp, #12
 1072              		@ sp needed
 1073 0026 5DF804FB 		ldr	pc, [sp], #4
 1075              		.section	.text.osMessagePut,"ax",%progbits
 1076              		.align	1
 1077              		.global	osMessagePut
 1078              		.syntax unified
 1079              		.thumb
 1080              		.thumb_func
 1082              	osMessagePut:
 1083              		@ args = 0, pretend = 0, frame = 16
 1084              		@ frame_needed = 0, uses_anonymous_args = 0
 1085 0000 30B5     		push	{r4, r5, lr}
 1086 0002 85B0     		sub	sp, sp, #20
 1087 0004 0446     		mov	r4, r0
 1088 0006 0191     		str	r1, [sp, #4]
 1089 0008 0023     		movs	r3, #0
 1090 000a 0393     		str	r3, [sp, #12]
 1091 000c 1546     		mov	r5, r2
ARM GAS  C:\Users\datpt\AppData\Local\Temp\ccI27Zy2.s 			page 19


 1092 000e 02B9     		cbnz	r2, .L146
 1093 0010 0125     		movs	r5, #1
 1094              	.L146:
 1095 0012 FFF7FEFF 		bl	inHandlerMode
 1096 0016 A8B1     		cbz	r0, .L147
 1097 0018 0023     		movs	r3, #0
 1098 001a 03AA     		add	r2, sp, #12
 1099 001c 01A9     		add	r1, sp, #4
 1100 001e 2046     		mov	r0, r4
 1101 0020 FFF7FEFF 		bl	xQueueGenericSendFromISR
 1102 0024 0128     		cmp	r0, #1
 1103 0026 18D1     		bne	.L150
 1104 0028 039B     		ldr	r3, [sp, #12]
 1105 002a C3B1     		cbz	r3, .L151
 1106 002c 4FF0E023 		mov	r3, #-536813568
 1107 0030 4FF08052 		mov	r2, #268435456
 1108 0034 C3F8042D 		str	r2, [r3, #3332]
 1109              		.syntax unified
 1110              	@ 1081 "Middlewares/Third_Party/FreeRTOS/Source/CMSIS_RTOS/cmsis_os.c" 1
 1111 0038 BFF34F8F 		dsb
 1112              	@ 0 "" 2
 1113              	@ 1081 "Middlewares/Third_Party/FreeRTOS/Source/CMSIS_RTOS/cmsis_os.c" 1
 1114 003c BFF36F8F 		isb
 1115              	@ 0 "" 2
 1116              		.thumb
 1117              		.syntax unified
 1118 0040 0020     		movs	r0, #0
 1119 0042 08E0     		b	.L145
 1120              	.L147:
 1121 0044 0023     		movs	r3, #0
 1122 0046 2A46     		mov	r2, r5
 1123 0048 01A9     		add	r1, sp, #4
 1124 004a 2046     		mov	r0, r4
 1125 004c FFF7FEFF 		bl	xQueueGenericSend
 1126 0050 0128     		cmp	r0, #1
 1127 0052 06D1     		bne	.L152
 1128 0054 0020     		movs	r0, #0
 1129              	.L145:
 1130 0056 05B0     		add	sp, sp, #20
 1131              		@ sp needed
 1132 0058 30BD     		pop	{r4, r5, pc}
 1133              	.L150:
 1134 005a FF20     		movs	r0, #255
 1135 005c FBE7     		b	.L145
 1136              	.L151:
 1137 005e 0020     		movs	r0, #0
 1138 0060 F9E7     		b	.L145
 1139              	.L152:
 1140 0062 FF20     		movs	r0, #255
 1141 0064 F7E7     		b	.L145
 1143              		.section	.text.osMessageGet,"ax",%progbits
 1144              		.align	1
 1145              		.global	osMessageGet
 1146              		.syntax unified
 1147              		.thumb
 1148              		.thumb_func
 1150              	osMessageGet:
ARM GAS  C:\Users\datpt\AppData\Local\Temp\ccI27Zy2.s 			page 20


 1151              		@ args = 0, pretend = 0, frame = 16
 1152              		@ frame_needed = 0, uses_anonymous_args = 0
 1153 0000 70B5     		push	{r4, r5, r6, lr}
 1154 0002 84B0     		sub	sp, sp, #16
 1155 0004 0446     		mov	r4, r0
 1156 0006 0291     		str	r1, [sp, #8]
 1157 0008 0023     		movs	r3, #0
 1158 000a 0193     		str	r3, [sp, #4]
 1159 000c E1B1     		cbz	r1, .L165
 1160 000e 0D46     		mov	r5, r1
 1161 0010 1646     		mov	r6, r2
 1162 0012 0023     		movs	r3, #0
 1163 0014 0393     		str	r3, [sp, #12]
 1164 0016 FFF7FEFF 		bl	inHandlerMode
 1165 001a 00B3     		cbz	r0, .L157
 1166 001c 03AA     		add	r2, sp, #12
 1167 001e 01A9     		add	r1, sp, #4
 1168 0020 2846     		mov	r0, r5
 1169 0022 FFF7FEFF 		bl	xQueueReceiveFromISR
 1170 0026 0128     		cmp	r0, #1
 1171 0028 16D0     		beq	.L166
 1172 002a 0023     		movs	r3, #0
 1173 002c 0093     		str	r3, [sp]
 1174              	.L159:
 1175 002e 039B     		ldr	r3, [sp, #12]
 1176 0030 FBB1     		cbz	r3, .L160
 1177 0032 4FF0E023 		mov	r3, #-536813568
 1178 0036 4FF08052 		mov	r2, #268435456
 1179 003a C3F8042D 		str	r2, [r3, #3332]
 1180              		.syntax unified
 1181              	@ 1134 "Middlewares/Third_Party/FreeRTOS/Source/CMSIS_RTOS/cmsis_os.c" 1
 1182 003e BFF34F8F 		dsb
 1183              	@ 0 "" 2
 1184              	@ 1134 "Middlewares/Third_Party/FreeRTOS/Source/CMSIS_RTOS/cmsis_os.c" 1
 1185 0042 BFF36F8F 		isb
 1186              	@ 0 "" 2
 1187              		.thumb
 1188              		.syntax unified
 1189 0046 14E0     		b	.L160
 1190              	.L165:
 1191 0048 8023     		movs	r3, #128
 1192 004a 0093     		str	r3, [sp]
 1193 004c 6B46     		mov	r3, sp
 1194 004e 93E80700 		ldm	r3, {r0, r1, r2}
 1195 0052 84E80700 		stm	r4, {r0, r1, r2}
 1196 0056 11E0     		b	.L154
 1197              	.L166:
 1198 0058 1023     		movs	r3, #16
 1199 005a 0093     		str	r3, [sp]
 1200 005c E7E7     		b	.L159
 1201              	.L157:
 1202 005e 3246     		mov	r2, r6
 1203 0060 01A9     		add	r1, sp, #4
 1204 0062 2846     		mov	r0, r5
 1205 0064 FFF7FEFF 		bl	xQueueReceive
 1206 0068 0128     		cmp	r0, #1
 1207 006a 0AD0     		beq	.L167
ARM GAS  C:\Users\datpt\AppData\Local\Temp\ccI27Zy2.s 			page 21


 1208 006c 06B1     		cbz	r6, .L162
 1209 006e 4026     		movs	r6, #64
 1210              	.L162:
 1211 0070 0096     		str	r6, [sp]
 1212              	.L160:
 1213 0072 6B46     		mov	r3, sp
 1214 0074 93E80700 		ldm	r3, {r0, r1, r2}
 1215 0078 84E80700 		stm	r4, {r0, r1, r2}
 1216              	.L154:
 1217 007c 2046     		mov	r0, r4
 1218 007e 04B0     		add	sp, sp, #16
 1219              		@ sp needed
 1220 0080 70BD     		pop	{r4, r5, r6, pc}
 1221              	.L167:
 1222 0082 1023     		movs	r3, #16
 1223 0084 0093     		str	r3, [sp]
 1224 0086 F4E7     		b	.L160
 1226              		.section	.text.osMailCreate,"ax",%progbits
 1227              		.align	1
 1228              		.global	osMailCreate
 1229              		.syntax unified
 1230              		.thumb
 1231              		.thumb_func
 1233              	osMailCreate:
 1234              		@ args = 0, pretend = 0, frame = 16
 1235              		@ frame_needed = 0, uses_anonymous_args = 0
 1236 0000 70B5     		push	{r4, r5, r6, lr}
 1237 0002 84B0     		sub	sp, sp, #16
 1238 0004 0446     		mov	r4, r0
 1239 0006 0368     		ldr	r3, [r0]
 1240 0008 0193     		str	r3, [sp, #4]
 1241 000a 4368     		ldr	r3, [r0, #4]
 1242 000c 0293     		str	r3, [sp, #8]
 1243 000e 0023     		movs	r3, #0
 1244 0010 0393     		str	r3, [sp, #12]
 1245 0012 8568     		ldr	r5, [r0, #8]
 1246 0014 0C20     		movs	r0, #12
 1247 0016 FFF7FEFF 		bl	pvPortMalloc
 1248 001a 2860     		str	r0, [r5]
 1249 001c A368     		ldr	r3, [r4, #8]
 1250 001e 1D68     		ldr	r5, [r3]
 1251 0020 A5B1     		cbz	r5, .L168
 1252 0022 2C60     		str	r4, [r5]
 1253 0024 A368     		ldr	r3, [r4, #8]
 1254 0026 1D68     		ldr	r5, [r3]
 1255 0028 0022     		movs	r2, #0
 1256 002a 0421     		movs	r1, #4
 1257 002c 2068     		ldr	r0, [r4]
 1258 002e FFF7FEFF 		bl	xQueueGenericCreate
 1259 0032 6860     		str	r0, [r5, #4]
 1260 0034 A368     		ldr	r3, [r4, #8]
 1261 0036 1E68     		ldr	r6, [r3]
 1262 0038 7568     		ldr	r5, [r6, #4]
 1263 003a 55B1     		cbz	r5, .L172
 1264 003c 01A8     		add	r0, sp, #4
 1265 003e FFF7FEFF 		bl	osPoolCreate
 1266 0042 B060     		str	r0, [r6, #8]
ARM GAS  C:\Users\datpt\AppData\Local\Temp\ccI27Zy2.s 			page 22


 1267 0044 A368     		ldr	r3, [r4, #8]
 1268 0046 1D68     		ldr	r5, [r3]
 1269 0048 AC68     		ldr	r4, [r5, #8]
 1270 004a 34B1     		cbz	r4, .L173
 1271              	.L168:
 1272 004c 2846     		mov	r0, r5
 1273 004e 04B0     		add	sp, sp, #16
 1274              		@ sp needed
 1275 0050 70BD     		pop	{r4, r5, r6, pc}
 1276              	.L172:
 1277 0052 3046     		mov	r0, r6
 1278 0054 FFF7FEFF 		bl	vPortFree
 1279 0058 F8E7     		b	.L168
 1280              	.L173:
 1281 005a 2846     		mov	r0, r5
 1282 005c FFF7FEFF 		bl	vPortFree
 1283 0060 2546     		mov	r5, r4
 1284 0062 F3E7     		b	.L168
 1286              		.section	.text.osMailAlloc,"ax",%progbits
 1287              		.align	1
 1288              		.global	osMailAlloc
 1289              		.syntax unified
 1290              		.thumb
 1291              		.thumb_func
 1293              	osMailAlloc:
 1294              		@ args = 0, pretend = 0, frame = 0
 1295              		@ frame_needed = 0, uses_anonymous_args = 0
 1296 0000 08B5     		push	{r3, lr}
 1297 0002 10B1     		cbz	r0, .L174
 1298 0004 8068     		ldr	r0, [r0, #8]
 1299 0006 FFF7FEFF 		bl	osPoolAlloc
 1300              	.L174:
 1301 000a 08BD     		pop	{r3, pc}
 1303              		.section	.text.osMailCAlloc,"ax",%progbits
 1304              		.align	1
 1305              		.global	osMailCAlloc
 1306              		.syntax unified
 1307              		.thumb
 1308              		.thumb_func
 1310              	osMailCAlloc:
 1311              		@ args = 0, pretend = 0, frame = 0
 1312              		@ frame_needed = 0, uses_anonymous_args = 0
 1313 0000 10B5     		push	{r4, lr}
 1314 0002 0446     		mov	r4, r0
 1315 0004 FFF7FEFF 		bl	osMailAlloc
 1316 0008 0146     		mov	r1, r0
 1317 000a 40B1     		cbz	r0, .L178
 1318 000c 0023     		movs	r3, #0
 1319 000e 02E0     		b	.L179
 1320              	.L181:
 1321 0010 0022     		movs	r2, #0
 1322 0012 CA54     		strb	r2, [r1, r3]
 1323 0014 0133     		adds	r3, r3, #1
 1324              	.L179:
 1325 0016 2268     		ldr	r2, [r4]
 1326 0018 5268     		ldr	r2, [r2, #4]
 1327 001a 9A42     		cmp	r2, r3
ARM GAS  C:\Users\datpt\AppData\Local\Temp\ccI27Zy2.s 			page 23


 1328 001c F8D8     		bhi	.L181
 1329              	.L178:
 1330 001e 0846     		mov	r0, r1
 1331 0020 10BD     		pop	{r4, pc}
 1333              		.section	.text.osMailPut,"ax",%progbits
 1334              		.align	1
 1335              		.global	osMailPut
 1336              		.syntax unified
 1337              		.thumb
 1338              		.thumb_func
 1340              	osMailPut:
 1341              		@ args = 0, pretend = 0, frame = 16
 1342              		@ frame_needed = 0, uses_anonymous_args = 0
 1343 0000 10B5     		push	{r4, lr}
 1344 0002 84B0     		sub	sp, sp, #16
 1345 0004 0191     		str	r1, [sp, #4]
 1346 0006 30B3     		cbz	r0, .L187
 1347 0008 0446     		mov	r4, r0
 1348 000a 0023     		movs	r3, #0
 1349 000c 0393     		str	r3, [sp, #12]
 1350 000e FFF7FEFF 		bl	inHandlerMode
 1351 0012 A8B1     		cbz	r0, .L186
 1352 0014 0023     		movs	r3, #0
 1353 0016 03AA     		add	r2, sp, #12
 1354 0018 01A9     		add	r1, sp, #4
 1355 001a 6068     		ldr	r0, [r4, #4]
 1356 001c FFF7FEFF 		bl	xQueueGenericSendFromISR
 1357 0020 0128     		cmp	r0, #1
 1358 0022 1AD1     		bne	.L188
 1359 0024 039B     		ldr	r3, [sp, #12]
 1360 0026 D3B1     		cbz	r3, .L189
 1361 0028 4FF0E023 		mov	r3, #-536813568
 1362 002c 4FF08052 		mov	r2, #268435456
 1363 0030 C3F8042D 		str	r2, [r3, #3332]
 1364              		.syntax unified
 1365              	@ 1272 "Middlewares/Third_Party/FreeRTOS/Source/CMSIS_RTOS/cmsis_os.c" 1
 1366 0034 BFF34F8F 		dsb
 1367              	@ 0 "" 2
 1368              	@ 1272 "Middlewares/Third_Party/FreeRTOS/Source/CMSIS_RTOS/cmsis_os.c" 1
 1369 0038 BFF36F8F 		isb
 1370              	@ 0 "" 2
 1371              		.thumb
 1372              		.syntax unified
 1373 003c 0020     		movs	r0, #0
 1374 003e 08E0     		b	.L184
 1375              	.L186:
 1376 0040 0023     		movs	r3, #0
 1377 0042 1A46     		mov	r2, r3
 1378 0044 01A9     		add	r1, sp, #4
 1379 0046 6068     		ldr	r0, [r4, #4]
 1380 0048 FFF7FEFF 		bl	xQueueGenericSend
 1381 004c 0128     		cmp	r0, #1
 1382 004e 08D1     		bne	.L190
 1383 0050 0020     		movs	r0, #0
 1384              	.L184:
 1385 0052 04B0     		add	sp, sp, #16
 1386              		@ sp needed
ARM GAS  C:\Users\datpt\AppData\Local\Temp\ccI27Zy2.s 			page 24


 1387 0054 10BD     		pop	{r4, pc}
 1388              	.L187:
 1389 0056 8020     		movs	r0, #128
 1390 0058 FBE7     		b	.L184
 1391              	.L188:
 1392 005a FF20     		movs	r0, #255
 1393 005c F9E7     		b	.L184
 1394              	.L189:
 1395 005e 0020     		movs	r0, #0
 1396 0060 F7E7     		b	.L184
 1397              	.L190:
 1398 0062 FF20     		movs	r0, #255
 1399 0064 F5E7     		b	.L184
 1401              		.section	.text.osMailGet,"ax",%progbits
 1402              		.align	1
 1403              		.global	osMailGet
 1404              		.syntax unified
 1405              		.thumb
 1406              		.thumb_func
 1408              	osMailGet:
 1409              		@ args = 0, pretend = 0, frame = 16
 1410              		@ frame_needed = 0, uses_anonymous_args = 0
 1411 0000 70B5     		push	{r4, r5, r6, lr}
 1412 0002 84B0     		sub	sp, sp, #16
 1413 0004 0446     		mov	r4, r0
 1414 0006 0291     		str	r1, [sp, #8]
 1415 0008 E1B1     		cbz	r1, .L203
 1416 000a 0D46     		mov	r5, r1
 1417 000c 1646     		mov	r6, r2
 1418 000e 0023     		movs	r3, #0
 1419 0010 0393     		str	r3, [sp, #12]
 1420 0012 FFF7FEFF 		bl	inHandlerMode
 1421 0016 00B3     		cbz	r0, .L195
 1422 0018 03AA     		add	r2, sp, #12
 1423 001a 01A9     		add	r1, sp, #4
 1424 001c 6868     		ldr	r0, [r5, #4]
 1425 001e FFF7FEFF 		bl	xQueueReceiveFromISR
 1426 0022 0128     		cmp	r0, #1
 1427 0024 16D0     		beq	.L204
 1428 0026 0023     		movs	r3, #0
 1429 0028 0093     		str	r3, [sp]
 1430              	.L197:
 1431 002a 039B     		ldr	r3, [sp, #12]
 1432 002c FBB1     		cbz	r3, .L198
 1433 002e 4FF0E023 		mov	r3, #-536813568
 1434 0032 4FF08052 		mov	r2, #268435456
 1435 0036 C3F8042D 		str	r2, [r3, #3332]
 1436              		.syntax unified
 1437              	@ 1324 "Middlewares/Third_Party/FreeRTOS/Source/CMSIS_RTOS/cmsis_os.c" 1
 1438 003a BFF34F8F 		dsb
 1439              	@ 0 "" 2
 1440              	@ 1324 "Middlewares/Third_Party/FreeRTOS/Source/CMSIS_RTOS/cmsis_os.c" 1
 1441 003e BFF36F8F 		isb
 1442              	@ 0 "" 2
 1443              		.thumb
 1444              		.syntax unified
 1445 0042 14E0     		b	.L198
ARM GAS  C:\Users\datpt\AppData\Local\Temp\ccI27Zy2.s 			page 25


 1446              	.L203:
 1447 0044 8023     		movs	r3, #128
 1448 0046 0093     		str	r3, [sp]
 1449 0048 6B46     		mov	r3, sp
 1450 004a 93E80700 		ldm	r3, {r0, r1, r2}
 1451 004e 84E80700 		stm	r4, {r0, r1, r2}
 1452 0052 11E0     		b	.L192
 1453              	.L204:
 1454 0054 2023     		movs	r3, #32
 1455 0056 0093     		str	r3, [sp]
 1456 0058 E7E7     		b	.L197
 1457              	.L195:
 1458 005a 3246     		mov	r2, r6
 1459 005c 01A9     		add	r1, sp, #4
 1460 005e 6868     		ldr	r0, [r5, #4]
 1461 0060 FFF7FEFF 		bl	xQueueReceive
 1462 0064 0128     		cmp	r0, #1
 1463 0066 0AD0     		beq	.L205
 1464 0068 06B1     		cbz	r6, .L200
 1465 006a 4026     		movs	r6, #64
 1466              	.L200:
 1467 006c 0096     		str	r6, [sp]
 1468              	.L198:
 1469 006e 6B46     		mov	r3, sp
 1470 0070 93E80700 		ldm	r3, {r0, r1, r2}
 1471 0074 84E80700 		stm	r4, {r0, r1, r2}
 1472              	.L192:
 1473 0078 2046     		mov	r0, r4
 1474 007a 04B0     		add	sp, sp, #16
 1475              		@ sp needed
 1476 007c 70BD     		pop	{r4, r5, r6, pc}
 1477              	.L205:
 1478 007e 2023     		movs	r3, #32
 1479 0080 0093     		str	r3, [sp]
 1480 0082 F4E7     		b	.L198
 1482              		.section	.text.osMailFree,"ax",%progbits
 1483              		.align	1
 1484              		.global	osMailFree
 1485              		.syntax unified
 1486              		.thumb
 1487              		.thumb_func
 1489              	osMailFree:
 1490              		@ args = 0, pretend = 0, frame = 0
 1491              		@ frame_needed = 0, uses_anonymous_args = 0
 1492 0000 20B1     		cbz	r0, .L208
 1493 0002 08B5     		push	{r3, lr}
 1494 0004 8068     		ldr	r0, [r0, #8]
 1495 0006 FFF7FEFF 		bl	osPoolFree
 1496 000a 08BD     		pop	{r3, pc}
 1497              	.L208:
 1498 000c 8020     		movs	r0, #128
 1499 000e 7047     		bx	lr
 1501              		.section	.text.osSystickHandler,"ax",%progbits
 1502              		.align	1
 1503              		.global	osSystickHandler
 1504              		.syntax unified
 1505              		.thumb
ARM GAS  C:\Users\datpt\AppData\Local\Temp\ccI27Zy2.s 			page 26


 1506              		.thumb_func
 1508              	osSystickHandler:
 1509              		@ args = 0, pretend = 0, frame = 0
 1510              		@ frame_needed = 0, uses_anonymous_args = 0
 1511 0000 08B5     		push	{r3, lr}
 1512 0002 FFF7FEFF 		bl	xTaskGetSchedulerState
 1513 0006 0128     		cmp	r0, #1
 1514 0008 00D1     		bne	.L216
 1515              	.L213:
 1516 000a 08BD     		pop	{r3, pc}
 1517              	.L216:
 1518 000c FFF7FEFF 		bl	SysTick_Handler
 1519 0010 FBE7     		b	.L213
 1521              		.section	.text.osThreadSuspend,"ax",%progbits
 1522              		.align	1
 1523              		.global	osThreadSuspend
 1524              		.syntax unified
 1525              		.thumb
 1526              		.thumb_func
 1528              	osThreadSuspend:
 1529              		@ args = 0, pretend = 0, frame = 0
 1530              		@ frame_needed = 0, uses_anonymous_args = 0
 1531 0000 08B5     		push	{r3, lr}
 1532 0002 FFF7FEFF 		bl	vTaskSuspend
 1533 0006 0020     		movs	r0, #0
 1534 0008 08BD     		pop	{r3, pc}
 1536              		.section	.text.osThreadResume,"ax",%progbits
 1537              		.align	1
 1538              		.global	osThreadResume
 1539              		.syntax unified
 1540              		.thumb
 1541              		.thumb_func
 1543              	osThreadResume:
 1544              		@ args = 0, pretend = 0, frame = 0
 1545              		@ frame_needed = 0, uses_anonymous_args = 0
 1546 0000 10B5     		push	{r4, lr}
 1547 0002 0446     		mov	r4, r0
 1548 0004 FFF7FEFF 		bl	inHandlerMode
 1549 0008 78B1     		cbz	r0, .L220
 1550 000a 2046     		mov	r0, r4
 1551 000c FFF7FEFF 		bl	xTaskResumeFromISR
 1552 0010 0128     		cmp	r0, #1
 1553 0012 0DD1     		bne	.L221
 1554 0014 4FF0E023 		mov	r3, #-536813568
 1555 0018 4FF08052 		mov	r2, #268435456
 1556 001c C3F8042D 		str	r2, [r3, #3332]
 1557              		.syntax unified
 1558              	@ 1455 "Middlewares/Third_Party/FreeRTOS/Source/CMSIS_RTOS/cmsis_os.c" 1
 1559 0020 BFF34F8F 		dsb
 1560              	@ 0 "" 2
 1561              	@ 1455 "Middlewares/Third_Party/FreeRTOS/Source/CMSIS_RTOS/cmsis_os.c" 1
 1562 0024 BFF36F8F 		isb
 1563              	@ 0 "" 2
 1564              		.thumb
 1565              		.syntax unified
 1566 0028 02E0     		b	.L221
 1567              	.L220:
ARM GAS  C:\Users\datpt\AppData\Local\Temp\ccI27Zy2.s 			page 27


 1568 002a 2046     		mov	r0, r4
 1569 002c FFF7FEFF 		bl	vTaskResume
 1570              	.L221:
 1571 0030 0020     		movs	r0, #0
 1572 0032 10BD     		pop	{r4, pc}
 1574              		.section	.text.osThreadSuspendAll,"ax",%progbits
 1575              		.align	1
 1576              		.global	osThreadSuspendAll
 1577              		.syntax unified
 1578              		.thumb
 1579              		.thumb_func
 1581              	osThreadSuspendAll:
 1582              		@ args = 0, pretend = 0, frame = 0
 1583              		@ frame_needed = 0, uses_anonymous_args = 0
 1584 0000 08B5     		push	{r3, lr}
 1585 0002 FFF7FEFF 		bl	vTaskSuspendAll
 1586 0006 0020     		movs	r0, #0
 1587 0008 08BD     		pop	{r3, pc}
 1589              		.section	.text.osThreadResumeAll,"ax",%progbits
 1590              		.align	1
 1591              		.global	osThreadResumeAll
 1592              		.syntax unified
 1593              		.thumb
 1594              		.thumb_func
 1596              	osThreadResumeAll:
 1597              		@ args = 0, pretend = 0, frame = 0
 1598              		@ frame_needed = 0, uses_anonymous_args = 0
 1599 0000 08B5     		push	{r3, lr}
 1600 0002 FFF7FEFF 		bl	xTaskResumeAll
 1601 0006 0128     		cmp	r0, #1
 1602 0008 01D0     		beq	.L229
 1603 000a FF20     		movs	r0, #255
 1604              	.L225:
 1605 000c 08BD     		pop	{r3, pc}
 1606              	.L229:
 1607 000e 0020     		movs	r0, #0
 1608 0010 FCE7     		b	.L225
 1610              		.section	.text.osDelayUntil,"ax",%progbits
 1611              		.align	1
 1612              		.global	osDelayUntil
 1613              		.syntax unified
 1614              		.thumb
 1615              		.thumb_func
 1617              	osDelayUntil:
 1618              		@ args = 0, pretend = 0, frame = 0
 1619              		@ frame_needed = 0, uses_anonymous_args = 0
 1620              		@ link register save eliminated.
 1621 0000 8120     		movs	r0, #129
 1622 0002 7047     		bx	lr
 1624              		.section	.text.osAbortDelay,"ax",%progbits
 1625              		.align	1
 1626              		.global	osAbortDelay
 1627              		.syntax unified
 1628              		.thumb
 1629              		.thumb_func
 1631              	osAbortDelay:
 1632              		@ args = 0, pretend = 0, frame = 0
ARM GAS  C:\Users\datpt\AppData\Local\Temp\ccI27Zy2.s 			page 28


 1633              		@ frame_needed = 0, uses_anonymous_args = 0
 1634              		@ link register save eliminated.
 1635 0000 8120     		movs	r0, #129
 1636 0002 7047     		bx	lr
 1638              		.section	.text.osThreadList,"ax",%progbits
 1639              		.align	1
 1640              		.global	osThreadList
 1641              		.syntax unified
 1642              		.thumb
 1643              		.thumb_func
 1645              	osThreadList:
 1646              		@ args = 0, pretend = 0, frame = 0
 1647              		@ frame_needed = 0, uses_anonymous_args = 0
 1648              		@ link register save eliminated.
 1649 0000 0020     		movs	r0, #0
 1650 0002 7047     		bx	lr
 1652              		.section	.text.osMessagePeek,"ax",%progbits
 1653              		.align	1
 1654              		.global	osMessagePeek
 1655              		.syntax unified
 1656              		.thumb
 1657              		.thumb_func
 1659              	osMessagePeek:
 1660              		@ args = 0, pretend = 0, frame = 16
 1661              		@ frame_needed = 0, uses_anonymous_args = 0
 1662 0000 30B5     		push	{r4, r5, lr}
 1663 0002 85B0     		sub	sp, sp, #20
 1664 0004 0446     		mov	r4, r0
 1665 0006 0391     		str	r1, [sp, #12]
 1666 0008 89B1     		cbz	r1, .L241
 1667 000a 0846     		mov	r0, r1
 1668 000c 1546     		mov	r5, r2
 1669 000e 02A9     		add	r1, sp, #8
 1670 0010 FFF7FEFF 		bl	xQueuePeek
 1671 0014 0128     		cmp	r0, #1
 1672 0016 12D0     		beq	.L242
 1673 0018 05B1     		cbz	r5, .L238
 1674 001a 4025     		movs	r5, #64
 1675              	.L238:
 1676 001c 0195     		str	r5, [sp, #4]
 1677              	.L237:
 1678 001e 04AB     		add	r3, sp, #16
 1679 0020 13E90700 		ldmdb	r3, {r0, r1, r2}
 1680 0024 84E80700 		stm	r4, {r0, r1, r2}
 1681              	.L233:
 1682 0028 2046     		mov	r0, r4
 1683 002a 05B0     		add	sp, sp, #20
 1684              		@ sp needed
 1685 002c 30BD     		pop	{r4, r5, pc}
 1686              	.L241:
 1687 002e 8023     		movs	r3, #128
 1688 0030 0193     		str	r3, [sp, #4]
 1689 0032 04AB     		add	r3, sp, #16
 1690 0034 13E90700 		ldmdb	r3, {r0, r1, r2}
 1691 0038 84E80700 		stm	r4, {r0, r1, r2}
 1692 003c F4E7     		b	.L233
 1693              	.L242:
ARM GAS  C:\Users\datpt\AppData\Local\Temp\ccI27Zy2.s 			page 29


 1694 003e 1023     		movs	r3, #16
 1695 0040 0193     		str	r3, [sp, #4]
 1696 0042 ECE7     		b	.L237
 1698              		.section	.text.osMessageWaiting,"ax",%progbits
 1699              		.align	1
 1700              		.global	osMessageWaiting
 1701              		.syntax unified
 1702              		.thumb
 1703              		.thumb_func
 1705              	osMessageWaiting:
 1706              		@ args = 0, pretend = 0, frame = 0
 1707              		@ frame_needed = 0, uses_anonymous_args = 0
 1708 0000 10B5     		push	{r4, lr}
 1709 0002 0446     		mov	r4, r0
 1710 0004 FFF7FEFF 		bl	inHandlerMode
 1711 0008 18B1     		cbz	r0, .L244
 1712 000a 2046     		mov	r0, r4
 1713 000c FFF7FEFF 		bl	uxQueueMessagesWaitingFromISR
 1714              	.L243:
 1715 0010 10BD     		pop	{r4, pc}
 1716              	.L244:
 1717 0012 2046     		mov	r0, r4
 1718 0014 FFF7FEFF 		bl	uxQueueMessagesWaiting
 1719 0018 FAE7     		b	.L243
 1721              		.section	.text.osMessageAvailableSpace,"ax",%progbits
 1722              		.align	1
 1723              		.global	osMessageAvailableSpace
 1724              		.syntax unified
 1725              		.thumb
 1726              		.thumb_func
 1728              	osMessageAvailableSpace:
 1729              		@ args = 0, pretend = 0, frame = 0
 1730              		@ frame_needed = 0, uses_anonymous_args = 0
 1731 0000 08B5     		push	{r3, lr}
 1732 0002 FFF7FEFF 		bl	uxQueueSpacesAvailable
 1733 0006 08BD     		pop	{r3, pc}
 1735              		.section	.text.osMessageDelete,"ax",%progbits
 1736              		.align	1
 1737              		.global	osMessageDelete
 1738              		.syntax unified
 1739              		.thumb
 1740              		.thumb_func
 1742              	osMessageDelete:
 1743              		@ args = 0, pretend = 0, frame = 0
 1744              		@ frame_needed = 0, uses_anonymous_args = 0
 1745 0000 10B5     		push	{r4, lr}
 1746 0002 0446     		mov	r4, r0
 1747 0004 FFF7FEFF 		bl	inHandlerMode
 1748 0008 20B9     		cbnz	r0, .L251
 1749 000a 2046     		mov	r0, r4
 1750 000c FFF7FEFF 		bl	vQueueDelete
 1751 0010 0020     		movs	r0, #0
 1752              	.L249:
 1753 0012 10BD     		pop	{r4, pc}
 1754              	.L251:
 1755 0014 8220     		movs	r0, #130
 1756 0016 FCE7     		b	.L249
ARM GAS  C:\Users\datpt\AppData\Local\Temp\ccI27Zy2.s 			page 30


 1758              		.section	.text.osRecursiveMutexCreate,"ax",%progbits
 1759              		.align	1
 1760              		.global	osRecursiveMutexCreate
 1761              		.syntax unified
 1762              		.thumb
 1763              		.thumb_func
 1765              	osRecursiveMutexCreate:
 1766              		@ args = 0, pretend = 0, frame = 0
 1767              		@ frame_needed = 0, uses_anonymous_args = 0
 1768              		@ link register save eliminated.
 1769 0000 0020     		movs	r0, #0
 1770 0002 7047     		bx	lr
 1772              		.section	.text.osRecursiveMutexRelease,"ax",%progbits
 1773              		.align	1
 1774              		.global	osRecursiveMutexRelease
 1775              		.syntax unified
 1776              		.thumb
 1777              		.thumb_func
 1779              	osRecursiveMutexRelease:
 1780              		@ args = 0, pretend = 0, frame = 0
 1781              		@ frame_needed = 0, uses_anonymous_args = 0
 1782              		@ link register save eliminated.
 1783 0000 8120     		movs	r0, #129
 1784 0002 7047     		bx	lr
 1786              		.section	.text.osRecursiveMutexWait,"ax",%progbits
 1787              		.align	1
 1788              		.global	osRecursiveMutexWait
 1789              		.syntax unified
 1790              		.thumb
 1791              		.thumb_func
 1793              	osRecursiveMutexWait:
 1794              		@ args = 0, pretend = 0, frame = 0
 1795              		@ frame_needed = 0, uses_anonymous_args = 0
 1796              		@ link register save eliminated.
 1797 0000 8120     		movs	r0, #129
 1798 0002 7047     		bx	lr
 1800              		.section	.text.osSemaphoreGetCount,"ax",%progbits
 1801              		.align	1
 1802              		.global	osSemaphoreGetCount
 1803              		.syntax unified
 1804              		.thumb
 1805              		.thumb_func
 1807              	osSemaphoreGetCount:
 1808              		@ args = 0, pretend = 0, frame = 0
 1809              		@ frame_needed = 0, uses_anonymous_args = 0
 1810 0000 08B5     		push	{r3, lr}
 1811 0002 FFF7FEFF 		bl	uxQueueMessagesWaiting
 1812 0006 08BD     		pop	{r3, pc}
 1814              		.ident	"GCC: (GNU Tools for STM32 13.3.rel1.20240926-1715) 13.3.1 20240614"
ARM GAS  C:\Users\datpt\AppData\Local\Temp\ccI27Zy2.s 			page 31


DEFINED SYMBOLS
                            *ABS*:00000000 cmsis_os.c
C:\Users\datpt\AppData\Local\Temp\ccI27Zy2.s:16     .text.makeFreeRtosPriority:00000000 $t
C:\Users\datpt\AppData\Local\Temp\ccI27Zy2.s:21     .text.makeFreeRtosPriority:00000000 makeFreeRtosPriority
C:\Users\datpt\AppData\Local\Temp\ccI27Zy2.s:34     .text.makeCmsisPriority:00000000 $t
C:\Users\datpt\AppData\Local\Temp\ccI27Zy2.s:39     .text.makeCmsisPriority:00000000 makeCmsisPriority
C:\Users\datpt\AppData\Local\Temp\ccI27Zy2.s:53     .text.inHandlerMode:00000000 $t
C:\Users\datpt\AppData\Local\Temp\ccI27Zy2.s:58     .text.inHandlerMode:00000000 inHandlerMode
C:\Users\datpt\AppData\Local\Temp\ccI27Zy2.s:74     .text.osKernelStart:00000000 $t
C:\Users\datpt\AppData\Local\Temp\ccI27Zy2.s:80     .text.osKernelStart:00000000 osKernelStart
C:\Users\datpt\AppData\Local\Temp\ccI27Zy2.s:89     .text.osKernelRunning:00000000 $t
C:\Users\datpt\AppData\Local\Temp\ccI27Zy2.s:95     .text.osKernelRunning:00000000 osKernelRunning
C:\Users\datpt\AppData\Local\Temp\ccI27Zy2.s:110    .text.osKernelSysTick:00000000 $t
C:\Users\datpt\AppData\Local\Temp\ccI27Zy2.s:116    .text.osKernelSysTick:00000000 osKernelSysTick
C:\Users\datpt\AppData\Local\Temp\ccI27Zy2.s:130    .text.osThreadCreate:00000000 $t
C:\Users\datpt\AppData\Local\Temp\ccI27Zy2.s:136    .text.osThreadCreate:00000000 osThreadCreate
C:\Users\datpt\AppData\Local\Temp\ccI27Zy2.s:186    .text.osThreadGetId:00000000 $t
C:\Users\datpt\AppData\Local\Temp\ccI27Zy2.s:192    .text.osThreadGetId:00000000 osThreadGetId
C:\Users\datpt\AppData\Local\Temp\ccI27Zy2.s:200    .text.osThreadTerminate:00000000 $t
C:\Users\datpt\AppData\Local\Temp\ccI27Zy2.s:206    .text.osThreadTerminate:00000000 osThreadTerminate
C:\Users\datpt\AppData\Local\Temp\ccI27Zy2.s:215    .text.osThreadYield:00000000 $t
C:\Users\datpt\AppData\Local\Temp\ccI27Zy2.s:221    .text.osThreadYield:00000000 osThreadYield
C:\Users\datpt\AppData\Local\Temp\ccI27Zy2.s:241    .text.osThreadSetPriority:00000000 $t
C:\Users\datpt\AppData\Local\Temp\ccI27Zy2.s:247    .text.osThreadSetPriority:00000000 osThreadSetPriority
C:\Users\datpt\AppData\Local\Temp\ccI27Zy2.s:261    .text.osThreadGetPriority:00000000 $t
C:\Users\datpt\AppData\Local\Temp\ccI27Zy2.s:267    .text.osThreadGetPriority:00000000 osThreadGetPriority
C:\Users\datpt\AppData\Local\Temp\ccI27Zy2.s:286    .text.osDelay:00000000 $t
C:\Users\datpt\AppData\Local\Temp\ccI27Zy2.s:292    .text.osDelay:00000000 osDelay
C:\Users\datpt\AppData\Local\Temp\ccI27Zy2.s:304    .text.osTimerCreate:00000000 $t
C:\Users\datpt\AppData\Local\Temp\ccI27Zy2.s:310    .text.osTimerCreate:00000000 osTimerCreate
C:\Users\datpt\AppData\Local\Temp\ccI27Zy2.s:318    .text.osTimerStart:00000000 $t
C:\Users\datpt\AppData\Local\Temp\ccI27Zy2.s:324    .text.osTimerStart:00000000 osTimerStart
C:\Users\datpt\AppData\Local\Temp\ccI27Zy2.s:332    .text.osTimerStop:00000000 $t
C:\Users\datpt\AppData\Local\Temp\ccI27Zy2.s:338    .text.osTimerStop:00000000 osTimerStop
C:\Users\datpt\AppData\Local\Temp\ccI27Zy2.s:346    .text.osTimerDelete:00000000 $t
C:\Users\datpt\AppData\Local\Temp\ccI27Zy2.s:352    .text.osTimerDelete:00000000 osTimerDelete
C:\Users\datpt\AppData\Local\Temp\ccI27Zy2.s:360    .text.osSignalSet:00000000 $t
C:\Users\datpt\AppData\Local\Temp\ccI27Zy2.s:366    .text.osSignalSet:00000000 osSignalSet
C:\Users\datpt\AppData\Local\Temp\ccI27Zy2.s:424    .text.osSignalWait:00000000 $t
C:\Users\datpt\AppData\Local\Temp\ccI27Zy2.s:430    .text.osSignalWait:00000000 osSignalWait
C:\Users\datpt\AppData\Local\Temp\ccI27Zy2.s:481    .text.osMutexCreate:00000000 $t
C:\Users\datpt\AppData\Local\Temp\ccI27Zy2.s:487    .text.osMutexCreate:00000000 osMutexCreate
C:\Users\datpt\AppData\Local\Temp\ccI27Zy2.s:503    .text.osMutexWait:00000000 $t
C:\Users\datpt\AppData\Local\Temp\ccI27Zy2.s:509    .text.osMutexWait:00000000 osMutexWait
C:\Users\datpt\AppData\Local\Temp\ccI27Zy2.s:568    .text.osMutexRelease:00000000 $t
C:\Users\datpt\AppData\Local\Temp\ccI27Zy2.s:574    .text.osMutexRelease:00000000 osMutexRelease
C:\Users\datpt\AppData\Local\Temp\ccI27Zy2.s:629    .text.osMutexDelete:00000000 $t
C:\Users\datpt\AppData\Local\Temp\ccI27Zy2.s:635    .text.osMutexDelete:00000000 osMutexDelete
C:\Users\datpt\AppData\Local\Temp\ccI27Zy2.s:652    .text.osSemaphoreCreate:00000000 $t
C:\Users\datpt\AppData\Local\Temp\ccI27Zy2.s:658    .text.osSemaphoreCreate:00000000 osSemaphoreCreate
C:\Users\datpt\AppData\Local\Temp\ccI27Zy2.s:700    .text.osSemaphoreWait:00000000 $t
C:\Users\datpt\AppData\Local\Temp\ccI27Zy2.s:706    .text.osSemaphoreWait:00000000 osSemaphoreWait
C:\Users\datpt\AppData\Local\Temp\ccI27Zy2.s:763    .text.osSemaphoreRelease:00000000 $t
C:\Users\datpt\AppData\Local\Temp\ccI27Zy2.s:769    .text.osSemaphoreRelease:00000000 osSemaphoreRelease
C:\Users\datpt\AppData\Local\Temp\ccI27Zy2.s:824    .text.osSemaphoreDelete:00000000 $t
C:\Users\datpt\AppData\Local\Temp\ccI27Zy2.s:830    .text.osSemaphoreDelete:00000000 osSemaphoreDelete
C:\Users\datpt\AppData\Local\Temp\ccI27Zy2.s:847    .text.osPoolCreate:00000000 $t
ARM GAS  C:\Users\datpt\AppData\Local\Temp\ccI27Zy2.s 			page 32


C:\Users\datpt\AppData\Local\Temp\ccI27Zy2.s:853    .text.osPoolCreate:00000000 osPoolCreate
C:\Users\datpt\AppData\Local\Temp\ccI27Zy2.s:909    .text.osPoolAlloc:00000000 $t
C:\Users\datpt\AppData\Local\Temp\ccI27Zy2.s:915    .text.osPoolAlloc:00000000 osPoolAlloc
C:\Users\datpt\AppData\Local\Temp\ccI27Zy2.s:980    .text.osPoolCAlloc:00000000 $t
C:\Users\datpt\AppData\Local\Temp\ccI27Zy2.s:986    .text.osPoolCAlloc:00000000 osPoolCAlloc
C:\Users\datpt\AppData\Local\Temp\ccI27Zy2.s:998    .text.osPoolFree:00000000 $t
C:\Users\datpt\AppData\Local\Temp\ccI27Zy2.s:1004   .text.osPoolFree:00000000 osPoolFree
C:\Users\datpt\AppData\Local\Temp\ccI27Zy2.s:1044   .text.osMessageCreate:00000000 $t
C:\Users\datpt\AppData\Local\Temp\ccI27Zy2.s:1050   .text.osMessageCreate:00000000 osMessageCreate
C:\Users\datpt\AppData\Local\Temp\ccI27Zy2.s:1076   .text.osMessagePut:00000000 $t
C:\Users\datpt\AppData\Local\Temp\ccI27Zy2.s:1082   .text.osMessagePut:00000000 osMessagePut
C:\Users\datpt\AppData\Local\Temp\ccI27Zy2.s:1144   .text.osMessageGet:00000000 $t
C:\Users\datpt\AppData\Local\Temp\ccI27Zy2.s:1150   .text.osMessageGet:00000000 osMessageGet
C:\Users\datpt\AppData\Local\Temp\ccI27Zy2.s:1227   .text.osMailCreate:00000000 $t
C:\Users\datpt\AppData\Local\Temp\ccI27Zy2.s:1233   .text.osMailCreate:00000000 osMailCreate
C:\Users\datpt\AppData\Local\Temp\ccI27Zy2.s:1287   .text.osMailAlloc:00000000 $t
C:\Users\datpt\AppData\Local\Temp\ccI27Zy2.s:1293   .text.osMailAlloc:00000000 osMailAlloc
C:\Users\datpt\AppData\Local\Temp\ccI27Zy2.s:1304   .text.osMailCAlloc:00000000 $t
C:\Users\datpt\AppData\Local\Temp\ccI27Zy2.s:1310   .text.osMailCAlloc:00000000 osMailCAlloc
C:\Users\datpt\AppData\Local\Temp\ccI27Zy2.s:1334   .text.osMailPut:00000000 $t
C:\Users\datpt\AppData\Local\Temp\ccI27Zy2.s:1340   .text.osMailPut:00000000 osMailPut
C:\Users\datpt\AppData\Local\Temp\ccI27Zy2.s:1402   .text.osMailGet:00000000 $t
C:\Users\datpt\AppData\Local\Temp\ccI27Zy2.s:1408   .text.osMailGet:00000000 osMailGet
C:\Users\datpt\AppData\Local\Temp\ccI27Zy2.s:1483   .text.osMailFree:00000000 $t
C:\Users\datpt\AppData\Local\Temp\ccI27Zy2.s:1489   .text.osMailFree:00000000 osMailFree
C:\Users\datpt\AppData\Local\Temp\ccI27Zy2.s:1502   .text.osSystickHandler:00000000 $t
C:\Users\datpt\AppData\Local\Temp\ccI27Zy2.s:1508   .text.osSystickHandler:00000000 osSystickHandler
C:\Users\datpt\AppData\Local\Temp\ccI27Zy2.s:1522   .text.osThreadSuspend:00000000 $t
C:\Users\datpt\AppData\Local\Temp\ccI27Zy2.s:1528   .text.osThreadSuspend:00000000 osThreadSuspend
C:\Users\datpt\AppData\Local\Temp\ccI27Zy2.s:1537   .text.osThreadResume:00000000 $t
C:\Users\datpt\AppData\Local\Temp\ccI27Zy2.s:1543   .text.osThreadResume:00000000 osThreadResume
C:\Users\datpt\AppData\Local\Temp\ccI27Zy2.s:1575   .text.osThreadSuspendAll:00000000 $t
C:\Users\datpt\AppData\Local\Temp\ccI27Zy2.s:1581   .text.osThreadSuspendAll:00000000 osThreadSuspendAll
C:\Users\datpt\AppData\Local\Temp\ccI27Zy2.s:1590   .text.osThreadResumeAll:00000000 $t
C:\Users\datpt\AppData\Local\Temp\ccI27Zy2.s:1596   .text.osThreadResumeAll:00000000 osThreadResumeAll
C:\Users\datpt\AppData\Local\Temp\ccI27Zy2.s:1611   .text.osDelayUntil:00000000 $t
C:\Users\datpt\AppData\Local\Temp\ccI27Zy2.s:1617   .text.osDelayUntil:00000000 osDelayUntil
C:\Users\datpt\AppData\Local\Temp\ccI27Zy2.s:1625   .text.osAbortDelay:00000000 $t
C:\Users\datpt\AppData\Local\Temp\ccI27Zy2.s:1631   .text.osAbortDelay:00000000 osAbortDelay
C:\Users\datpt\AppData\Local\Temp\ccI27Zy2.s:1639   .text.osThreadList:00000000 $t
C:\Users\datpt\AppData\Local\Temp\ccI27Zy2.s:1645   .text.osThreadList:00000000 osThreadList
C:\Users\datpt\AppData\Local\Temp\ccI27Zy2.s:1653   .text.osMessagePeek:00000000 $t
C:\Users\datpt\AppData\Local\Temp\ccI27Zy2.s:1659   .text.osMessagePeek:00000000 osMessagePeek
C:\Users\datpt\AppData\Local\Temp\ccI27Zy2.s:1699   .text.osMessageWaiting:00000000 $t
C:\Users\datpt\AppData\Local\Temp\ccI27Zy2.s:1705   .text.osMessageWaiting:00000000 osMessageWaiting
C:\Users\datpt\AppData\Local\Temp\ccI27Zy2.s:1722   .text.osMessageAvailableSpace:00000000 $t
C:\Users\datpt\AppData\Local\Temp\ccI27Zy2.s:1728   .text.osMessageAvailableSpace:00000000 osMessageAvailableSpace
C:\Users\datpt\AppData\Local\Temp\ccI27Zy2.s:1736   .text.osMessageDelete:00000000 $t
C:\Users\datpt\AppData\Local\Temp\ccI27Zy2.s:1742   .text.osMessageDelete:00000000 osMessageDelete
C:\Users\datpt\AppData\Local\Temp\ccI27Zy2.s:1759   .text.osRecursiveMutexCreate:00000000 $t
C:\Users\datpt\AppData\Local\Temp\ccI27Zy2.s:1765   .text.osRecursiveMutexCreate:00000000 osRecursiveMutexCreate
C:\Users\datpt\AppData\Local\Temp\ccI27Zy2.s:1773   .text.osRecursiveMutexRelease:00000000 $t
C:\Users\datpt\AppData\Local\Temp\ccI27Zy2.s:1779   .text.osRecursiveMutexRelease:00000000 osRecursiveMutexRelease
C:\Users\datpt\AppData\Local\Temp\ccI27Zy2.s:1787   .text.osRecursiveMutexWait:00000000 $t
C:\Users\datpt\AppData\Local\Temp\ccI27Zy2.s:1793   .text.osRecursiveMutexWait:00000000 osRecursiveMutexWait
C:\Users\datpt\AppData\Local\Temp\ccI27Zy2.s:1801   .text.osSemaphoreGetCount:00000000 $t
C:\Users\datpt\AppData\Local\Temp\ccI27Zy2.s:1807   .text.osSemaphoreGetCount:00000000 osSemaphoreGetCount
ARM GAS  C:\Users\datpt\AppData\Local\Temp\ccI27Zy2.s 			page 33



UNDEFINED SYMBOLS
vTaskStartScheduler
xTaskGetSchedulerState
xTaskGetTickCountFromISR
xTaskGetTickCount
xTaskCreateStatic
xTaskCreate
xTaskGetCurrentTaskHandle
vTaskDelete
vTaskPrioritySet
uxTaskPriorityGetFromISR
uxTaskPriorityGet
vTaskDelay
xTaskGenericNotifyFromISR
xTaskGenericNotify
xTaskNotifyWait
xQueueCreateMutexStatic
xQueueCreateMutex
xQueueReceiveFromISR
xQueueSemaphoreTake
xQueueGiveFromISR
xQueueGenericSend
vQueueDelete
xQueueGenericCreateStatic
xQueueGenericCreate
pvPortMalloc
vPortFree
vPortEnterCritical
vPortExitCritical
xQueueGenericSendFromISR
xQueueReceive
SysTick_Handler
vTaskSuspend
xTaskResumeFromISR
vTaskResume
vTaskSuspendAll
xTaskResumeAll
xQueuePeek
uxQueueMessagesWaitingFromISR
uxQueueMessagesWaiting
uxQueueSpacesAvailable
