ARM GAS  C:\Users\datpt\AppData\Local\Temp\ccufxx37.s 			page 1


   1              		.cpu cortex-m3
   2              		.arch armv7-m
   3              		.fpu softvfp
   4              		.eabi_attribute 20, 1
   5              		.eabi_attribute 21, 1
   6              		.eabi_attribute 23, 3
   7              		.eabi_attribute 24, 1
   8              		.eabi_attribute 25, 1
   9              		.eabi_attribute 26, 1
  10              		.eabi_attribute 30, 1
  11              		.eabi_attribute 34, 1
  12              		.eabi_attribute 18, 4
  13              		.file	"freertos.c"
  14              		.text
  15              		.section	.text.StartTask1,"ax",%progbits
  16              		.align	1
  17              		.global	StartTask1
  18              		.syntax unified
  19              		.thumb
  20              		.thumb_func
  22              	StartTask1:
  23              		@ Volatile: function does not return.
  24              		@ args = 0, pretend = 0, frame = 0
  25              		@ frame_needed = 0, uses_anonymous_args = 0
  26 0000 08B5     		push	{r3, lr}
  27              	.L2:
  28 0002 0120     		movs	r0, #1
  29 0004 FFF7FEFF 		bl	osDelay
  30 0008 FBE7     		b	.L2
  32              		.section	.text.vApplicationGetIdleTaskMemory,"ax",%progbits
  33              		.align	1
  34              		.global	vApplicationGetIdleTaskMemory
  35              		.syntax unified
  36              		.thumb
  37              		.thumb_func
  39              	vApplicationGetIdleTaskMemory:
  40              		@ args = 0, pretend = 0, frame = 0
  41              		@ frame_needed = 0, uses_anonymous_args = 0
  42              		@ link register save eliminated.
  43 0000 034B     		ldr	r3, .L5
  44 0002 0360     		str	r3, [r0]
  45 0004 034B     		ldr	r3, .L5+4
  46 0006 0B60     		str	r3, [r1]
  47 0008 8023     		movs	r3, #128
  48 000a 1360     		str	r3, [r2]
  49 000c 7047     		bx	lr
  50              	.L6:
  51 000e 00BF     		.align	2
  52              	.L5:
  53 0010 00000000 		.word	xIdleTaskTCBBuffer
  54 0014 00000000 		.word	xIdleStack
  56              		.section	.text.MX_FREERTOS_Init,"ax",%progbits
  57              		.align	1
  58              		.global	MX_FREERTOS_Init
  59              		.syntax unified
  60              		.thumb
  61              		.thumb_func
ARM GAS  C:\Users\datpt\AppData\Local\Temp\ccufxx37.s 			page 2


  63              	MX_FREERTOS_Init:
  64              		@ args = 0, pretend = 0, frame = 32
  65              		@ frame_needed = 0, uses_anonymous_args = 0
  66 0000 10B5     		push	{r4, lr}
  67 0002 88B0     		sub	sp, sp, #32
  68 0004 0DF1040C 		add	ip, sp, #4
  69 0008 074C     		ldr	r4, .L9
  70 000a 0FCC     		ldmia	r4!, {r0, r1, r2, r3}
  71 000c ACE80F00 		stmia	ip!, {r0, r1, r2, r3}
  72 0010 94E80700 		ldm	r4, {r0, r1, r2}
  73 0014 8CE80700 		stm	ip, {r0, r1, r2}
  74 0018 0021     		movs	r1, #0
  75 001a 01A8     		add	r0, sp, #4
  76 001c FFF7FEFF 		bl	osThreadCreate
  77 0020 024B     		ldr	r3, .L9+4
  78 0022 1860     		str	r0, [r3]
  79 0024 08B0     		add	sp, sp, #32
  80              		@ sp needed
  81 0026 10BD     		pop	{r4, pc}
  82              	.L10:
  83              		.align	2
  84              	.L9:
  85 0028 00000000 		.word	.LANCHOR0
  86 002c 00000000 		.word	Task1Handle
  88              		.section	.rodata.str1.4,"aMS",%progbits,1
  89              		.align	2
  90              	.LC0:
  91 0000 5461736B 		.ascii	"Task1\000"
  91      3100
  92              		.section	.bss.xIdleStack,"aw",%nobits
  93              		.align	2
  96              	xIdleStack:
  97 0000 00000000 		.space	512
  97      00000000 
  97      00000000 
  97      00000000 
  97      00000000 
  98              		.section	.bss.xIdleTaskTCBBuffer,"aw",%nobits
  99              		.align	2
 102              	xIdleTaskTCBBuffer:
 103 0000 00000000 		.space	84
 103      00000000 
 103      00000000 
 103      00000000 
 103      00000000 
 104              		.global	Task1Handle
 105              		.section	.bss.Task1Handle,"aw",%nobits
 106              		.align	2
 109              	Task1Handle:
 110 0000 00000000 		.space	4
 111              		.section	.rodata
 112              		.align	2
 113              		.set	.LANCHOR0,. + 0
 114              	.LC2:
 115 0000 00000000 		.word	.LC0
 116 0004 00000000 		.word	StartTask1
 117 0008 0000     		.short	0
ARM GAS  C:\Users\datpt\AppData\Local\Temp\ccufxx37.s 			page 3


 118 000a 0000     		.space	2
 119 000c 00000000 		.word	0
 120 0010 80000000 		.word	128
 121 0014 00000000 		.word	0
 122 0018 00000000 		.word	0
 123              		.ident	"GCC: (GNU Tools for STM32 13.3.rel1.20240926-1715) 13.3.1 20240614"
ARM GAS  C:\Users\datpt\AppData\Local\Temp\ccufxx37.s 			page 4


DEFINED SYMBOLS
                            *ABS*:00000000 freertos.c
C:\Users\datpt\AppData\Local\Temp\ccufxx37.s:16     .text.StartTask1:00000000 $t
C:\Users\datpt\AppData\Local\Temp\ccufxx37.s:22     .text.StartTask1:00000000 StartTask1
C:\Users\datpt\AppData\Local\Temp\ccufxx37.s:33     .text.vApplicationGetIdleTaskMemory:00000000 $t
C:\Users\datpt\AppData\Local\Temp\ccufxx37.s:39     .text.vApplicationGetIdleTaskMemory:00000000 vApplicationGetIdleTaskMemory
C:\Users\datpt\AppData\Local\Temp\ccufxx37.s:53     .text.vApplicationGetIdleTaskMemory:00000010 $d
C:\Users\datpt\AppData\Local\Temp\ccufxx37.s:102    .bss.xIdleTaskTCBBuffer:00000000 xIdleTaskTCBBuffer
C:\Users\datpt\AppData\Local\Temp\ccufxx37.s:96     .bss.xIdleStack:00000000 xIdleStack
C:\Users\datpt\AppData\Local\Temp\ccufxx37.s:57     .text.MX_FREERTOS_Init:00000000 $t
C:\Users\datpt\AppData\Local\Temp\ccufxx37.s:63     .text.MX_FREERTOS_Init:00000000 MX_FREERTOS_Init
C:\Users\datpt\AppData\Local\Temp\ccufxx37.s:85     .text.MX_FREERTOS_Init:00000028 $d
C:\Users\datpt\AppData\Local\Temp\ccufxx37.s:109    .bss.Task1Handle:00000000 Task1Handle
C:\Users\datpt\AppData\Local\Temp\ccufxx37.s:89     .rodata.str1.4:00000000 $d
C:\Users\datpt\AppData\Local\Temp\ccufxx37.s:93     .bss.xIdleStack:00000000 $d
C:\Users\datpt\AppData\Local\Temp\ccufxx37.s:99     .bss.xIdleTaskTCBBuffer:00000000 $d
C:\Users\datpt\AppData\Local\Temp\ccufxx37.s:106    .bss.Task1Handle:00000000 $d
C:\Users\datpt\AppData\Local\Temp\ccufxx37.s:112    .rodata:00000000 $d

UNDEFINED SYMBOLS
osDelay
osThreadCreate
