ARM GAS  C:\Users\datpt\AppData\Local\Temp\ccGzFFE9.s 			page 1


   1              		.cpu cortex-m3
   2              		.arch armv7-m
   3              		.fpu softvfp
   4              		.eabi_attribute 20, 1
   5              		.eabi_attribute 21, 1
   6              		.eabi_attribute 23, 3
   7              		.eabi_attribute 24, 1
   8              		.eabi_attribute 25, 1
   9              		.eabi_attribute 26, 1
  10              		.eabi_attribute 30, 1
  11              		.eabi_attribute 34, 1
  12              		.eabi_attribute 18, 4
  13              		.file	"heap_4.c"
  14              		.text
  15              		.section	.text.prvHeapInit,"ax",%progbits
  16              		.align	1
  17              		.syntax unified
  18              		.thumb
  19              		.thumb_func
  21              	prvHeapInit:
  22              		@ args = 0, pretend = 0, frame = 0
  23              		@ frame_needed = 0, uses_anonymous_args = 0
  24              		@ link register save eliminated.
  25 0000 124A     		ldr	r2, .L4
  26 0002 12F0070F 		tst	r2, #7
  27 0006 1ED0     		beq	.L3
  28 0008 D11D     		adds	r1, r2, #7
  29 000a 21F00701 		bic	r1, r1, #7
  30 000e C1F54063 		rsb	r3, r1, #3072
  31 0012 1344     		add	r3, r3, r2
  32 0014 0A46     		mov	r2, r1
  33              	.L2:
  34 0016 0E48     		ldr	r0, .L4+4
  35 0018 0260     		str	r2, [r0]
  36 001a 0021     		movs	r1, #0
  37 001c 4160     		str	r1, [r0, #4]
  38 001e 1344     		add	r3, r3, r2
  39 0020 083B     		subs	r3, r3, #8
  40 0022 23F00703 		bic	r3, r3, #7
  41 0026 0B48     		ldr	r0, .L4+8
  42 0028 0360     		str	r3, [r0]
  43 002a 5960     		str	r1, [r3, #4]
  44 002c 1960     		str	r1, [r3]
  45 002e 991A     		subs	r1, r3, r2
  46 0030 5160     		str	r1, [r2, #4]
  47 0032 1360     		str	r3, [r2]
  48 0034 084B     		ldr	r3, .L4+12
  49 0036 1960     		str	r1, [r3]
  50 0038 084B     		ldr	r3, .L4+16
  51 003a 1960     		str	r1, [r3]
  52 003c 084B     		ldr	r3, .L4+20
  53 003e 4FF00042 		mov	r2, #-2147483648
  54 0042 1A60     		str	r2, [r3]
  55 0044 7047     		bx	lr
  56              	.L3:
  57 0046 4FF44063 		mov	r3, #3072
  58 004a E4E7     		b	.L2
ARM GAS  C:\Users\datpt\AppData\Local\Temp\ccGzFFE9.s 			page 2


  59              	.L5:
  60              		.align	2
  61              	.L4:
  62 004c 00000000 		.word	ucHeap
  63 0050 00000000 		.word	xStart
  64 0054 00000000 		.word	pxEnd
  65 0058 00000000 		.word	xMinimumEverFreeBytesRemaining
  66 005c 00000000 		.word	xFreeBytesRemaining
  67 0060 00000000 		.word	xBlockAllocatedBit
  69              		.section	.text.prvInsertBlockIntoFreeList,"ax",%progbits
  70              		.align	1
  71              		.syntax unified
  72              		.thumb
  73              		.thumb_func
  75              	prvInsertBlockIntoFreeList:
  76              		@ args = 0, pretend = 0, frame = 0
  77              		@ frame_needed = 0, uses_anonymous_args = 0
  78              		@ link register save eliminated.
  79 0000 154B     		ldr	r3, .L21
  80              	.L7:
  81 0002 1A46     		mov	r2, r3
  82 0004 1B68     		ldr	r3, [r3]
  83 0006 8342     		cmp	r3, r0
  84 0008 FBD3     		bcc	.L7
  85 000a 5168     		ldr	r1, [r2, #4]
  86 000c 02EB010C 		add	ip, r2, r1
  87 0010 8445     		cmp	ip, r0
  88 0012 09D0     		beq	.L19
  89              	.L8:
  90 0014 4168     		ldr	r1, [r0, #4]
  91 0016 00EB010C 		add	ip, r0, r1
  92 001a 6345     		cmp	r3, ip
  93 001c 09D0     		beq	.L20
  94 001e 0360     		str	r3, [r0]
  95 0020 9042     		cmp	r0, r2
  96 0022 18D0     		beq	.L16
  97 0024 1060     		str	r0, [r2]
  98 0026 7047     		bx	lr
  99              	.L19:
 100 0028 4068     		ldr	r0, [r0, #4]
 101 002a 0144     		add	r1, r1, r0
 102 002c 5160     		str	r1, [r2, #4]
 103 002e 1046     		mov	r0, r2
 104 0030 F0E7     		b	.L8
 105              	.L20:
 106 0032 10B4     		push	{r4}
 107 0034 094C     		ldr	r4, .L21+4
 108 0036 2468     		ldr	r4, [r4]
 109 0038 A342     		cmp	r3, r4
 110 003a 0AD0     		beq	.L10
 111 003c 5B68     		ldr	r3, [r3, #4]
 112 003e 1944     		add	r1, r1, r3
 113 0040 4160     		str	r1, [r0, #4]
 114 0042 1368     		ldr	r3, [r2]
 115 0044 1B68     		ldr	r3, [r3]
 116 0046 0360     		str	r3, [r0]
 117              	.L11:
ARM GAS  C:\Users\datpt\AppData\Local\Temp\ccGzFFE9.s 			page 3


 118 0048 9042     		cmp	r0, r2
 119 004a 00D0     		beq	.L6
 120 004c 1060     		str	r0, [r2]
 121              	.L6:
 122 004e 10BC     		pop	{r4}
 123 0050 7047     		bx	lr
 124              	.L10:
 125 0052 0460     		str	r4, [r0]
 126 0054 F8E7     		b	.L11
 127              	.L16:
 128 0056 7047     		bx	lr
 129              	.L22:
 130              		.align	2
 131              	.L21:
 132 0058 00000000 		.word	xStart
 133 005c 00000000 		.word	pxEnd
 135              		.section	.text.pvPortMalloc,"ax",%progbits
 136              		.align	1
 137              		.global	pvPortMalloc
 138              		.syntax unified
 139              		.thumb
 140              		.thumb_func
 142              	pvPortMalloc:
 143              		@ args = 0, pretend = 0, frame = 0
 144              		@ frame_needed = 0, uses_anonymous_args = 0
 145 0000 38B5     		push	{r3, r4, r5, lr}
 146 0002 0446     		mov	r4, r0
 147 0004 FFF7FEFF 		bl	vTaskSuspendAll
 148 0008 384B     		ldr	r3, .L43
 149 000a 1B68     		ldr	r3, [r3]
 150 000c B3B1     		cbz	r3, .L42
 151              	.L24:
 152 000e 384B     		ldr	r3, .L43+4
 153 0010 1B68     		ldr	r3, [r3]
 154 0012 1C42     		tst	r4, r3
 155 0014 50D1     		bne	.L35
 156 0016 002C     		cmp	r4, #0
 157 0018 50D0     		beq	.L36
 158 001a 04F10802 		add	r2, r4, #8
 159 001e 14F0070F 		tst	r4, #7
 160 0022 02D0     		beq	.L26
 161 0024 22F00702 		bic	r2, r2, #7
 162 0028 0832     		adds	r2, r2, #8
 163              	.L26:
 164 002a 002A     		cmp	r2, #0
 165 002c 55D0     		beq	.L37
 166 002e 314B     		ldr	r3, .L43+8
 167 0030 1B68     		ldr	r3, [r3]
 168 0032 9342     		cmp	r3, r2
 169 0034 53D3     		bcc	.L38
 170 0036 3049     		ldr	r1, .L43+12
 171 0038 0C68     		ldr	r4, [r1]
 172 003a 04E0     		b	.L28
 173              	.L42:
 174 003c FFF7FEFF 		bl	prvHeapInit
 175 0040 E5E7     		b	.L24
 176              	.L39:
ARM GAS  C:\Users\datpt\AppData\Local\Temp\ccGzFFE9.s 			page 4


 177 0042 2146     		mov	r1, r4
 178 0044 1C46     		mov	r4, r3
 179              	.L28:
 180 0046 6368     		ldr	r3, [r4, #4]
 181 0048 9342     		cmp	r3, r2
 182 004a 02D2     		bcs	.L27
 183 004c 2368     		ldr	r3, [r4]
 184 004e 002B     		cmp	r3, #0
 185 0050 F7D1     		bne	.L39
 186              	.L27:
 187 0052 264B     		ldr	r3, .L43
 188 0054 1B68     		ldr	r3, [r3]
 189 0056 A342     		cmp	r3, r4
 190 0058 43D0     		beq	.L40
 191 005a 0D68     		ldr	r5, [r1]
 192 005c 0835     		adds	r5, r5, #8
 193 005e 2368     		ldr	r3, [r4]
 194 0060 0B60     		str	r3, [r1]
 195 0062 6368     		ldr	r3, [r4, #4]
 196 0064 9B1A     		subs	r3, r3, r2
 197 0066 102B     		cmp	r3, #16
 198 0068 10D9     		bls	.L29
 199 006a A018     		adds	r0, r4, r2
 200 006c 10F0070F 		tst	r0, #7
 201 0070 08D0     		beq	.L30
 202              		.syntax unified
 203              	@ 197 "Middlewares/Third_Party/FreeRTOS/Source/portable/GCC/ARM_CM3/portmacro.h" 1
 204 0072 4FF05003 			mov r3, #80												
 205 0076 83F31188 		msr basepri, r3											
 206 007a BFF36F8F 		isb														
 207 007e BFF34F8F 		dsb														
 208              	
 209              	@ 0 "" 2
 210              		.thumb
 211              		.syntax unified
 212              	.L31:
 213 0082 FEE7     		b	.L31
 214              	.L30:
 215 0084 4360     		str	r3, [r0, #4]
 216 0086 6260     		str	r2, [r4, #4]
 217 0088 FFF7FEFF 		bl	prvInsertBlockIntoFreeList
 218              	.L29:
 219 008c 6268     		ldr	r2, [r4, #4]
 220 008e 1949     		ldr	r1, .L43+8
 221 0090 0B68     		ldr	r3, [r1]
 222 0092 9B1A     		subs	r3, r3, r2
 223 0094 0B60     		str	r3, [r1]
 224 0096 1949     		ldr	r1, .L43+16
 225 0098 0968     		ldr	r1, [r1]
 226 009a 8B42     		cmp	r3, r1
 227 009c 01D2     		bcs	.L32
 228 009e 1749     		ldr	r1, .L43+16
 229 00a0 0B60     		str	r3, [r1]
 230              	.L32:
 231 00a2 134B     		ldr	r3, .L43+4
 232 00a4 1B68     		ldr	r3, [r3]
 233 00a6 1343     		orrs	r3, r3, r2
ARM GAS  C:\Users\datpt\AppData\Local\Temp\ccGzFFE9.s 			page 5


 234 00a8 6360     		str	r3, [r4, #4]
 235 00aa 0023     		movs	r3, #0
 236 00ac 2360     		str	r3, [r4]
 237 00ae 144A     		ldr	r2, .L43+20
 238 00b0 1368     		ldr	r3, [r2]
 239 00b2 0133     		adds	r3, r3, #1
 240 00b4 1360     		str	r3, [r2]
 241 00b6 02E0     		b	.L25
 242              	.L35:
 243 00b8 0025     		movs	r5, #0
 244 00ba 00E0     		b	.L25
 245              	.L36:
 246 00bc 0025     		movs	r5, #0
 247              	.L25:
 248 00be FFF7FEFF 		bl	xTaskResumeAll
 249 00c2 15F0070F 		tst	r5, #7
 250 00c6 0ED0     		beq	.L23
 251              		.syntax unified
 252              	@ 197 "Middlewares/Third_Party/FreeRTOS/Source/portable/GCC/ARM_CM3/portmacro.h" 1
 253 00c8 4FF05003 			mov r3, #80												
 254 00cc 83F31188 		msr basepri, r3											
 255 00d0 BFF36F8F 		isb														
 256 00d4 BFF34F8F 		dsb														
 257              	
 258              	@ 0 "" 2
 259              		.thumb
 260              		.syntax unified
 261              	.L34:
 262 00d8 FEE7     		b	.L34
 263              	.L37:
 264 00da 0025     		movs	r5, #0
 265 00dc EFE7     		b	.L25
 266              	.L38:
 267 00de 0025     		movs	r5, #0
 268 00e0 EDE7     		b	.L25
 269              	.L40:
 270 00e2 0025     		movs	r5, #0
 271 00e4 EBE7     		b	.L25
 272              	.L23:
 273 00e6 2846     		mov	r0, r5
 274 00e8 38BD     		pop	{r3, r4, r5, pc}
 275              	.L44:
 276 00ea 00BF     		.align	2
 277              	.L43:
 278 00ec 00000000 		.word	pxEnd
 279 00f0 00000000 		.word	xBlockAllocatedBit
 280 00f4 00000000 		.word	xFreeBytesRemaining
 281 00f8 00000000 		.word	xStart
 282 00fc 00000000 		.word	xMinimumEverFreeBytesRemaining
 283 0100 00000000 		.word	xNumberOfSuccessfulAllocations
 285              		.section	.text.vPortFree,"ax",%progbits
 286              		.align	1
 287              		.global	vPortFree
 288              		.syntax unified
 289              		.thumb
 290              		.thumb_func
 292              	vPortFree:
ARM GAS  C:\Users\datpt\AppData\Local\Temp\ccGzFFE9.s 			page 6


 293              		@ args = 0, pretend = 0, frame = 0
 294              		@ frame_needed = 0, uses_anonymous_args = 0
 295 0000 0028     		cmp	r0, #0
 296 0002 34D0     		beq	.L52
 297 0004 38B5     		push	{r3, r4, r5, lr}
 298 0006 0446     		mov	r4, r0
 299 0008 A0F10805 		sub	r5, r0, #8
 300 000c 50F8043C 		ldr	r3, [r0, #-4]
 301 0010 174A     		ldr	r2, .L55
 302 0012 1268     		ldr	r2, [r2]
 303 0014 1342     		tst	r3, r2
 304 0016 08D1     		bne	.L47
 305              		.syntax unified
 306              	@ 197 "Middlewares/Third_Party/FreeRTOS/Source/portable/GCC/ARM_CM3/portmacro.h" 1
 307 0018 4FF05003 			mov r3, #80												
 308 001c 83F31188 		msr basepri, r3											
 309 0020 BFF36F8F 		isb														
 310 0024 BFF34F8F 		dsb														
 311              	
 312              	@ 0 "" 2
 313              		.thumb
 314              		.syntax unified
 315              	.L48:
 316 0028 FEE7     		b	.L48
 317              	.L47:
 318 002a 50F8081C 		ldr	r1, [r0, #-8]
 319 002e 41B1     		cbz	r1, .L49
 320              		.syntax unified
 321              	@ 197 "Middlewares/Third_Party/FreeRTOS/Source/portable/GCC/ARM_CM3/portmacro.h" 1
 322 0030 4FF05003 			mov r3, #80												
 323 0034 83F31188 		msr basepri, r3											
 324 0038 BFF36F8F 		isb														
 325 003c BFF34F8F 		dsb														
 326              	
 327              	@ 0 "" 2
 328              		.thumb
 329              		.syntax unified
 330              	.L50:
 331 0040 FEE7     		b	.L50
 332              	.L49:
 333 0042 23EA0203 		bic	r3, r3, r2
 334 0046 40F8043C 		str	r3, [r0, #-4]
 335 004a FFF7FEFF 		bl	vTaskSuspendAll
 336 004e 54F8041C 		ldr	r1, [r4, #-4]
 337 0052 084A     		ldr	r2, .L55+4
 338 0054 1368     		ldr	r3, [r2]
 339 0056 0B44     		add	r3, r3, r1
 340 0058 1360     		str	r3, [r2]
 341 005a 2846     		mov	r0, r5
 342 005c FFF7FEFF 		bl	prvInsertBlockIntoFreeList
 343 0060 054A     		ldr	r2, .L55+8
 344 0062 1368     		ldr	r3, [r2]
 345 0064 0133     		adds	r3, r3, #1
 346 0066 1360     		str	r3, [r2]
 347 0068 FFF7FEFF 		bl	xTaskResumeAll
 348 006c 38BD     		pop	{r3, r4, r5, pc}
 349              	.L52:
ARM GAS  C:\Users\datpt\AppData\Local\Temp\ccGzFFE9.s 			page 7


 350 006e 7047     		bx	lr
 351              	.L56:
 352              		.align	2
 353              	.L55:
 354 0070 00000000 		.word	xBlockAllocatedBit
 355 0074 00000000 		.word	xFreeBytesRemaining
 356 0078 00000000 		.word	xNumberOfSuccessfulFrees
 358              		.section	.text.xPortGetFreeHeapSize,"ax",%progbits
 359              		.align	1
 360              		.global	xPortGetFreeHeapSize
 361              		.syntax unified
 362              		.thumb
 363              		.thumb_func
 365              	xPortGetFreeHeapSize:
 366              		@ args = 0, pretend = 0, frame = 0
 367              		@ frame_needed = 0, uses_anonymous_args = 0
 368              		@ link register save eliminated.
 369 0000 014B     		ldr	r3, .L58
 370 0002 1868     		ldr	r0, [r3]
 371 0004 7047     		bx	lr
 372              	.L59:
 373 0006 00BF     		.align	2
 374              	.L58:
 375 0008 00000000 		.word	xFreeBytesRemaining
 377              		.section	.text.xPortGetMinimumEverFreeHeapSize,"ax",%progbits
 378              		.align	1
 379              		.global	xPortGetMinimumEverFreeHeapSize
 380              		.syntax unified
 381              		.thumb
 382              		.thumb_func
 384              	xPortGetMinimumEverFreeHeapSize:
 385              		@ args = 0, pretend = 0, frame = 0
 386              		@ frame_needed = 0, uses_anonymous_args = 0
 387              		@ link register save eliminated.
 388 0000 014B     		ldr	r3, .L61
 389 0002 1868     		ldr	r0, [r3]
 390 0004 7047     		bx	lr
 391              	.L62:
 392 0006 00BF     		.align	2
 393              	.L61:
 394 0008 00000000 		.word	xMinimumEverFreeBytesRemaining
 396              		.section	.text.vPortInitialiseBlocks,"ax",%progbits
 397              		.align	1
 398              		.global	vPortInitialiseBlocks
 399              		.syntax unified
 400              		.thumb
 401              		.thumb_func
 403              	vPortInitialiseBlocks:
 404              		@ args = 0, pretend = 0, frame = 0
 405              		@ frame_needed = 0, uses_anonymous_args = 0
 406              		@ link register save eliminated.
 407 0000 7047     		bx	lr
 409              		.section	.text.vPortGetHeapStats,"ax",%progbits
 410              		.align	1
 411              		.global	vPortGetHeapStats
 412              		.syntax unified
 413              		.thumb
ARM GAS  C:\Users\datpt\AppData\Local\Temp\ccGzFFE9.s 			page 8


 414              		.thumb_func
 416              	vPortGetHeapStats:
 417              		@ args = 0, pretend = 0, frame = 0
 418              		@ frame_needed = 0, uses_anonymous_args = 0
 419 0000 F8B5     		push	{r3, r4, r5, r6, r7, lr}
 420 0002 0746     		mov	r7, r0
 421 0004 FFF7FEFF 		bl	vTaskSuspendAll
 422 0008 174B     		ldr	r3, .L73
 423 000a 1B68     		ldr	r3, [r3]
 424 000c 93B1     		cbz	r3, .L69
 425 000e 4FF0FF36 		mov	r6, #-1
 426 0012 0025     		movs	r5, #0
 427 0014 2C46     		mov	r4, r5
 428 0016 04E0     		b	.L68
 429              	.L67:
 430 0018 1B68     		ldr	r3, [r3]
 431 001a 144A     		ldr	r2, .L73+4
 432 001c 1268     		ldr	r2, [r2]
 433 001e 9A42     		cmp	r2, r3
 434 0020 0CD0     		beq	.L65
 435              	.L68:
 436 0022 0134     		adds	r4, r4, #1
 437 0024 5A68     		ldr	r2, [r3, #4]
 438 0026 AA42     		cmp	r2, r5
 439 0028 00D9     		bls	.L66
 440 002a 1546     		mov	r5, r2
 441              	.L66:
 442 002c B242     		cmp	r2, r6
 443 002e F3D2     		bcs	.L67
 444 0030 1646     		mov	r6, r2
 445 0032 F1E7     		b	.L67
 446              	.L69:
 447 0034 4FF0FF36 		mov	r6, #-1
 448 0038 0025     		movs	r5, #0
 449 003a 2C46     		mov	r4, r5
 450              	.L65:
 451 003c FFF7FEFF 		bl	xTaskResumeAll
 452 0040 7D60     		str	r5, [r7, #4]
 453 0042 BE60     		str	r6, [r7, #8]
 454 0044 FC60     		str	r4, [r7, #12]
 455 0046 FFF7FEFF 		bl	vPortEnterCritical
 456 004a 094B     		ldr	r3, .L73+8
 457 004c 1B68     		ldr	r3, [r3]
 458 004e 3B60     		str	r3, [r7]
 459 0050 084B     		ldr	r3, .L73+12
 460 0052 1B68     		ldr	r3, [r3]
 461 0054 7B61     		str	r3, [r7, #20]
 462 0056 084B     		ldr	r3, .L73+16
 463 0058 1B68     		ldr	r3, [r3]
 464 005a BB61     		str	r3, [r7, #24]
 465 005c 074B     		ldr	r3, .L73+20
 466 005e 1B68     		ldr	r3, [r3]
 467 0060 3B61     		str	r3, [r7, #16]
 468 0062 FFF7FEFF 		bl	vPortExitCritical
 469 0066 F8BD     		pop	{r3, r4, r5, r6, r7, pc}
 470              	.L74:
 471              		.align	2
ARM GAS  C:\Users\datpt\AppData\Local\Temp\ccGzFFE9.s 			page 9


 472              	.L73:
 473 0068 00000000 		.word	xStart
 474 006c 00000000 		.word	pxEnd
 475 0070 00000000 		.word	xFreeBytesRemaining
 476 0074 00000000 		.word	xNumberOfSuccessfulAllocations
 477 0078 00000000 		.word	xNumberOfSuccessfulFrees
 478 007c 00000000 		.word	xMinimumEverFreeBytesRemaining
 480              		.section	.bss.xBlockAllocatedBit,"aw",%nobits
 481              		.align	2
 484              	xBlockAllocatedBit:
 485 0000 00000000 		.space	4
 486              		.section	.bss.xNumberOfSuccessfulFrees,"aw",%nobits
 487              		.align	2
 490              	xNumberOfSuccessfulFrees:
 491 0000 00000000 		.space	4
 492              		.section	.bss.xNumberOfSuccessfulAllocations,"aw",%nobits
 493              		.align	2
 496              	xNumberOfSuccessfulAllocations:
 497 0000 00000000 		.space	4
 498              		.section	.bss.xMinimumEverFreeBytesRemaining,"aw",%nobits
 499              		.align	2
 502              	xMinimumEverFreeBytesRemaining:
 503 0000 00000000 		.space	4
 504              		.section	.bss.xFreeBytesRemaining,"aw",%nobits
 505              		.align	2
 508              	xFreeBytesRemaining:
 509 0000 00000000 		.space	4
 510              		.section	.bss.pxEnd,"aw",%nobits
 511              		.align	2
 514              	pxEnd:
 515 0000 00000000 		.space	4
 516              		.section	.bss.xStart,"aw",%nobits
 517              		.align	2
 520              	xStart:
 521 0000 00000000 		.space	8
 521      00000000 
 522              		.section	.bss.ucHeap,"aw",%nobits
 523              		.align	2
 526              	ucHeap:
 527 0000 00000000 		.space	3072
 527      00000000 
 527      00000000 
 527      00000000 
 527      00000000 
 528              		.ident	"GCC: (GNU Tools for STM32 13.3.rel1.20240926-1715) 13.3.1 20240614"
ARM GAS  C:\Users\datpt\AppData\Local\Temp\ccGzFFE9.s 			page 10


DEFINED SYMBOLS
                            *ABS*:00000000 heap_4.c
C:\Users\datpt\AppData\Local\Temp\ccGzFFE9.s:16     .text.prvHeapInit:00000000 $t
C:\Users\datpt\AppData\Local\Temp\ccGzFFE9.s:21     .text.prvHeapInit:00000000 prvHeapInit
C:\Users\datpt\AppData\Local\Temp\ccGzFFE9.s:62     .text.prvHeapInit:0000004c $d
C:\Users\datpt\AppData\Local\Temp\ccGzFFE9.s:526    .bss.ucHeap:00000000 ucHeap
C:\Users\datpt\AppData\Local\Temp\ccGzFFE9.s:520    .bss.xStart:00000000 xStart
C:\Users\datpt\AppData\Local\Temp\ccGzFFE9.s:514    .bss.pxEnd:00000000 pxEnd
C:\Users\datpt\AppData\Local\Temp\ccGzFFE9.s:502    .bss.xMinimumEverFreeBytesRemaining:00000000 xMinimumEverFreeBytesRemaining
C:\Users\datpt\AppData\Local\Temp\ccGzFFE9.s:508    .bss.xFreeBytesRemaining:00000000 xFreeBytesRemaining
C:\Users\datpt\AppData\Local\Temp\ccGzFFE9.s:484    .bss.xBlockAllocatedBit:00000000 xBlockAllocatedBit
C:\Users\datpt\AppData\Local\Temp\ccGzFFE9.s:70     .text.prvInsertBlockIntoFreeList:00000000 $t
C:\Users\datpt\AppData\Local\Temp\ccGzFFE9.s:75     .text.prvInsertBlockIntoFreeList:00000000 prvInsertBlockIntoFreeList
C:\Users\datpt\AppData\Local\Temp\ccGzFFE9.s:132    .text.prvInsertBlockIntoFreeList:00000058 $d
C:\Users\datpt\AppData\Local\Temp\ccGzFFE9.s:136    .text.pvPortMalloc:00000000 $t
C:\Users\datpt\AppData\Local\Temp\ccGzFFE9.s:142    .text.pvPortMalloc:00000000 pvPortMalloc
C:\Users\datpt\AppData\Local\Temp\ccGzFFE9.s:278    .text.pvPortMalloc:000000ec $d
C:\Users\datpt\AppData\Local\Temp\ccGzFFE9.s:496    .bss.xNumberOfSuccessfulAllocations:00000000 xNumberOfSuccessfulAllocations
C:\Users\datpt\AppData\Local\Temp\ccGzFFE9.s:286    .text.vPortFree:00000000 $t
C:\Users\datpt\AppData\Local\Temp\ccGzFFE9.s:292    .text.vPortFree:00000000 vPortFree
C:\Users\datpt\AppData\Local\Temp\ccGzFFE9.s:354    .text.vPortFree:00000070 $d
C:\Users\datpt\AppData\Local\Temp\ccGzFFE9.s:490    .bss.xNumberOfSuccessfulFrees:00000000 xNumberOfSuccessfulFrees
C:\Users\datpt\AppData\Local\Temp\ccGzFFE9.s:359    .text.xPortGetFreeHeapSize:00000000 $t
C:\Users\datpt\AppData\Local\Temp\ccGzFFE9.s:365    .text.xPortGetFreeHeapSize:00000000 xPortGetFreeHeapSize
C:\Users\datpt\AppData\Local\Temp\ccGzFFE9.s:375    .text.xPortGetFreeHeapSize:00000008 $d
C:\Users\datpt\AppData\Local\Temp\ccGzFFE9.s:378    .text.xPortGetMinimumEverFreeHeapSize:00000000 $t
C:\Users\datpt\AppData\Local\Temp\ccGzFFE9.s:384    .text.xPortGetMinimumEverFreeHeapSize:00000000 xPortGetMinimumEverFreeHeapSize
C:\Users\datpt\AppData\Local\Temp\ccGzFFE9.s:394    .text.xPortGetMinimumEverFreeHeapSize:00000008 $d
C:\Users\datpt\AppData\Local\Temp\ccGzFFE9.s:397    .text.vPortInitialiseBlocks:00000000 $t
C:\Users\datpt\AppData\Local\Temp\ccGzFFE9.s:403    .text.vPortInitialiseBlocks:00000000 vPortInitialiseBlocks
C:\Users\datpt\AppData\Local\Temp\ccGzFFE9.s:410    .text.vPortGetHeapStats:00000000 $t
C:\Users\datpt\AppData\Local\Temp\ccGzFFE9.s:416    .text.vPortGetHeapStats:00000000 vPortGetHeapStats
C:\Users\datpt\AppData\Local\Temp\ccGzFFE9.s:473    .text.vPortGetHeapStats:00000068 $d
C:\Users\datpt\AppData\Local\Temp\ccGzFFE9.s:481    .bss.xBlockAllocatedBit:00000000 $d
C:\Users\datpt\AppData\Local\Temp\ccGzFFE9.s:487    .bss.xNumberOfSuccessfulFrees:00000000 $d
C:\Users\datpt\AppData\Local\Temp\ccGzFFE9.s:493    .bss.xNumberOfSuccessfulAllocations:00000000 $d
C:\Users\datpt\AppData\Local\Temp\ccGzFFE9.s:499    .bss.xMinimumEverFreeBytesRemaining:00000000 $d
C:\Users\datpt\AppData\Local\Temp\ccGzFFE9.s:505    .bss.xFreeBytesRemaining:00000000 $d
C:\Users\datpt\AppData\Local\Temp\ccGzFFE9.s:511    .bss.pxEnd:00000000 $d
C:\Users\datpt\AppData\Local\Temp\ccGzFFE9.s:517    .bss.xStart:00000000 $d
C:\Users\datpt\AppData\Local\Temp\ccGzFFE9.s:523    .bss.ucHeap:00000000 $d

UNDEFINED SYMBOLS
vTaskSuspendAll
xTaskResumeAll
vPortEnterCritical
vPortExitCritical
