ARM GAS  C:\Users\datpt\AppData\Local\Temp\ccg0Uqhe.s 			page 1


   1              		.cpu cortex-m3
   2              		.arch armv7-m
   3              		.fpu softvfp
   4              		.eabi_attribute 20, 1
   5              		.eabi_attribute 21, 1
   6              		.eabi_attribute 23, 3
   7              		.eabi_attribute 24, 1
   8              		.eabi_attribute 25, 1
   9              		.eabi_attribute 26, 1
  10              		.eabi_attribute 30, 1
  11              		.eabi_attribute 34, 1
  12              		.eabi_attribute 18, 4
  13              		.file	"port.c"
  14              		.text
  15              		.section	.text.prvTaskExitError,"ax",%progbits
  16              		.align	1
  17              		.syntax unified
  18              		.thumb
  19              		.thumb_func
  21              	prvTaskExitError:
  22              		@ args = 0, pretend = 0, frame = 8
  23              		@ frame_needed = 0, uses_anonymous_args = 0
  24              		@ link register save eliminated.
  25 0000 82B0     		sub	sp, sp, #8
  26 0002 0023     		movs	r3, #0
  27 0004 0193     		str	r3, [sp, #4]
  28 0006 0D4B     		ldr	r3, .L6
  29 0008 1B68     		ldr	r3, [r3]
  30 000a B3F1FF3F 		cmp	r3, #-1
  31 000e 08D0     		beq	.L2
  32              		.syntax unified
  33              	@ 197 "Middlewares/Third_Party/FreeRTOS/Source/portable/GCC/ARM_CM3/portmacro.h" 1
  34 0010 4FF05003 			mov r3, #80												
  35 0014 83F31188 		msr basepri, r3											
  36 0018 BFF36F8F 		isb														
  37 001c BFF34F8F 		dsb														
  38              	
  39              	@ 0 "" 2
  40              		.thumb
  41              		.syntax unified
  42              	.L3:
  43 0020 FEE7     		b	.L3
  44              	.L2:
  45              		.syntax unified
  46              	@ 197 "Middlewares/Third_Party/FreeRTOS/Source/portable/GCC/ARM_CM3/portmacro.h" 1
  47 0022 4FF05003 			mov r3, #80												
  48 0026 83F31188 		msr basepri, r3											
  49 002a BFF36F8F 		isb														
  50 002e BFF34F8F 		dsb														
  51              	
  52              	@ 0 "" 2
  53              		.thumb
  54              		.syntax unified
  55              	.L4:
  56 0032 019B     		ldr	r3, [sp, #4]
  57 0034 002B     		cmp	r3, #0
  58 0036 FCD0     		beq	.L4
ARM GAS  C:\Users\datpt\AppData\Local\Temp\ccg0Uqhe.s 			page 2


  59 0038 02B0     		add	sp, sp, #8
  60              		@ sp needed
  61 003a 7047     		bx	lr
  62              	.L7:
  63              		.align	2
  64              	.L6:
  65 003c 00000000 		.word	uxCriticalNesting
  67              		.section	.text.prvPortStartFirstTask,"ax",%progbits
  68              		.align	1
  69              		.syntax unified
  70              		.thumb
  71              		.thumb_func
  73              	prvPortStartFirstTask:
  74              		@ Naked Function: prologue and epilogue provided by programmer.
  75              		@ args = 0, pretend = 0, frame = 0
  76              		@ frame_needed = 0, uses_anonymous_args = 0
  77              		.syntax unified
  78              	@ 239 "Middlewares/Third_Party/FreeRTOS/Source/portable/GCC/ARM_CM3/port.c" 1
  79 0000 0648     		 ldr r0, =0xE000ED08 	
  80 0002 0068     	 ldr r0, [r0] 			
  81 0004 0068     	 ldr r0, [r0] 			
  82 0006 80F30888 	 msr msp, r0			
  83 000a 62B6     	 cpsie i				
  84 000c 61B6     	 cpsie f				
  85 000e BFF34F8F 	 dsb					
  86 0012 BFF36F8F 	 isb					
  87 0016 00DF     	 svc 0					
  88 0018 00BF     	 nop					
  89              	
  90              	@ 0 "" 2
  91              		.thumb
  92              		.syntax unified
  94 001a 0000     		.section	.text.pxPortInitialiseStack,"ax",%progbits
  95              		.align	1
  96              		.global	pxPortInitialiseStack
  97              		.syntax unified
  98              		.thumb
  99              		.thumb_func
 101              	pxPortInitialiseStack:
 102              		@ args = 0, pretend = 0, frame = 0
 103              		@ frame_needed = 0, uses_anonymous_args = 0
 104              		@ link register save eliminated.
 105 0000 4FF08073 		mov	r3, #16777216
 106 0004 40F8043C 		str	r3, [r0, #-4]
 107 0008 21F00101 		bic	r1, r1, #1
 108 000c 40F8081C 		str	r1, [r0, #-8]
 109 0010 034B     		ldr	r3, .L10
 110 0012 40F80C3C 		str	r3, [r0, #-12]
 111 0016 40F8202C 		str	r2, [r0, #-32]
 112 001a 4038     		subs	r0, r0, #64
 113 001c 7047     		bx	lr
 114              	.L11:
 115 001e 00BF     		.align	2
 116              	.L10:
 117 0020 00000000 		.word	prvTaskExitError
 119              		.section	.text.SVC_Handler,"ax",%progbits
 120              		.align	1
ARM GAS  C:\Users\datpt\AppData\Local\Temp\ccg0Uqhe.s 			page 3


 121              		.global	SVC_Handler
 122              		.syntax unified
 123              		.thumb
 124              		.thumb_func
 126              	SVC_Handler:
 127              		@ Naked Function: prologue and epilogue provided by programmer.
 128              		@ args = 0, pretend = 0, frame = 0
 129              		@ frame_needed = 0, uses_anonymous_args = 0
 130              		.syntax unified
 131              	@ 219 "Middlewares/Third_Party/FreeRTOS/Source/portable/GCC/ARM_CM3/port.c" 1
 132 0000 074B     			ldr	r3, pxCurrentTCBConst2		
 133 0002 1968     		ldr r1, [r3]					
 134 0004 0868     		ldr r0, [r1]					
 135 0006 B0E8F00F 		ldmia r0!, {r4-r11}				
 136 000a 80F30988 		msr psp, r0						
 137 000e BFF36F8F 		isb								
 138 0012 4FF00000 		mov r0, #0 						
 139 0016 80F31188 		msr	basepri, r0					
 140 001a 4EF00D0E 		orr r14, #0xd					
 141 001e 7047     		bx r14							
 142              										
 143              		.align 4						
 144 0020 00000000 	pxCurrentTCBConst2: .word pxCurrentTCB				
 145              	
 146              	@ 0 "" 2
 147              		.thumb
 148              		.syntax unified
 150              		.section	.text.vPortEndScheduler,"ax",%progbits
 151              		.align	1
 152              		.global	vPortEndScheduler
 153              		.syntax unified
 154              		.thumb
 155              		.thumb_func
 157              	vPortEndScheduler:
 158              		@ args = 0, pretend = 0, frame = 0
 159              		@ frame_needed = 0, uses_anonymous_args = 0
 160              		@ link register save eliminated.
 161 0000 074B     		ldr	r3, .L16
 162 0002 1B68     		ldr	r3, [r3]
 163 0004 B3F57A7F 		cmp	r3, #1000
 164 0008 08D0     		beq	.L13
 165              		.syntax unified
 166              	@ 197 "Middlewares/Third_Party/FreeRTOS/Source/portable/GCC/ARM_CM3/portmacro.h" 1
 167 000a 4FF05003 			mov r3, #80												
 168 000e 83F31188 		msr basepri, r3											
 169 0012 BFF36F8F 		isb														
 170 0016 BFF34F8F 		dsb														
 171              	
 172              	@ 0 "" 2
 173              		.thumb
 174              		.syntax unified
 175              	.L15:
 176 001a FEE7     		b	.L15
 177              	.L13:
 178 001c 7047     		bx	lr
 179              	.L17:
 180 001e 00BF     		.align	2
ARM GAS  C:\Users\datpt\AppData\Local\Temp\ccg0Uqhe.s 			page 4


 181              	.L16:
 182 0020 00000000 		.word	uxCriticalNesting
 184              		.section	.text.vPortEnterCritical,"ax",%progbits
 185              		.align	1
 186              		.global	vPortEnterCritical
 187              		.syntax unified
 188              		.thumb
 189              		.thumb_func
 191              	vPortEnterCritical:
 192              		@ args = 0, pretend = 0, frame = 0
 193              		@ frame_needed = 0, uses_anonymous_args = 0
 194              		@ link register save eliminated.
 195              		.syntax unified
 196              	@ 197 "Middlewares/Third_Party/FreeRTOS/Source/portable/GCC/ARM_CM3/portmacro.h" 1
 197 0000 4FF05003 			mov r3, #80												
 198 0004 83F31188 		msr basepri, r3											
 199 0008 BFF36F8F 		isb														
 200 000c BFF34F8F 		dsb														
 201              	
 202              	@ 0 "" 2
 203              		.thumb
 204              		.syntax unified
 205 0010 0B4A     		ldr	r2, .L22
 206 0012 1368     		ldr	r3, [r2]
 207 0014 0133     		adds	r3, r3, #1
 208 0016 1360     		str	r3, [r2]
 209 0018 012B     		cmp	r3, #1
 210 001a 00D0     		beq	.L21
 211              	.L18:
 212 001c 7047     		bx	lr
 213              	.L21:
 214 001e 4FF0E023 		mov	r3, #-536813568
 215 0022 D3F8043D 		ldr	r3, [r3, #3332]
 216 0026 13F0FF0F 		tst	r3, #255
 217 002a F7D0     		beq	.L18
 218              		.syntax unified
 219              	@ 197 "Middlewares/Third_Party/FreeRTOS/Source/portable/GCC/ARM_CM3/portmacro.h" 1
 220 002c 4FF05003 			mov r3, #80												
 221 0030 83F31188 		msr basepri, r3											
 222 0034 BFF36F8F 		isb														
 223 0038 BFF34F8F 		dsb														
 224              	
 225              	@ 0 "" 2
 226              		.thumb
 227              		.syntax unified
 228              	.L20:
 229 003c FEE7     		b	.L20
 230              	.L23:
 231 003e 00BF     		.align	2
 232              	.L22:
 233 0040 00000000 		.word	uxCriticalNesting
 235              		.section	.text.vPortExitCritical,"ax",%progbits
 236              		.align	1
 237              		.global	vPortExitCritical
 238              		.syntax unified
 239              		.thumb
 240              		.thumb_func
ARM GAS  C:\Users\datpt\AppData\Local\Temp\ccg0Uqhe.s 			page 5


 242              	vPortExitCritical:
 243              		@ args = 0, pretend = 0, frame = 0
 244              		@ frame_needed = 0, uses_anonymous_args = 0
 245              		@ link register save eliminated.
 246 0000 094B     		ldr	r3, .L28
 247 0002 1B68     		ldr	r3, [r3]
 248 0004 43B9     		cbnz	r3, .L25
 249              		.syntax unified
 250              	@ 197 "Middlewares/Third_Party/FreeRTOS/Source/portable/GCC/ARM_CM3/portmacro.h" 1
 251 0006 4FF05003 			mov r3, #80												
 252 000a 83F31188 		msr basepri, r3											
 253 000e BFF36F8F 		isb														
 254 0012 BFF34F8F 		dsb														
 255              	
 256              	@ 0 "" 2
 257              		.thumb
 258              		.syntax unified
 259              	.L26:
 260 0016 FEE7     		b	.L26
 261              	.L25:
 262 0018 013B     		subs	r3, r3, #1
 263 001a 034A     		ldr	r2, .L28
 264 001c 1360     		str	r3, [r2]
 265 001e 0BB9     		cbnz	r3, .L24
 266              		.syntax unified
 267              	@ 231 "Middlewares/Third_Party/FreeRTOS/Source/portable/GCC/ARM_CM3/portmacro.h" 1
 268 0020 83F31188 			msr basepri, r3	
 269              	@ 0 "" 2
 270              		.thumb
 271              		.syntax unified
 272              	.L24:
 273 0024 7047     		bx	lr
 274              	.L29:
 275 0026 00BF     		.align	2
 276              	.L28:
 277 0028 00000000 		.word	uxCriticalNesting
 279              		.section	.text.PendSV_Handler,"ax",%progbits
 280              		.align	1
 281              		.global	PendSV_Handler
 282              		.syntax unified
 283              		.thumb
 284              		.thumb_func
 286              	PendSV_Handler:
 287              		@ Naked Function: prologue and epilogue provided by programmer.
 288              		@ args = 0, pretend = 0, frame = 0
 289              		@ frame_needed = 0, uses_anonymous_args = 0
 290              		.syntax unified
 291              	@ 393 "Middlewares/Third_Party/FreeRTOS/Source/portable/GCC/ARM_CM3/port.c" 1
 292 0000 EFF30980 			mrs r0, psp							
 293 0004 BFF36F8F 		isb									
 294              											
 295 0008 0D4B     		ldr	r3, pxCurrentTCBConst			
 296 000a 1A68     		ldr	r2, [r3]						
 297              											
 298 000c 20E9F00F 		stmdb r0!, {r4-r11}					
 299 0010 1060     		str r0, [r2]						
 300              											
ARM GAS  C:\Users\datpt\AppData\Local\Temp\ccg0Uqhe.s 			page 6


 301 0012 2DE90840 		stmdb sp!, {r3, r14}				
 302 0016 4FF05000 		mov r0, #80							
 303 001a 80F31188 		msr basepri, r0						
 304 001e FFF7FEFF 		bl vTaskSwitchContext				
 305 0022 4FF00000 		mov r0, #0							
 306 0026 80F31188 		msr basepri, r0						
 307 002a BDE80840 		ldmia sp!, {r3, r14}				
 308              											
 309 002e 1968     		ldr r1, [r3]						
 310 0030 0868     		ldr r0, [r1]						
 311 0032 B0E8F00F 		ldmia r0!, {r4-r11}					
 312 0036 80F30988 		msr psp, r0							
 313 003a BFF36F8F 		isb									
 314 003e 7047     		bx r14								
 315              											
 316              		.align 4							
 317 0040 00000000 	pxCurrentTCBConst: .word pxCurrentTCB	
 318              	
 319              	@ 0 "" 2
 320              		.thumb
 321              		.syntax unified
 323              		.section	.text.SysTick_Handler,"ax",%progbits
 324              		.align	1
 325              		.global	SysTick_Handler
 326              		.syntax unified
 327              		.thumb
 328              		.thumb_func
 330              	SysTick_Handler:
 331              		@ args = 0, pretend = 0, frame = 0
 332              		@ frame_needed = 0, uses_anonymous_args = 0
 333 0000 08B5     		push	{r3, lr}
 334              		.syntax unified
 335              	@ 197 "Middlewares/Third_Party/FreeRTOS/Source/portable/GCC/ARM_CM3/portmacro.h" 1
 336 0002 4FF05003 			mov r3, #80												
 337 0006 83F31188 		msr basepri, r3											
 338 000a BFF36F8F 		isb														
 339 000e BFF34F8F 		dsb														
 340              	
 341              	@ 0 "" 2
 342              		.thumb
 343              		.syntax unified
 344 0012 FFF7FEFF 		bl	xTaskIncrementTick
 345 0016 28B1     		cbz	r0, .L32
 346 0018 4FF0E023 		mov	r3, #-536813568
 347 001c 4FF08052 		mov	r2, #268435456
 348 0020 C3F8042D 		str	r2, [r3, #3332]
 349              	.L32:
 350 0024 0023     		movs	r3, #0
 351              		.syntax unified
 352              	@ 231 "Middlewares/Third_Party/FreeRTOS/Source/portable/GCC/ARM_CM3/portmacro.h" 1
 353 0026 83F31188 			msr basepri, r3	
 354              	@ 0 "" 2
 355              		.thumb
 356              		.syntax unified
 357 002a 08BD     		pop	{r3, pc}
 359              		.section	.text.vPortSetupTimerInterrupt,"ax",%progbits
 360              		.align	1
ARM GAS  C:\Users\datpt\AppData\Local\Temp\ccg0Uqhe.s 			page 7


 361              		.weak	vPortSetupTimerInterrupt
 362              		.syntax unified
 363              		.thumb
 364              		.thumb_func
 366              	vPortSetupTimerInterrupt:
 367              		@ args = 0, pretend = 0, frame = 0
 368              		@ frame_needed = 0, uses_anonymous_args = 0
 369              		@ link register save eliminated.
 370 0000 4FF0E022 		mov	r2, #-536813568
 371 0004 0023     		movs	r3, #0
 372 0006 1361     		str	r3, [r2, #16]
 373 0008 9361     		str	r3, [r2, #24]
 374 000a 054B     		ldr	r3, .L35
 375 000c 1B68     		ldr	r3, [r3]
 376 000e 0549     		ldr	r1, .L35+4
 377 0010 A1FB0313 		umull	r1, r3, r1, r3
 378 0014 9B09     		lsrs	r3, r3, #6
 379 0016 013B     		subs	r3, r3, #1
 380 0018 5361     		str	r3, [r2, #20]
 381 001a 0723     		movs	r3, #7
 382 001c 1361     		str	r3, [r2, #16]
 383 001e 7047     		bx	lr
 384              	.L36:
 385              		.align	2
 386              	.L35:
 387 0020 00000000 		.word	SystemCoreClock
 388 0024 D34D6210 		.word	274877907
 390              		.section	.text.xPortStartScheduler,"ax",%progbits
 391              		.align	1
 392              		.global	xPortStartScheduler
 393              		.syntax unified
 394              		.thumb
 395              		.thumb_func
 397              	xPortStartScheduler:
 398              		@ args = 0, pretend = 0, frame = 8
 399              		@ frame_needed = 0, uses_anonymous_args = 0
 400 0000 10B5     		push	{r4, lr}
 401 0002 82B0     		sub	sp, sp, #8
 402 0004 2A4B     		ldr	r3, .L43
 403 0006 1A78     		ldrb	r2, [r3]	@ zero_extendqisi2
 404 0008 D2B2     		uxtb	r2, r2
 405 000a 0192     		str	r2, [sp, #4]
 406 000c FF22     		movs	r2, #255
 407 000e 1A70     		strb	r2, [r3]
 408 0010 1B78     		ldrb	r3, [r3]	@ zero_extendqisi2
 409 0012 DBB2     		uxtb	r3, r3
 410 0014 8DF80330 		strb	r3, [sp, #3]
 411 0018 9DF80330 		ldrb	r3, [sp, #3]	@ zero_extendqisi2
 412 001c 03F05003 		and	r3, r3, #80
 413 0020 244A     		ldr	r2, .L43+4
 414 0022 1370     		strb	r3, [r2]
 415 0024 244B     		ldr	r3, .L43+8
 416 0026 0722     		movs	r2, #7
 417 0028 1A60     		str	r2, [r3]
 418 002a 09E0     		b	.L38
 419              	.L39:
 420 002c 224A     		ldr	r2, .L43+8
ARM GAS  C:\Users\datpt\AppData\Local\Temp\ccg0Uqhe.s 			page 8


 421 002e 1368     		ldr	r3, [r2]
 422 0030 013B     		subs	r3, r3, #1
 423 0032 1360     		str	r3, [r2]
 424 0034 9DF80330 		ldrb	r3, [sp, #3]	@ zero_extendqisi2
 425 0038 5B00     		lsls	r3, r3, #1
 426 003a DBB2     		uxtb	r3, r3
 427 003c 8DF80330 		strb	r3, [sp, #3]
 428              	.L38:
 429 0040 9DF80330 		ldrb	r3, [sp, #3]	@ zero_extendqisi2
 430 0044 13F0800F 		tst	r3, #128
 431 0048 F0D1     		bne	.L39
 432 004a 1B4B     		ldr	r3, .L43+8
 433 004c 1B68     		ldr	r3, [r3]
 434 004e 032B     		cmp	r3, #3
 435 0050 08D0     		beq	.L40
 436              		.syntax unified
 437              	@ 197 "Middlewares/Third_Party/FreeRTOS/Source/portable/GCC/ARM_CM3/portmacro.h" 1
 438 0052 4FF05003 			mov r3, #80												
 439 0056 83F31188 		msr basepri, r3											
 440 005a BFF36F8F 		isb														
 441 005e BFF34F8F 		dsb														
 442              	
 443              	@ 0 "" 2
 444              		.thumb
 445              		.syntax unified
 446              	.L41:
 447 0062 FEE7     		b	.L41
 448              	.L40:
 449 0064 1B02     		lsls	r3, r3, #8
 450 0066 144A     		ldr	r2, .L43+8
 451 0068 1360     		str	r3, [r2]
 452 006a 03F4E063 		and	r3, r3, #1792
 453 006e 1360     		str	r3, [r2]
 454 0070 019B     		ldr	r3, [sp, #4]
 455 0072 DBB2     		uxtb	r3, r3
 456 0074 0E4A     		ldr	r2, .L43
 457 0076 1370     		strb	r3, [r2]
 458 0078 4FF0E023 		mov	r3, #-536813568
 459 007c D3F8202D 		ldr	r2, [r3, #3360]
 460 0080 42F47002 		orr	r2, r2, #15728640
 461 0084 C3F8202D 		str	r2, [r3, #3360]
 462 0088 D3F8202D 		ldr	r2, [r3, #3360]
 463 008c 42F07042 		orr	r2, r2, #-268435456
 464 0090 C3F8202D 		str	r2, [r3, #3360]
 465 0094 FFF7FEFF 		bl	vPortSetupTimerInterrupt
 466 0098 0024     		movs	r4, #0
 467 009a 084B     		ldr	r3, .L43+12
 468 009c 1C60     		str	r4, [r3]
 469 009e FFF7FEFF 		bl	prvPortStartFirstTask
 470 00a2 FFF7FEFF 		bl	vTaskSwitchContext
 471 00a6 FFF7FEFF 		bl	prvTaskExitError
 472 00aa 2046     		mov	r0, r4
 473 00ac 02B0     		add	sp, sp, #8
 474              		@ sp needed
 475 00ae 10BD     		pop	{r4, pc}
 476              	.L44:
 477              		.align	2
ARM GAS  C:\Users\datpt\AppData\Local\Temp\ccg0Uqhe.s 			page 9


 478              	.L43:
 479 00b0 00E400E0 		.word	-536812544
 480 00b4 00000000 		.word	ucMaxSysCallPriority
 481 00b8 00000000 		.word	ulMaxPRIGROUPValue
 482 00bc 00000000 		.word	uxCriticalNesting
 484              		.section	.text.vPortValidateInterruptPriority,"ax",%progbits
 485              		.align	1
 486              		.global	vPortValidateInterruptPriority
 487              		.syntax unified
 488              		.thumb
 489              		.thumb_func
 491              	vPortValidateInterruptPriority:
 492              		@ args = 0, pretend = 0, frame = 0
 493              		@ frame_needed = 0, uses_anonymous_args = 0
 494              		@ link register save eliminated.
 495              		.syntax unified
 496              	@ 646 "Middlewares/Third_Party/FreeRTOS/Source/portable/GCC/ARM_CM3/port.c" 1
 497 0000 EFF30583 		mrs r3, ipsr
 498              	@ 0 "" 2
 499              		.thumb
 500              		.syntax unified
 501 0004 0F2B     		cmp	r3, #15
 502 0006 0FD9     		bls	.L46
 503 0008 114A     		ldr	r2, .L50
 504 000a 9B5C     		ldrb	r3, [r3, r2]	@ zero_extendqisi2
 505 000c DBB2     		uxtb	r3, r3
 506 000e 114A     		ldr	r2, .L50+4
 507 0010 1278     		ldrb	r2, [r2]	@ zero_extendqisi2
 508 0012 9A42     		cmp	r2, r3
 509 0014 08D9     		bls	.L46
 510              		.syntax unified
 511              	@ 197 "Middlewares/Third_Party/FreeRTOS/Source/portable/GCC/ARM_CM3/portmacro.h" 1
 512 0016 4FF05003 			mov r3, #80												
 513 001a 83F31188 		msr basepri, r3											
 514 001e BFF36F8F 		isb														
 515 0022 BFF34F8F 		dsb														
 516              	
 517              	@ 0 "" 2
 518              		.thumb
 519              		.syntax unified
 520              	.L47:
 521 0026 FEE7     		b	.L47
 522              	.L46:
 523 0028 4FF0E023 		mov	r3, #-536813568
 524 002c D3F80C3D 		ldr	r3, [r3, #3340]
 525 0030 03F4E063 		and	r3, r3, #1792
 526 0034 084A     		ldr	r2, .L50+8
 527 0036 1268     		ldr	r2, [r2]
 528 0038 9342     		cmp	r3, r2
 529 003a 08D9     		bls	.L45
 530              		.syntax unified
 531              	@ 197 "Middlewares/Third_Party/FreeRTOS/Source/portable/GCC/ARM_CM3/portmacro.h" 1
 532 003c 4FF05003 			mov r3, #80												
 533 0040 83F31188 		msr basepri, r3											
 534 0044 BFF36F8F 		isb														
 535 0048 BFF34F8F 		dsb														
 536              	
ARM GAS  C:\Users\datpt\AppData\Local\Temp\ccg0Uqhe.s 			page 10


 537              	@ 0 "" 2
 538              		.thumb
 539              		.syntax unified
 540              	.L49:
 541 004c FEE7     		b	.L49
 542              	.L45:
 543 004e 7047     		bx	lr
 544              	.L51:
 545              		.align	2
 546              	.L50:
 547 0050 F0E300E0 		.word	-536812560
 548 0054 00000000 		.word	ucMaxSysCallPriority
 549 0058 00000000 		.word	ulMaxPRIGROUPValue
 551              		.section	.bss.ulMaxPRIGROUPValue,"aw",%nobits
 552              		.align	2
 555              	ulMaxPRIGROUPValue:
 556 0000 00000000 		.space	4
 557              		.section	.bss.ucMaxSysCallPriority,"aw",%nobits
 560              	ucMaxSysCallPriority:
 561 0000 00       		.space	1
 562              		.section	.data.uxCriticalNesting,"aw"
 563              		.align	2
 566              	uxCriticalNesting:
 567 0000 AAAAAAAA 		.word	-1431655766
 568              		.ident	"GCC: (GNU Tools for STM32 13.3.rel1.20240926-1715) 13.3.1 20240614"
ARM GAS  C:\Users\datpt\AppData\Local\Temp\ccg0Uqhe.s 			page 11


DEFINED SYMBOLS
                            *ABS*:00000000 port.c
C:\Users\datpt\AppData\Local\Temp\ccg0Uqhe.s:16     .text.prvTaskExitError:00000000 $t
C:\Users\datpt\AppData\Local\Temp\ccg0Uqhe.s:21     .text.prvTaskExitError:00000000 prvTaskExitError
C:\Users\datpt\AppData\Local\Temp\ccg0Uqhe.s:65     .text.prvTaskExitError:0000003c $d
C:\Users\datpt\AppData\Local\Temp\ccg0Uqhe.s:566    .data.uxCriticalNesting:00000000 uxCriticalNesting
C:\Users\datpt\AppData\Local\Temp\ccg0Uqhe.s:68     .text.prvPortStartFirstTask:00000000 $t
C:\Users\datpt\AppData\Local\Temp\ccg0Uqhe.s:73     .text.prvPortStartFirstTask:00000000 prvPortStartFirstTask
C:\Users\datpt\AppData\Local\Temp\ccg0Uqhe.s:95     .text.pxPortInitialiseStack:00000000 $t
C:\Users\datpt\AppData\Local\Temp\ccg0Uqhe.s:101    .text.pxPortInitialiseStack:00000000 pxPortInitialiseStack
C:\Users\datpt\AppData\Local\Temp\ccg0Uqhe.s:117    .text.pxPortInitialiseStack:00000020 $d
C:\Users\datpt\AppData\Local\Temp\ccg0Uqhe.s:120    .text.SVC_Handler:00000000 $t
C:\Users\datpt\AppData\Local\Temp\ccg0Uqhe.s:126    .text.SVC_Handler:00000000 SVC_Handler
C:\Users\datpt\AppData\Local\Temp\ccg0Uqhe.s:144    .text.SVC_Handler:00000020 pxCurrentTCBConst2
C:\Users\datpt\AppData\Local\Temp\ccg0Uqhe.s:144    .text.SVC_Handler:00000020 $d
C:\Users\datpt\AppData\Local\Temp\ccg0Uqhe.s:151    .text.vPortEndScheduler:00000000 $t
C:\Users\datpt\AppData\Local\Temp\ccg0Uqhe.s:157    .text.vPortEndScheduler:00000000 vPortEndScheduler
C:\Users\datpt\AppData\Local\Temp\ccg0Uqhe.s:182    .text.vPortEndScheduler:00000020 $d
C:\Users\datpt\AppData\Local\Temp\ccg0Uqhe.s:185    .text.vPortEnterCritical:00000000 $t
C:\Users\datpt\AppData\Local\Temp\ccg0Uqhe.s:191    .text.vPortEnterCritical:00000000 vPortEnterCritical
C:\Users\datpt\AppData\Local\Temp\ccg0Uqhe.s:233    .text.vPortEnterCritical:00000040 $d
C:\Users\datpt\AppData\Local\Temp\ccg0Uqhe.s:236    .text.vPortExitCritical:00000000 $t
C:\Users\datpt\AppData\Local\Temp\ccg0Uqhe.s:242    .text.vPortExitCritical:00000000 vPortExitCritical
C:\Users\datpt\AppData\Local\Temp\ccg0Uqhe.s:277    .text.vPortExitCritical:00000028 $d
C:\Users\datpt\AppData\Local\Temp\ccg0Uqhe.s:280    .text.PendSV_Handler:00000000 $t
C:\Users\datpt\AppData\Local\Temp\ccg0Uqhe.s:286    .text.PendSV_Handler:00000000 PendSV_Handler
C:\Users\datpt\AppData\Local\Temp\ccg0Uqhe.s:317    .text.PendSV_Handler:00000040 pxCurrentTCBConst
C:\Users\datpt\AppData\Local\Temp\ccg0Uqhe.s:317    .text.PendSV_Handler:00000040 $d
C:\Users\datpt\AppData\Local\Temp\ccg0Uqhe.s:324    .text.SysTick_Handler:00000000 $t
C:\Users\datpt\AppData\Local\Temp\ccg0Uqhe.s:330    .text.SysTick_Handler:00000000 SysTick_Handler
C:\Users\datpt\AppData\Local\Temp\ccg0Uqhe.s:360    .text.vPortSetupTimerInterrupt:00000000 $t
C:\Users\datpt\AppData\Local\Temp\ccg0Uqhe.s:366    .text.vPortSetupTimerInterrupt:00000000 vPortSetupTimerInterrupt
C:\Users\datpt\AppData\Local\Temp\ccg0Uqhe.s:387    .text.vPortSetupTimerInterrupt:00000020 $d
C:\Users\datpt\AppData\Local\Temp\ccg0Uqhe.s:391    .text.xPortStartScheduler:00000000 $t
C:\Users\datpt\AppData\Local\Temp\ccg0Uqhe.s:397    .text.xPortStartScheduler:00000000 xPortStartScheduler
C:\Users\datpt\AppData\Local\Temp\ccg0Uqhe.s:479    .text.xPortStartScheduler:000000b0 $d
C:\Users\datpt\AppData\Local\Temp\ccg0Uqhe.s:560    .bss.ucMaxSysCallPriority:00000000 ucMaxSysCallPriority
C:\Users\datpt\AppData\Local\Temp\ccg0Uqhe.s:555    .bss.ulMaxPRIGROUPValue:00000000 ulMaxPRIGROUPValue
C:\Users\datpt\AppData\Local\Temp\ccg0Uqhe.s:485    .text.vPortValidateInterruptPriority:00000000 $t
C:\Users\datpt\AppData\Local\Temp\ccg0Uqhe.s:491    .text.vPortValidateInterruptPriority:00000000 vPortValidateInterruptPriority
C:\Users\datpt\AppData\Local\Temp\ccg0Uqhe.s:547    .text.vPortValidateInterruptPriority:00000050 $d
C:\Users\datpt\AppData\Local\Temp\ccg0Uqhe.s:552    .bss.ulMaxPRIGROUPValue:00000000 $d
C:\Users\datpt\AppData\Local\Temp\ccg0Uqhe.s:561    .bss.ucMaxSysCallPriority:00000000 $d
C:\Users\datpt\AppData\Local\Temp\ccg0Uqhe.s:563    .data.uxCriticalNesting:00000000 $d
C:\Users\datpt\AppData\Local\Temp\ccg0Uqhe.s:94     .text.prvPortStartFirstTask:0000001a $d
C:\Users\datpt\AppData\Local\Temp\ccg0Uqhe.s:568    .text.prvPortStartFirstTask:0000001c $d

UNDEFINED SYMBOLS
pxCurrentTCB
vTaskSwitchContext
xTaskIncrementTick
SystemCoreClock
