ARM GAS  C:\Users\datpt\AppData\Local\Temp\cctE9onk.s 			page 1


   1              		.cpu cortex-m3
   2              		.arch armv7-m
   3              		.fpu softvfp
   4              		.eabi_attribute 20, 1
   5              		.eabi_attribute 21, 1
   6              		.eabi_attribute 23, 3
   7              		.eabi_attribute 24, 1
   8              		.eabi_attribute 25, 1
   9              		.eabi_attribute 26, 1
  10              		.eabi_attribute 30, 1
  11              		.eabi_attribute 34, 1
  12              		.eabi_attribute 18, 4
  13              		.file	"stm32f1xx_hal_msp.c"
  14              		.text
  15              		.section	.text.HAL_MspInit,"ax",%progbits
  16              		.align	1
  17              		.global	HAL_MspInit
  18              		.syntax unified
  19              		.thumb
  20              		.thumb_func
  22              	HAL_MspInit:
  23              		@ args = 0, pretend = 0, frame = 8
  24              		@ frame_needed = 0, uses_anonymous_args = 0
  25 0000 00B5     		push	{lr}
  26 0002 83B0     		sub	sp, sp, #12
  27 0004 114B     		ldr	r3, .L3
  28 0006 9A69     		ldr	r2, [r3, #24]
  29 0008 42F00102 		orr	r2, r2, #1
  30 000c 9A61     		str	r2, [r3, #24]
  31 000e 9A69     		ldr	r2, [r3, #24]
  32 0010 02F00102 		and	r2, r2, #1
  33 0014 0092     		str	r2, [sp]
  34 0016 009A     		ldr	r2, [sp]
  35 0018 DA69     		ldr	r2, [r3, #28]
  36 001a 42F08052 		orr	r2, r2, #268435456
  37 001e DA61     		str	r2, [r3, #28]
  38 0020 DB69     		ldr	r3, [r3, #28]
  39 0022 03F08053 		and	r3, r3, #268435456
  40 0026 0193     		str	r3, [sp, #4]
  41 0028 019B     		ldr	r3, [sp, #4]
  42 002a 0022     		movs	r2, #0
  43 002c 0F21     		movs	r1, #15
  44 002e 6FF00100 		mvn	r0, #1
  45 0032 FFF7FEFF 		bl	HAL_NVIC_SetPriority
  46 0036 064A     		ldr	r2, .L3+4
  47 0038 5368     		ldr	r3, [r2, #4]
  48 003a 23F0E063 		bic	r3, r3, #117440512
  49 003e 43F00073 		orr	r3, r3, #33554432
  50 0042 5360     		str	r3, [r2, #4]
  51 0044 03B0     		add	sp, sp, #12
  52              		@ sp needed
  53 0046 5DF804FB 		ldr	pc, [sp], #4
  54              	.L4:
  55 004a 00BF     		.align	2
  56              	.L3:
  57 004c 00100240 		.word	1073876992
  58 0050 00000140 		.word	1073807360
ARM GAS  C:\Users\datpt\AppData\Local\Temp\cctE9onk.s 			page 2


  60              		.ident	"GCC: (GNU Tools for STM32 13.3.rel1.20240926-1715) 13.3.1 20240614"
ARM GAS  C:\Users\datpt\AppData\Local\Temp\cctE9onk.s 			page 3


DEFINED SYMBOLS
                            *ABS*:00000000 stm32f1xx_hal_msp.c
C:\Users\datpt\AppData\Local\Temp\cctE9onk.s:16     .text.HAL_MspInit:00000000 $t
C:\Users\datpt\AppData\Local\Temp\cctE9onk.s:22     .text.HAL_MspInit:00000000 HAL_MspInit
C:\Users\datpt\AppData\Local\Temp\cctE9onk.s:57     .text.HAL_MspInit:0000004c $d

UNDEFINED SYMBOLS
HAL_NVIC_SetPriority
